{"meta": {"format": 3, "version": "7.13.4", "timestamp": "2026-03-02T13:50:04.358602", "branch_coverage": true, "show_contexts": false}, "files": {"src/app/__init__.py": {"executed_lines": [3, 4, 5, 6, 11, 12, 13, 15], "summary": {"covered_lines": 8, "num_statements": 8, "percent_covered": 100.0, "percent_covered_display": "100.00", "missing_lines": 0, "excluded_lines": 0, "percent_statements_covered": 100.0, "percent_statements_covered_display": "100.00", "num_branches": 0, "num_partial_branches": 0, "covered_branches": 0, "missing_branches": 0, "percent_branches_covered": 100.0, "percent_branches_covered_display": "100.00"}, "missing_lines": [], "excluded_lines": [], "executed_branches": [], "missing_branches": [], "functions": {"": {"executed_lines": [3, 4, 5, 6, 11, 12, 13, 15], "summary": {"covered_lines": 8, "num_statements": 8, "percent_covered": 100.0, "percent_covered_display": "100.00", "missing_lines": 0, "excluded_lines": 0, "percent_statements_covered": 100.0, "percent_statements_covered_display": "100.00", "num_branches": 0, "num_partial_branches": 0, "covered_branches": 0, "missing_branches": 0, "percent_branches_covered": 100.0, "percent_branches_covered_display": "100.00"}, "missing_lines": [], "excluded_lines": [], "start_line": 1, "executed_branches": [], "missing_branches": []}}, "classes": {"": {"executed_lines": [3, 4, 5, 6, 11, 12, 13, 15], "summary": {"covered_lines": 8, "num_statements": 8, "percent_covered": 100.0, "percent_covered_display": "100.00", "missing_lines": 0, "excluded_lines": 0, "percent_statements_covered": 100.0, "percent_statements_covered_display": "100.00", "num_branches": 0, "num_partial_branches": 0, "covered_branches": 0, "missing_branches": 0, "percent_branches_covered": 100.0, "percent_branches_covered_display": "100.00"}, "missing_lines": [], "excluded_lines": [], "start_line": 1, "executed_branches": [], "missing_branches": []}}}, "src/app/app_config_provider.py": {"executed_lines": [1, 3, 4, 9, 12, 14, 17, 29, 65, 69, 73, 74, 84], "summary": {"covered_lines": 13, "num_statements": 40, "percent_covered": 25.0, "percent_covered_display": "25.00", "missing_lines": 27, "excluded_lines": 22, "percent_statements_covered": 32.5, "percent_statements_covered_display": "32.50", "num_branches": 12, "num_partial_branches": 0, "covered_branches": 0, "missing_branches": 12, "percent_branches_covered": 0.0, "percent_branches_covered_display": "0.00"}, "missing_lines": [15, 19, 20, 21, 22, 23, 24, 26, 27, 31, 32, 33, 35, 36, 37, 38, 39, 40, 41, 42, 43, 67, 71, 80, 81, 82, 86], "excluded_lines": [5, 6, 7, 45, 46, 47, 48, 49, 50, 51, 52, 53, 54, 55, 56, 57, 58, 59, 60, 61, 62, 63], "executed_branches": [], "missing_branches": [[20, 21], [20, 22], [23, 24], [23, 26], [32, 33], [32, 35], [36, 37], [36, 39], [39, 40], [39, 42], [80, 81], [80, 82]], "functions": {"AppConfigProvider.__init__": {"executed_lines": [], "summary": {"covered_lines": 0, "num_statements": 1, "percent_covered": 0.0, "percent_covered_display": "0.00", "missing_lines": 1, "excluded_lines": 0, "percent_statements_covered": 0.0, "percent_statements_covered_display": "0.00", "num_branches": 0, "num_partial_branches": 0, "covered_branches": 0, "missing_branches": 0, "percent_branches_covered": 100.0, "percent_branches_covered_display": "100.00"}, "missing_lines": [15], "excluded_lines": [], "start_line": 14, "executed_branches": [], "missing_branches": []}, "AppConfigProvider.get_auth_config": {"executed_lines": [], "summary": {"covered_lines": 0, "num_statements": 8, "percent_covered": 0.0, "percent_covered_display": "0.00", "missing_lines": 8, "excluded_lines": 0, "percent_statements_covered": 0.0, "percent_statements_covered_display": "0.00", "num_branches": 4, "num_partial_branches": 0, "covered_branches": 0, "missing_branches": 4, "percent_branches_covered": 0.0, "percent_branches_covered_display": "0.00"}, "missing_lines": [19, 20, 21, 22, 23, 24, 26, 27], "excluded_lines": [], "start_line": 17, "executed_branches": [], "missing_branches": [[20, 21], [20, 22], [23, 24], [23, 26]]}, "AppConfigProvider.get_fast_mcp_auth_provider": {"executed_lines": [], "summary": {"covered_lines": 0, "num_statements": 12, "percent_covered": 0.0, "percent_covered_display": "0.00", "missing_lines": 12, "excluded_lines": 0, "percent_statements_covered": 0.0, "percent_statements_covered_display": "0.00", "num_branches": 6, "num_partial_branches": 0, "covered_branches": 0, "missing_branches": 6, "percent_branches_covered": 0.0, "percent_branches_covered_display": "0.00"}, "missing_lines": [31, 32, 33, 35, 36, 37, 38, 39, 40, 41, 42, 43], "excluded_lines": [], "start_line": 29, "executed_branches": [], "missing_branches": [[32, 33], [32, 35], [36, 37], [36, 39], [39, 40], [39, 42]]}, "AppConfigProvider.get_client_auth_handler": {"executed_lines": [], "summary": {"covered_lines": 0, "num_statements": 0, "percent_covered": 100.0, "percent_covered_display": "100.00", "missing_lines": 0, "excluded_lines": 18, "percent_statements_covered": 100.0, "percent_statements_covered_display": "100.00", "num_branches": 0, "num_partial_branches": 0, "covered_branches": 0, "missing_branches": 0, "percent_branches_covered": 100.0, "percent_branches_covered_display": "100.00"}, "missing_lines": [], "excluded_lines": [46, 47, 48, 49, 50, 51, 52, 53, 54, 55, 56, 57, 58, 59, 60, 61, 62, 63], "start_line": 45, "executed_branches": [], "missing_branches": []}, "AppConfigProvider.get_mcp_configs": {"executed_lines": [], "summary": {"covered_lines": 0, "num_statements": 1, "percent_covered": 0.0, "percent_covered_display": "0.00", "missing_lines": 1, "excluded_lines": 0, "percent_statements_covered": 0.0, "percent_statements_covered_display": "0.00", "num_branches": 0, "num_partial_branches": 0, "covered_branches": 0, "missing_branches": 0, "percent_branches_covered": 100.0, "percent_branches_covered_display": "100.00"}, "missing_lines": [67], "excluded_lines": [], "start_line": 65, "executed_branches": [], "missing_branches": []}, "AppConfigProvider.get_llm_configs": {"executed_lines": [], "summary": {"covered_lines": 0, "num_statements": 1, "percent_covered": 0.0, "percent_covered_display": "0.00", "missing_lines": 1, "excluded_lines": 0, "percent_statements_covered": 0.0, "percent_statements_covered_display": "0.00", "num_branches": 0, "num_partial_branches": 0, "covered_branches": 0, "missing_branches": 0, "percent_branches_covered": 100.0, "percent_branches_covered_display": "100.00"}, "missing_lines": [71], "excluded_lines": [], "start_line": 69, "executed_branches": [], "missing_branches": []}, "AppConfigProvider.get_instance": {"executed_lines": [], "summary": {"covered_lines": 0, "num_statements": 3, "percent_covered": 0.0, "percent_covered_display": "0.00", "missing_lines": 3, "excluded_lines": 0, "percent_statements_covered": 0.0, "percent_statements_covered_display": "0.00", "num_branches": 2, "num_partial_branches": 0, "covered_branches": 0, "missing_branches": 2, "percent_branches_covered": 0.0, "percent_branches_covered_display": "0.00"}, "missing_lines": [80, 81, 82], "excluded_lines": [], "start_line": 74, "executed_branches": [], "missing_branches": [[80, 81], [80, 82]]}, "get_provider": {"executed_lines": [], "summary": {"covered_lines": 0, "num_statements": 1, "percent_covered": 0.0, "percent_covered_display": "0.00", "missing_lines": 1, "excluded_lines": 0, "percent_statements_covered": 0.0, "percent_statements_covered_display": "0.00", "num_branches": 0, "num_partial_branches": 0, "covered_branches": 0, "missing_branches": 0, "percent_branches_covered": 100.0, "percent_branches_covered_display": "100.00"}, "missing_lines": [86], "excluded_lines": [], "start_line": 84, "executed_branches": [], "missing_branches": []}, "": {"executed_lines": [1, 3, 4, 9, 12, 14, 17, 29, 65, 69, 73, 74, 84], "summary": {"covered_lines": 13, "num_statements": 13, "percent_covered": 100.0, "percent_covered_display": "100.00", "missing_lines": 0, "excluded_lines": 4, "percent_statements_covered": 100.0, "percent_statements_covered_display": "100.00", "num_branches": 0, "num_partial_branches": 0, "covered_branches": 0, "missing_branches": 0, "percent_branches_covered": 100.0, "percent_branches_covered_display": "100.00"}, "missing_lines": [], "excluded_lines": [5, 6, 7, 45], "start_line": 1, "executed_branches": [], "missing_branches": []}}, "classes": {"AppConfigProvider": {"executed_lines": [], "summary": {"covered_lines": 0, "num_statements": 26, "percent_covered": 0.0, "percent_covered_display": "0.00", "missing_lines": 26, "excluded_lines": 18, "percent_statements_covered": 0.0, "percent_statements_covered_display": "0.00", "num_branches": 12, "num_partial_branches": 0, "covered_branches": 0, "missing_branches": 12, "percent_branches_covered": 0.0, "percent_branches_covered_display": "0.00"}, "missing_lines": [15, 19, 20, 21, 22, 23, 24, 26, 27, 31, 32, 33, 35, 36, 37, 38, 39, 40, 41, 42, 43, 67, 71, 80, 81, 82], "excluded_lines": [46, 47, 48, 49, 50, 51, 52, 53, 54, 55, 56, 57, 58, 59, 60, 61, 62, 63], "start_line": 9, "executed_branches": [], "missing_branches": [[20, 21], [20, 22], [23, 24], [23, 26], [32, 33], [32, 35], [36, 37], [36, 39], [39, 40], [39, 42], [80, 81], [80, 82]]}, "": {"executed_lines": [1, 3, 4, 9, 12, 14, 17, 29, 65, 69, 73, 74, 84], "summary": {"covered_lines": 13, "num_statements": 14, "percent_covered": 92.85714285714286, "percent_covered_display": "92.86", "missing_lines": 1, "excluded_lines": 4, "percent_statements_covered": 92.85714285714286, "percent_statements_covered_display": "92.86", "num_branches": 0, "num_partial_branches": 0, "covered_branches": 0, "missing_branches": 0, "percent_branches_covered": 100.0, "percent_branches_covered_display": "100.00"}, "missing_lines": [86], "excluded_lines": [5, 6, 7, 45], "start_line": 1, "executed_branches": [], "missing_branches": []}}}, "src/app/cache_provider.py": {"executed_lines": [1, 2, 3, 4, 5, 6, 8, 9, 11, 14, 15, 16, 19, 25, 33, 34, 36, 37, 40, 58, 86, 97, 100, 101, 103, 104, 107, 108, 109, 110, 111, 112, 114, 115, 116, 118, 119, 122, 123, 125, 126, 129, 130, 134, 135, 137, 138, 139, 141, 142, 144, 145, 147, 148, 150, 151], "summary": {"covered_lines": 56, "num_statements": 78, "percent_covered": 70.2127659574468, "percent_covered_display": "70.21", "missing_lines": 22, "excluded_lines": 0, "percent_statements_covered": 71.7948717948718, "percent_statements_covered_display": "71.79", "num_branches": 16, "num_partial_branches": 0, "covered_branches": 10, "missing_branches": 6, "percent_branches_covered": 62.5, "percent_branches_covered_display": "62.50"}, "missing_lines": [38, 49, 50, 53, 54, 56, 68, 70, 71, 72, 73, 74, 75, 76, 77, 78, 80, 81, 83, 84, 93, 94], "excluded_lines": [], "executed_branches": [[107, 108], [107, 114], [114, 115], [114, 118], [125, 126], [125, 129], [129, 130], [129, 134], [144, 145], [144, 147]], "missing_branches": [[70, 71], [70, 80], [73, 74], [73, 77], [80, 81], [80, 83]], "functions": {"TTLAsyncKeyValue.__init__": {"executed_lines": [33, 34], "summary": {"covered_lines": 2, "num_statements": 2, "percent_covered": 100.0, "percent_covered_display": "100.00", "missing_lines": 0, "excluded_lines": 0, "percent_statements_covered": 100.0, "percent_statements_covered_display": "100.00", "num_branches": 0, "num_partial_branches": 0, "covered_branches": 0, "missing_branches": 0, "percent_branches_covered": 100.0, "percent_branches_covered_display": "100.00"}, "missing_lines": [], "excluded_lines": [], "start_line": 25, "executed_branches": [], "missing_branches": []}, "TTLAsyncKeyValue._is_cache_entry": {"executed_lines": [], "summary": {"covered_lines": 0, "num_statements": 1, "percent_covered": 0.0, "percent_covered_display": "0.00", "missing_lines": 1, "excluded_lines": 0, "percent_statements_covered": 0.0, "percent_statements_covered_display": "0.00", "num_branches": 0, "num_partial_branches": 0, "covered_branches": 0, "missing_branches": 0, "percent_branches_covered": 100.0, "percent_branches_covered_display": "100.00"}, "missing_lines": [38], "excluded_lines": [], "start_line": 37, "executed_branches": [], "missing_branches": []}, "TTLAsyncKeyValue.set": {"executed_lines": [], "summary": {"covered_lines": 0, "num_statements": 5, "percent_covered": 0.0, "percent_covered_display": "0.00", "missing_lines": 5, "excluded_lines": 0, "percent_statements_covered": 0.0, "percent_statements_covered_display": "0.00", "num_branches": 0, "num_partial_branches": 0, "covered_branches": 0, "missing_branches": 0, "percent_branches_covered": 100.0, "percent_branches_covered_display": "100.00"}, "missing_lines": [49, 50, 53, 54, 56], "excluded_lines": [], "start_line": 40, "executed_branches": [], "missing_branches": []}, "TTLAsyncKeyValue.get": {"executed_lines": [], "summary": {"covered_lines": 0, "num_statements": 14, "percent_covered": 0.0, "percent_covered_display": "0.00", "missing_lines": 14, "excluded_lines": 0, "percent_statements_covered": 0.0, "percent_statements_covered_display": "0.00", "num_branches": 6, "num_partial_branches": 0, "covered_branches": 0, "missing_branches": 6, "percent_branches_covered": 0.0, "percent_branches_covered_display": "0.00"}, "missing_lines": [68, 70, 71, 72, 73, 74, 75, 76, 77, 78, 80, 81, 83, 84], "excluded_lines": [], "start_line": 58, "executed_branches": [], "missing_branches": [[70, 71], [70, 80], [73, 74], [73, 77], [80, 81], [80, 83]]}, "TTLAsyncKeyValue.delete": {"executed_lines": [], "summary": {"covered_lines": 0, "num_statements": 2, "percent_covered": 0.0, "percent_covered_display": "0.00", "missing_lines": 2, "excluded_lines": 0, "percent_statements_covered": 0.0, "percent_statements_covered_display": "0.00", "num_branches": 0, "num_partial_branches": 0, "covered_branches": 0, "missing_branches": 0, "percent_branches_covered": 100.0, "percent_branches_covered_display": "100.00"}, "missing_lines": [93, 94], "excluded_lines": [], "start_line": 86, "executed_branches": [], "missing_branches": []}, "CacheProvider._create_key_value_store": {"executed_lines": [107, 108, 109, 110, 111, 112, 114, 115, 116, 118, 119], "summary": {"covered_lines": 11, "num_statements": 11, "percent_covered": 100.0, "percent_covered_display": "100.00", "missing_lines": 0, "excluded_lines": 0, "percent_statements_covered": 100.0, "percent_statements_covered_display": "100.00", "num_branches": 4, "num_partial_branches": 0, "covered_branches": 4, "missing_branches": 0, "percent_branches_covered": 100.0, "percent_branches_covered_display": "100.00"}, "missing_lines": [], "excluded_lines": [], "start_line": 104, "executed_branches": [[107, 108], [107, 114], [114, 115], [114, 118]], "missing_branches": []}, "CacheProvider.get_oauth_store": {"executed_lines": [125, 126, 129, 130, 134, 135, 137, 138, 139], "summary": {"covered_lines": 9, "num_statements": 9, "percent_covered": 100.0, "percent_covered_display": "100.00", "missing_lines": 0, "excluded_lines": 0, "percent_statements_covered": 100.0, "percent_statements_covered_display": "100.00", "num_branches": 4, "num_partial_branches": 0, "covered_branches": 4, "missing_branches": 0, "percent_branches_covered": 100.0, "percent_branches_covered_display": "100.00"}, "missing_lines": [], "excluded_lines": [], "start_line": 123, "executed_branches": [[125, 126], [125, 129], [129, 130], [129, 134]], "missing_branches": []}, "CacheProvider.get_cache_store": {"executed_lines": [144, 145, 147, 148, 150, 151], "summary": {"covered_lines": 6, "num_statements": 6, "percent_covered": 100.0, "percent_covered_display": "100.00", "missing_lines": 0, "excluded_lines": 0, "percent_statements_covered": 100.0, "percent_statements_covered_display": "100.00", "num_branches": 2, "num_partial_branches": 0, "covered_branches": 2, "missing_branches": 0, "percent_branches_covered": 100.0, "percent_branches_covered_display": "100.00"}, "missing_lines": [], "excluded_lines": [], "start_line": 142, "executed_branches": [[144, 145], [144, 147]], "missing_branches": []}, "": {"executed_lines": [1, 2, 3, 4, 5, 6, 8, 9, 11, 14, 15, 16, 19, 25, 36, 37, 40, 58, 86, 97, 100, 101, 103, 104, 122, 123, 141, 142], "summary": {"covered_lines": 28, "num_statements": 28, "percent_covered": 100.0, "percent_covered_display": "100.00", "missing_lines": 0, "excluded_lines": 0, "percent_statements_covered": 100.0, "percent_statements_covered_display": "100.00", "num_branches": 0, "num_partial_branches": 0, "covered_branches": 0, "missing_branches": 0, "percent_branches_covered": 100.0, "percent_branches_covered_display": "100.00"}, "missing_lines": [], "excluded_lines": [], "start_line": 1, "executed_branches": [], "missing_branches": []}}, "classes": {"CacheEntry": {"executed_lines": [], "summary": {"covered_lines": 0, "num_statements": 0, "percent_covered": 100.0, "percent_covered_display": "100.00", "missing_lines": 0, "excluded_lines": 0, "percent_statements_covered": 100.0, "percent_statements_covered_display": "100.00", "num_branches": 0, "num_partial_branches": 0, "covered_branches": 0, "missing_branches": 0, "percent_branches_covered": 100.0, "percent_branches_covered_display": "100.00"}, "missing_lines": [], "excluded_lines": [], "start_line": 14, "executed_branches": [], "missing_branches": []}, "TTLAsyncKeyValue": {"executed_lines": [33, 34], "summary": {"covered_lines": 2, "num_statements": 24, "percent_covered": 6.666666666666667, "percent_covered_display": "6.67", "missing_lines": 22, "excluded_lines": 0, "percent_statements_covered": 8.333333333333334, "percent_statements_covered_display": "8.33", "num_branches": 6, "num_partial_branches": 0, "covered_branches": 0, "missing_branches": 6, "percent_branches_covered": 0.0, "percent_branches_covered_display": "0.00"}, "missing_lines": [38, 49, 50, 53, 54, 56, 68, 70, 71, 72, 73, 74, 75, 76, 77, 78, 80, 81, 83, 84, 93, 94], "excluded_lines": [], "start_line": 19, "executed_branches": [], "missing_branches": [[70, 71], [70, 80], [73, 74], [73, 77], [80, 81], [80, 83]]}, "CacheProvider": {"executed_lines": [107, 108, 109, 110, 111, 112, 114, 115, 116, 118, 119, 125, 126, 129, 130, 134, 135, 137, 138, 139, 144, 145, 147, 148, 150, 151], "summary": {"covered_lines": 26, "num_statements": 26, "percent_covered": 100.0, "percent_covered_display": "100.00", "missing_lines": 0, "excluded_lines": 0, "percent_statements_covered": 100.0, "percent_statements_covered_display": "100.00", "num_branches": 10, "num_partial_branches": 0, "covered_branches": 10, "missing_branches": 0, "percent_branches_covered": 100.0, "percent_branches_covered_display": "100.00"}, "missing_lines": [], "excluded_lines": [], "start_line": 97, "executed_branches": [[107, 108], [107, 114], [114, 115], [114, 118], [125, 126], [125, 129], [129, 130], [129, 134], [144, 145], [144, 147]], "missing_branches": []}, "": {"executed_lines": [1, 2, 3, 4, 5, 6, 8, 9, 11, 14, 15, 16, 19, 25, 36, 37, 40, 58, 86, 97, 100, 101, 103, 104, 122, 123, 141, 142], "summary": {"covered_lines": 28, "num_statements": 28, "percent_covered": 100.0, "percent_covered_display": "100.00", "missing_lines": 0, "excluded_lines": 0, "percent_statements_covered": 100.0, "percent_statements_covered_display": "100.00", "num_branches": 0, "num_partial_branches": 0, "covered_branches": 0, "missing_branches": 0, "percent_branches_covered": 100.0, "percent_branches_covered_display": "100.00"}, "missing_lines": [], "excluded_lines": [], "start_line": 1, "executed_branches": [], "missing_branches": []}}}, "src/app/lifespan.py": {"executed_lines": [5, 6, 8, 10, 11, 13, 16, 28, 30, 32, 33, 44, 45, 47, 48, 62, 63, 65, 66, 68, 83, 87, 88, 91, 92, 94, 102], "summary": {"covered_lines": 27, "num_statements": 48, "percent_covered": 53.44827586206897, "percent_covered_display": "53.45", "missing_lines": 21, "excluded_lines": 0, "percent_statements_covered": 56.25, "percent_statements_covered_display": "56.25", "num_branches": 10, "num_partial_branches": 4, "covered_branches": 4, "missing_branches": 6, "percent_branches_covered": 40.0, "percent_branches_covered_display": "40.00"}, "missing_lines": [69, 70, 71, 72, 74, 75, 76, 77, 78, 79, 80, 81, 84, 85, 95, 96, 97, 98, 99, 100, 103], "excluded_lines": [], "executed_branches": [[68, 83], [83, 87], [94, 102], [102, -47]], "missing_branches": [[68, 69], [70, 71], [70, 74], [83, 84], [94, 95], [102, 103]], "functions": {"AppLifespanManager.__init__": {"executed_lines": [30], "summary": {"covered_lines": 1, "num_statements": 1, "percent_covered": 100.0, "percent_covered_display": "100.00", "missing_lines": 0, "excluded_lines": 0, "percent_statements_covered": 100.0, "percent_statements_covered_display": "100.00", "num_branches": 0, "num_partial_branches": 0, "covered_branches": 0, "missing_branches": 0, "percent_branches_covered": 100.0, "percent_branches_covered_display": "100.00"}, "missing_lines": [], "excluded_lines": [], "start_line": 28, "executed_branches": [], "missing_branches": []}, "AppLifespanManager.lifespans": {"executed_lines": [44, 45], "summary": {"covered_lines": 2, "num_statements": 2, "percent_covered": 100.0, "percent_covered_display": "100.00", "missing_lines": 0, "excluded_lines": 0, "percent_statements_covered": 100.0, "percent_statements_covered_display": "100.00", "num_branches": 0, "num_partial_branches": 0, "covered_branches": 0, "missing_branches": 0, "percent_branches_covered": 100.0, "percent_branches_covered_display": "100.00"}, "missing_lines": [], "excluded_lines": [], "start_line": 33, "executed_branches": [], "missing_branches": []}, "AppLifespanManager._create_app_lifespans": {"executed_lines": [62, 63, 65, 66, 68, 83, 87, 88, 91, 92, 94, 102], "summary": {"covered_lines": 12, "num_statements": 33, "percent_covered": 37.2093023255814, "percent_covered_display": "37.21", "missing_lines": 21, "excluded_lines": 0, "percent_statements_covered": 36.36363636363637, "percent_statements_covered_display": "36.36", "num_branches": 10, "num_partial_branches": 4, "covered_branches": 4, "missing_branches": 6, "percent_branches_covered": 40.0, "percent_branches_covered_display": "40.00"}, "missing_lines": [69, 70, 71, 72, 74, 75, 76, 77, 78, 79, 80, 81, 84, 85, 95, 96, 97, 98, 99, 100, 103], "excluded_lines": [], "start_line": 48, "executed_branches": [[68, 83], [83, 87], [94, 102], [102, -47]], "missing_branches": [[68, 69], [70, 71], [70, 74], [83, 84], [94, 95], [102, 103]]}, "": {"executed_lines": [5, 6, 8, 10, 11, 13, 16, 28, 32, 33, 47, 48], "summary": {"covered_lines": 12, "num_statements": 12, "percent_covered": 100.0, "percent_covered_display": "100.00", "missing_lines": 0, "excluded_lines": 0, "percent_statements_covered": 100.0, "percent_statements_covered_display": "100.00", "num_branches": 0, "num_partial_branches": 0, "covered_branches": 0, "missing_branches": 0, "percent_branches_covered": 100.0, "percent_branches_covered_display": "100.00"}, "missing_lines": [], "excluded_lines": [], "start_line": 1, "executed_branches": [], "missing_branches": []}}, "classes": {"AppLifespanManager": {"executed_lines": [30, 44, 45, 62, 63, 65, 66, 68, 83, 87, 88, 91, 92, 94, 102], "summary": {"covered_lines": 15, "num_statements": 36, "percent_covered": 41.30434782608695, "percent_covered_display": "41.30", "missing_lines": 21, "excluded_lines": 0, "percent_statements_covered": 41.666666666666664, "percent_statements_covered_display": "41.67", "num_branches": 10, "num_partial_branches": 4, "covered_branches": 4, "missing_branches": 6, "percent_branches_covered": 40.0, "percent_branches_covered_display": "40.00"}, "missing_lines": [69, 70, 71, 72, 74, 75, 76, 77, 78, 79, 80, 81, 84, 85, 95, 96, 97, 98, 99, 100, 103], "excluded_lines": [], "start_line": 16, "executed_branches": [[68, 83], [83, 87], [94, 102], [102, -47]], "missing_branches": [[68, 69], [70, 71], [70, 74], [83, 84], [94, 95], [102, 103]]}, "": {"executed_lines": [5, 6, 8, 10, 11, 13, 16, 28, 32, 33, 47, 48], "summary": {"covered_lines": 12, "num_statements": 12, "percent_covered": 100.0, "percent_covered_display": "100.00", "missing_lines": 0, "excluded_lines": 0, "percent_statements_covered": 100.0, "percent_statements_covered_display": "100.00", "num_branches": 0, "num_partial_branches": 0, "covered_branches": 0, "missing_branches": 0, "percent_branches_covered": 100.0, "percent_branches_covered_display": "100.00"}, "missing_lines": [], "excluded_lines": [], "start_line": 1, "executed_branches": [], "missing_branches": []}}}, "src/app/middleware_provider.py": {"executed_lines": [1, 2, 3, 5, 6, 7, 8, 9, 10, 12, 14, 27, 30, 45, 48, 57, 89, 90, 102, 103, 104, 105, 108, 110, 113, 114, 115, 118, 128, 133, 142, 149, 152, 154, 155, 157], "summary": {"covered_lines": 36, "num_statements": 77, "percent_covered": 42.2680412371134, "percent_covered_display": "42.27", "missing_lines": 41, "excluded_lines": 0, "percent_statements_covered": 46.753246753246756, "percent_statements_covered_display": "46.75", "num_branches": 20, "num_partial_branches": 1, "covered_branches": 5, "missing_branches": 15, "percent_branches_covered": 25.0, "percent_branches_covered_display": "25.00"}, "missing_lines": [32, 33, 35, 36, 37, 42, 49, 50, 51, 52, 53, 54, 55, 58, 59, 61, 62, 63, 64, 66, 67, 68, 69, 70, 71, 73, 74, 75, 81, 87, 91, 92, 93, 94, 95, 97, 98, 100, 130, 135, 153], "excluded_lines": [], "executed_branches": [[103, 104], [103, 105], [152, 154], [154, 155], [154, 157]], "missing_branches": [[32, 33], [32, 35], [36, 37], [36, 42], [58, 59], [58, 61], [73, 74], [73, 81], [92, 93], [92, 97], [94, 95], [94, 97], [97, 98], [97, 100], [152, 153]], "functions": {"AuthHeaderMiddleware.dispatch": {"executed_lines": [], "summary": {"covered_lines": 0, "num_statements": 6, "percent_covered": 0.0, "percent_covered_display": "0.00", "missing_lines": 6, "excluded_lines": 0, "percent_statements_covered": 0.0, "percent_statements_covered_display": "0.00", "num_branches": 4, "num_partial_branches": 0, "covered_branches": 0, "missing_branches": 4, "percent_branches_covered": 0.0, "percent_branches_covered_display": "0.00"}, "missing_lines": [32, 33, 35, 36, 37, 42], "excluded_lines": [], "start_line": 30, "executed_branches": [], "missing_branches": [[32, 33], [32, 35], [36, 37], [36, 42]]}, "RateLimitMiddleware.__init__": {"executed_lines": [], "summary": {"covered_lines": 0, "num_statements": 7, "percent_covered": 0.0, "percent_covered_display": "0.00", "missing_lines": 7, "excluded_lines": 0, "percent_statements_covered": 0.0, "percent_statements_covered_display": "0.00", "num_branches": 0, "num_partial_branches": 0, "covered_branches": 0, "missing_branches": 0, "percent_branches_covered": 100.0, "percent_branches_covered_display": "100.00"}, "missing_lines": [49, 50, 51, 52, 53, 54, 55], "excluded_lines": [], "start_line": 48, "executed_branches": [], "missing_branches": []}, "RateLimitMiddleware.dispatch": {"executed_lines": [], "summary": {"covered_lines": 0, "num_statements": 17, "percent_covered": 0.0, "percent_covered_display": "0.00", "missing_lines": 17, "excluded_lines": 0, "percent_statements_covered": 0.0, "percent_statements_covered_display": "0.00", "num_branches": 4, "num_partial_branches": 0, "covered_branches": 0, "missing_branches": 4, "percent_branches_covered": 0.0, "percent_branches_covered_display": "0.00"}, "missing_lines": [58, 59, 61, 62, 63, 64, 66, 67, 68, 69, 70, 71, 73, 74, 75, 81, 87], "excluded_lines": [], "start_line": 57, "executed_branches": [], "missing_branches": [[58, 59], [58, 61], [73, 74], [73, 81]]}, "RateLimitMiddleware._get_client_ip": {"executed_lines": [], "summary": {"covered_lines": 0, "num_statements": 8, "percent_covered": 0.0, "percent_covered_display": "0.00", "missing_lines": 8, "excluded_lines": 0, "percent_statements_covered": 0.0, "percent_statements_covered_display": "0.00", "num_branches": 6, "num_partial_branches": 0, "covered_branches": 0, "missing_branches": 6, "percent_branches_covered": 0.0, "percent_branches_covered_display": "0.00"}, "missing_lines": [91, 92, 93, 94, 95, 97, 98, 100], "excluded_lines": [], "start_line": 90, "executed_branches": [], "missing_branches": [[92, 93], [92, 97], [94, 95], [94, 97], [97, 98], [97, 100]]}, "_parse_csv": {"executed_lines": [103, 104, 105], "summary": {"covered_lines": 3, "num_statements": 3, "percent_covered": 100.0, "percent_covered_display": "100.00", "missing_lines": 0, "excluded_lines": 0, "percent_statements_covered": 100.0, "percent_statements_covered_display": "100.00", "num_branches": 2, "num_partial_branches": 0, "covered_branches": 2, "missing_branches": 0, "percent_branches_covered": 100.0, "percent_branches_covered_display": "100.00"}, "missing_lines": [], "excluded_lines": [], "start_line": 102, "executed_branches": [[103, 104], [103, 105]], "missing_branches": []}, "_create_cros_middleware": {"executed_lines": [110, 113, 114, 115, 118], "summary": {"covered_lines": 5, "num_statements": 5, "percent_covered": 100.0, "percent_covered_display": "100.00", "missing_lines": 0, "excluded_lines": 0, "percent_statements_covered": 100.0, "percent_statements_covered_display": "100.00", "num_branches": 0, "num_partial_branches": 0, "covered_branches": 0, "missing_branches": 0, "percent_branches_covered": 100.0, "percent_branches_covered_display": "100.00"}, "missing_lines": [], "excluded_lines": [], "start_line": 108, "executed_branches": [], "missing_branches": []}, "_create_auth_header_middleware": {"executed_lines": [], "summary": {"covered_lines": 0, "num_statements": 1, "percent_covered": 0.0, "percent_covered_display": "0.00", "missing_lines": 1, "excluded_lines": 0, "percent_statements_covered": 0.0, "percent_statements_covered_display": "0.00", "num_branches": 0, "num_partial_branches": 0, "covered_branches": 0, "missing_branches": 0, "percent_branches_covered": 100.0, "percent_branches_covered_display": "100.00"}, "missing_lines": [130], "excluded_lines": [], "start_line": 128, "executed_branches": [], "missing_branches": []}, "_create_rate_limit_middleware": {"executed_lines": [], "summary": {"covered_lines": 0, "num_statements": 1, "percent_covered": 0.0, "percent_covered_display": "0.00", "missing_lines": 1, "excluded_lines": 0, "percent_statements_covered": 0.0, "percent_statements_covered_display": "0.00", "num_branches": 0, "num_partial_branches": 0, "covered_branches": 0, "missing_branches": 0, "percent_branches_covered": 100.0, "percent_branches_covered_display": "100.00"}, "missing_lines": [135], "excluded_lines": [], "start_line": 133, "executed_branches": [], "missing_branches": []}, "get_middlewares": {"executed_lines": [149, 152, 154, 155, 157], "summary": {"covered_lines": 5, "num_statements": 6, "percent_covered": 80.0, "percent_covered_display": "80.00", "missing_lines": 1, "excluded_lines": 0, "percent_statements_covered": 83.33333333333333, "percent_statements_covered_display": "83.33", "num_branches": 4, "num_partial_branches": 1, "covered_branches": 3, "missing_branches": 1, "percent_branches_covered": 75.0, "percent_branches_covered_display": "75.00"}, "missing_lines": [153], "excluded_lines": [], "start_line": 142, "executed_branches": [[152, 154], [154, 155], [154, 157]], "missing_branches": [[152, 153]]}, "": {"executed_lines": [1, 2, 3, 5, 6, 7, 8, 9, 10, 12, 14, 27, 30, 45, 48, 57, 89, 90, 102, 108, 128, 133, 142], "summary": {"covered_lines": 23, "num_statements": 23, "percent_covered": 100.0, "percent_covered_display": "100.00", "missing_lines": 0, "excluded_lines": 0, "percent_statements_covered": 100.0, "percent_statements_covered_display": "100.00", "num_branches": 0, "num_partial_branches": 0, "covered_branches": 0, "missing_branches": 0, "percent_branches_covered": 100.0, "percent_branches_covered_display": "100.00"}, "missing_lines": [], "excluded_lines": [], "start_line": 1, "executed_branches": [], "missing_branches": []}}, "classes": {"AuthHeaderMiddleware": {"executed_lines": [], "summary": {"covered_lines": 0, "num_statements": 6, "percent_covered": 0.0, "percent_covered_display": "0.00", "missing_lines": 6, "excluded_lines": 0, "percent_statements_covered": 0.0, "percent_statements_covered_display": "0.00", "num_branches": 4, "num_partial_branches": 0, "covered_branches": 0, "missing_branches": 4, "percent_branches_covered": 0.0, "percent_branches_covered_display": "0.00"}, "missing_lines": [32, 33, 35, 36, 37, 42], "excluded_lines": [], "start_line": 27, "executed_branches": [], "missing_branches": [[32, 33], [32, 35], [36, 37], [36, 42]]}, "RateLimitMiddleware": {"executed_lines": [], "summary": {"covered_lines": 0, "num_statements": 32, "percent_covered": 0.0, "percent_covered_display": "0.00", "missing_lines": 32, "excluded_lines": 0, "percent_statements_covered": 0.0, "percent_statements_covered_display": "0.00", "num_branches": 10, "num_partial_branches": 0, "covered_branches": 0, "missing_branches": 10, "percent_branches_covered": 0.0, "percent_branches_covered_display": "0.00"}, "missing_lines": [49, 50, 51, 52, 53, 54, 55, 58, 59, 61, 62, 63, 64, 66, 67, 68, 69, 70, 71, 73, 74, 75, 81, 87, 91, 92, 93, 94, 95, 97, 98, 100], "excluded_lines": [], "start_line": 45, "executed_branches": [], "missing_branches": [[58, 59], [58, 61], [73, 74], [73, 81], [92, 93], [92, 97], [94, 95], [94, 97], [97, 98], [97, 100]]}, "": {"executed_lines": [1, 2, 3, 5, 6, 7, 8, 9, 10, 12, 14, 27, 30, 45, 48, 57, 89, 90, 102, 103, 104, 105, 108, 110, 113, 114, 115, 118, 128, 133, 142, 149, 152, 154, 155, 157], "summary": {"covered_lines": 36, "num_statements": 39, "percent_covered": 91.11111111111111, "percent_covered_display": "91.11", "missing_lines": 3, "excluded_lines": 0, "percent_statements_covered": 92.3076923076923, "percent_statements_covered_display": "92.31", "num_branches": 6, "num_partial_branches": 1, "covered_branches": 5, "missing_branches": 1, "percent_branches_covered": 83.33333333333333, "percent_branches_covered_display": "83.33"}, "missing_lines": [130, 135, 153], "excluded_lines": [], "start_line": 1, "executed_branches": [[103, 104], [103, 105], [152, 154], [154, 155], [154, 157]], "missing_branches": [[152, 153]]}}}, "src/app/server.py": {"executed_lines": [27, 28, 29, 30, 31, 32, 33, 42, 49, 52, 64, 66, 67, 68, 73, 101, 104, 107, 108, 111, 114, 115, 117, 120, 121, 122, 124, 125, 127, 128, 129, 138, 149, 157, 158, 159, 160, 161, 162, 163, 168, 187, 188, 189, 191, 192, 193, 194, 196, 197, 198, 200, 201, 206, 208], "summary": {"covered_lines": 55, "num_statements": 60, "percent_covered": 91.66666666666667, "percent_covered_display": "91.67", "missing_lines": 5, "excluded_lines": 2, "percent_statements_covered": 91.66666666666667, "percent_statements_covered_display": "91.67", "num_branches": 0, "num_partial_branches": 0, "covered_branches": 0, "missing_branches": 0, "percent_branches_covered": 100.0, "percent_branches_covered_display": "100.00"}, "missing_lines": [131, 132, 133, 218, 219], "excluded_lines": [44, 45], "executed_branches": [], "missing_branches": [], "functions": {"MCPProxyServer.__init__": {"executed_lines": [66, 67, 68], "summary": {"covered_lines": 3, "num_statements": 3, "percent_covered": 100.0, "percent_covered_display": "100.00", "missing_lines": 0, "excluded_lines": 0, "percent_statements_covered": 100.0, "percent_statements_covered_display": "100.00", "num_branches": 0, "num_partial_branches": 0, "covered_branches": 0, "missing_branches": 0, "percent_branches_covered": 100.0, "percent_branches_covered_display": "100.00"}, "missing_lines": [], "excluded_lines": [], "start_line": 64, "executed_branches": [], "missing_branches": []}, "MCPProxyServer._async_start_server": {"executed_lines": [101, 104, 107, 108, 111, 114, 115, 117, 120, 121, 122, 124, 125, 127, 128, 129], "summary": {"covered_lines": 16, "num_statements": 19, "percent_covered": 84.21052631578948, "percent_covered_display": "84.21", "missing_lines": 3, "excluded_lines": 0, "percent_statements_covered": 84.21052631578948, "percent_statements_covered_display": "84.21", "num_branches": 0, "num_partial_branches": 0, "covered_branches": 0, "missing_branches": 0, "percent_branches_covered": 100.0, "percent_branches_covered_display": "100.00"}, "missing_lines": [131, 132, 133], "excluded_lines": [], "start_line": 73, "executed_branches": [], "missing_branches": []}, "MCPProxyServer._log_startup_configuration": {"executed_lines": [149, 157, 158, 159, 160, 161, 162, 163], "summary": {"covered_lines": 8, "num_statements": 8, "percent_covered": 100.0, "percent_covered_display": "100.00", "missing_lines": 0, "excluded_lines": 0, "percent_statements_covered": 100.0, "percent_statements_covered_display": "100.00", "num_branches": 0, "num_partial_branches": 0, "covered_branches": 0, "missing_branches": 0, "percent_branches_covered": 100.0, "percent_branches_covered_display": "100.00"}, "missing_lines": [], "excluded_lines": [], "start_line": 138, "executed_branches": [], "missing_branches": []}, "MCPProxyServer.async_run": {"executed_lines": [187, 188, 189, 191, 192, 193, 194, 196, 197, 198, 200, 201, 206], "summary": {"covered_lines": 13, "num_statements": 13, "percent_covered": 100.0, "percent_covered_display": "100.00", "missing_lines": 0, "excluded_lines": 0, "percent_statements_covered": 100.0, "percent_statements_covered_display": "100.00", "num_branches": 0, "num_partial_branches": 0, "covered_branches": 0, "missing_branches": 0, "percent_branches_covered": 100.0, "percent_branches_covered_display": "100.00"}, "missing_lines": [], "excluded_lines": [], "start_line": 168, "executed_branches": [], "missing_branches": []}, "MCPProxyServer.run": {"executed_lines": [], "summary": {"covered_lines": 0, "num_statements": 2, "percent_covered": 0.0, "percent_covered_display": "0.00", "missing_lines": 2, "excluded_lines": 0, "percent_statements_covered": 0.0, "percent_statements_covered_display": "0.00", "num_branches": 0, "num_partial_branches": 0, "covered_branches": 0, "missing_branches": 0, "percent_branches_covered": 100.0, "percent_branches_covered_display": "100.00"}, "missing_lines": [218, 219], "excluded_lines": [], "start_line": 208, "executed_branches": [], "missing_branches": []}, "": {"executed_lines": [27, 28, 29, 30, 31, 32, 33, 42, 49, 52, 64, 73, 138, 168, 208], "summary": {"covered_lines": 15, "num_statements": 15, "percent_covered": 100.0, "percent_covered_display": "100.00", "missing_lines": 0, "excluded_lines": 2, "percent_statements_covered": 100.0, "percent_statements_covered_display": "100.00", "num_branches": 0, "num_partial_branches": 0, "covered_branches": 0, "missing_branches": 0, "percent_branches_covered": 100.0, "percent_branches_covered_display": "100.00"}, "missing_lines": [], "excluded_lines": [44, 45], "start_line": 1, "executed_branches": [], "missing_branches": []}}, "classes": {"MCPProxyServer": {"executed_lines": [66, 67, 68, 101, 104, 107, 108, 111, 114, 115, 117, 120, 121, 122, 124, 125, 127, 128, 129, 149, 157, 158, 159, 160, 161, 162, 163, 187, 188, 189, 191, 192, 193, 194, 196, 197, 198, 200, 201, 206], "summary": {"covered_lines": 40, "num_statements": 45, "percent_covered": 88.88888888888889, "percent_covered_display": "88.89", "missing_lines": 5, "excluded_lines": 0, "percent_statements_covered": 88.88888888888889, "percent_statements_covered_display": "88.89", "num_branches": 0, "num_partial_branches": 0, "covered_branches": 0, "missing_branches": 0, "percent_branches_covered": 100.0, "percent_branches_covered_display": "100.00"}, "missing_lines": [131, 132, 133, 218, 219], "excluded_lines": [], "start_line": 52, "executed_branches": [], "missing_branches": []}, "": {"executed_lines": [27, 28, 29, 30, 31, 32, 33, 42, 49, 52, 64, 73, 138, 168, 208], "summary": {"covered_lines": 15, "num_statements": 15, "percent_covered": 100.0, "percent_covered_display": "100.00", "missing_lines": 0, "excluded_lines": 2, "percent_statements_covered": 100.0, "percent_statements_covered_display": "100.00", "num_branches": 0, "num_partial_branches": 0, "covered_branches": 0, "missing_branches": 0, "percent_branches_covered": 100.0, "percent_branches_covered_display": "100.00"}, "missing_lines": [], "excluded_lines": [44, 45], "start_line": 1, "executed_branches": [], "missing_branches": []}}}, "src/app/starlette_app.py": {"executed_lines": [8, 9, 11, 12, 13, 14, 15, 16, 17, 18, 19, 25, 27, 56, 73, 74, 76, 77, 78, 79, 80, 82, 84, 94, 96, 107, 116, 117, 118, 119, 121, 136, 138, 139, 141, 149, 151, 164, 166, 167, 169, 174, 178, 184, 185, 186, 188, 189, 192, 195, 196, 198], "summary": {"covered_lines": 52, "num_statements": 54, "percent_covered": 95.3125, "percent_covered_display": "95.31", "missing_lines": 2, "excluded_lines": 3, "percent_statements_covered": 96.29629629629629, "percent_statements_covered_display": "96.30", "num_branches": 10, "num_partial_branches": 1, "covered_branches": 9, "missing_branches": 1, "percent_branches_covered": 90.0, "percent_branches_covered_display": "90.00"}, "missing_lines": [104, 105], "excluded_lines": [21, 22, 23], "executed_branches": [[138, -121], [138, 139], [166, -151], [166, 167], [184, 185], [184, 188], [188, 189], [188, 192], [195, 196]], "missing_branches": [[195, 198]], "functions": {"StarletteApp.__init__": {"executed_lines": [73, 74, 76, 77, 78, 79, 80, 82], "summary": {"covered_lines": 8, "num_statements": 8, "percent_covered": 100.0, "percent_covered_display": "100.00", "missing_lines": 0, "excluded_lines": 0, "percent_statements_covered": 100.0, "percent_statements_covered_display": "100.00", "num_branches": 0, "num_partial_branches": 0, "covered_branches": 0, "missing_branches": 0, "percent_branches_covered": 100.0, "percent_branches_covered_display": "100.00"}, "missing_lines": [], "excluded_lines": [], "start_line": 56, "executed_branches": [], "missing_branches": []}, "StarletteApp._health_check_handler": {"executed_lines": [94], "summary": {"covered_lines": 1, "num_statements": 1, "percent_covered": 100.0, "percent_covered_display": "100.00", "missing_lines": 0, "excluded_lines": 0, "percent_statements_covered": 100.0, "percent_statements_covered_display": "100.00", "num_branches": 0, "num_partial_branches": 0, "covered_branches": 0, "missing_branches": 0, "percent_branches_covered": 100.0, "percent_branches_covered_display": "100.00"}, "missing_lines": [], "excluded_lines": [], "start_line": 84, "executed_branches": [], "missing_branches": []}, "StarletteApp._exception_handler": {"executed_lines": [], "summary": {"covered_lines": 0, "num_statements": 2, "percent_covered": 0.0, "percent_covered_display": "0.00", "missing_lines": 2, "excluded_lines": 0, "percent_statements_covered": 0.0, "percent_statements_covered_display": "0.00", "num_branches": 0, "num_partial_branches": 0, "covered_branches": 0, "missing_branches": 0, "percent_branches_covered": 100.0, "percent_branches_covered_display": "100.00"}, "missing_lines": [104, 105], "excluded_lines": [], "start_line": 96, "executed_branches": [], "missing_branches": []}, "StarletteApp.add_mcp_service": {"executed_lines": [116, 117, 118, 119], "summary": {"covered_lines": 4, "num_statements": 4, "percent_covered": 100.0, "percent_covered_display": "100.00", "missing_lines": 0, "excluded_lines": 0, "percent_statements_covered": 100.0, "percent_statements_covered_display": "100.00", "num_branches": 0, "num_partial_branches": 0, "covered_branches": 0, "missing_branches": 0, "percent_branches_covered": 100.0, "percent_branches_covered_display": "100.00"}, "missing_lines": [], "excluded_lines": [], "start_line": 107, "executed_branches": [], "missing_branches": []}, "StarletteApp.add_mcp_services": {"executed_lines": [136, 138, 139], "summary": {"covered_lines": 3, "num_statements": 3, "percent_covered": 100.0, "percent_covered_display": "100.00", "missing_lines": 0, "excluded_lines": 0, "percent_statements_covered": 100.0, "percent_statements_covered_display": "100.00", "num_branches": 2, "num_partial_branches": 0, "covered_branches": 2, "missing_branches": 0, "percent_branches_covered": 100.0, "percent_branches_covered_display": "100.00"}, "missing_lines": [], "excluded_lines": [], "start_line": 121, "executed_branches": [[138, -121], [138, 139]], "missing_branches": []}, "StarletteApp._add_llm_service": {"executed_lines": [149], "summary": {"covered_lines": 1, "num_statements": 1, "percent_covered": 100.0, "percent_covered_display": "100.00", "missing_lines": 0, "excluded_lines": 0, "percent_statements_covered": 100.0, "percent_statements_covered_display": "100.00", "num_branches": 0, "num_partial_branches": 0, "covered_branches": 0, "missing_branches": 0, "percent_branches_covered": 100.0, "percent_branches_covered_display": "100.00"}, "missing_lines": [], "excluded_lines": [], "start_line": 141, "executed_branches": [], "missing_branches": []}, "StarletteApp.add_llm_services": {"executed_lines": [164, 166, 167], "summary": {"covered_lines": 3, "num_statements": 3, "percent_covered": 100.0, "percent_covered_display": "100.00", "missing_lines": 0, "excluded_lines": 0, "percent_statements_covered": 100.0, "percent_statements_covered_display": "100.00", "num_branches": 2, "num_partial_branches": 0, "covered_branches": 2, "missing_branches": 0, "percent_branches_covered": 100.0, "percent_branches_covered_display": "100.00"}, "missing_lines": [], "excluded_lines": [], "start_line": 151, "executed_branches": [[166, -151], [166, 167]], "missing_branches": []}, "StarletteApp.build": {"executed_lines": [174, 178, 184, 185, 186, 188, 189, 192, 195, 196, 198], "summary": {"covered_lines": 11, "num_statements": 11, "percent_covered": 94.11764705882354, "percent_covered_display": "94.12", "missing_lines": 0, "excluded_lines": 0, "percent_statements_covered": 100.0, "percent_statements_covered_display": "100.00", "num_branches": 6, "num_partial_branches": 1, "covered_branches": 5, "missing_branches": 1, "percent_branches_covered": 83.33333333333333, "percent_branches_covered_display": "83.33"}, "missing_lines": [], "excluded_lines": [], "start_line": 169, "executed_branches": [[184, 185], [184, 188], [188, 189], [188, 192], [195, 196]], "missing_branches": [[195, 198]]}, "": {"executed_lines": [8, 9, 11, 12, 13, 14, 15, 16, 17, 18, 19, 25, 27, 56, 84, 96, 107, 121, 141, 151, 169], "summary": {"covered_lines": 21, "num_statements": 21, "percent_covered": 100.0, "percent_covered_display": "100.00", "missing_lines": 0, "excluded_lines": 3, "percent_statements_covered": 100.0, "percent_statements_covered_display": "100.00", "num_branches": 0, "num_partial_branches": 0, "covered_branches": 0, "missing_branches": 0, "percent_branches_covered": 100.0, "percent_branches_covered_display": "100.00"}, "missing_lines": [], "excluded_lines": [21, 22, 23], "start_line": 1, "executed_branches": [], "missing_branches": []}}, "classes": {"StarletteApp": {"executed_lines": [73, 74, 76, 77, 78, 79, 80, 82, 94, 116, 117, 118, 119, 136, 138, 139, 149, 164, 166, 167, 174, 178, 184, 185, 186, 188, 189, 192, 195, 196, 198], "summary": {"covered_lines": 31, "num_statements": 33, "percent_covered": 93.02325581395348, "percent_covered_display": "93.02", "missing_lines": 2, "excluded_lines": 0, "percent_statements_covered": 93.93939393939394, "percent_statements_covered_display": "93.94", "num_branches": 10, "num_partial_branches": 1, "covered_branches": 9, "missing_branches": 1, "percent_branches_covered": 90.0, "percent_branches_covered_display": "90.00"}, "missing_lines": [104, 105], "excluded_lines": [], "start_line": 27, "executed_branches": [[138, -121], [138, 139], [166, -151], [166, 167], [184, 185], [184, 188], [188, 189], [188, 192], [195, 196]], "missing_branches": [[195, 198]]}, "": {"executed_lines": [8, 9, 11, 12, 13, 14, 15, 16, 17, 18, 19, 25, 27, 56, 84, 96, 107, 121, 141, 151, 169], "summary": {"covered_lines": 21, "num_statements": 21, "percent_covered": 100.0, "percent_covered_display": "100.00", "missing_lines": 0, "excluded_lines": 3, "percent_statements_covered": 100.0, "percent_statements_covered_display": "100.00", "num_branches": 0, "num_partial_branches": 0, "covered_branches": 0, "missing_branches": 0, "percent_branches_covered": 100.0, "percent_branches_covered_display": "100.00"}, "missing_lines": [], "excluded_lines": [21, 22, 23], "start_line": 1, "executed_branches": [], "missing_branches": []}}}, "src/app/swagger_provider.py": {"executed_lines": [8, 10, 11, 12, 13, 15, 21, 24, 32, 39, 40, 44, 63, 64, 67, 73, 80, 82, 94, 97, 100, 101, 103, 123, 126, 133, 142, 144, 170, 196, 222, 245, 271, 307, 346, 354, 714, 765, 773, 838, 846, 877, 885, 983, 993, 1008], "summary": {"covered_lines": 46, "num_statements": 47, "percent_covered": 96.36363636363636, "percent_covered_display": "96.36", "missing_lines": 1, "excluded_lines": 4, "percent_statements_covered": 97.87234042553192, "percent_statements_covered_display": "97.87", "num_branches": 8, "num_partial_branches": 1, "covered_branches": 7, "missing_branches": 1, "percent_branches_covered": 87.5, "percent_branches_covered_display": "87.50"}, "missing_lines": [98], "excluded_lines": [17, 18, 19, 722], "executed_branches": [[97, 100], [100, 101], [100, 123], [101, 100], [101, 103], [142, -133], [142, 144]], "missing_branches": [[97, 98]], "functions": {"SwaggerProvider.__init__": {"executed_lines": [39, 40], "summary": {"covered_lines": 2, "num_statements": 2, "percent_covered": 100.0, "percent_covered_display": "100.00", "missing_lines": 0, "excluded_lines": 0, "percent_statements_covered": 100.0, "percent_statements_covered_display": "100.00", "num_branches": 0, "num_partial_branches": 0, "covered_branches": 0, "missing_branches": 0, "percent_branches_covered": 100.0, "percent_branches_covered_display": "100.00"}, "missing_lines": [], "excluded_lines": [], "start_line": 32, "executed_branches": [], "missing_branches": []}, "SwaggerProvider.mount": {"executed_lines": [63, 64, 67, 73, 80], "summary": {"covered_lines": 5, "num_statements": 5, "percent_covered": 100.0, "percent_covered_display": "100.00", "missing_lines": 0, "excluded_lines": 0, "percent_statements_covered": 100.0, "percent_statements_covered_display": "100.00", "num_branches": 0, "num_partial_branches": 0, "covered_branches": 0, "missing_branches": 0, "percent_branches_covered": 100.0, "percent_branches_covered_display": "100.00"}, "missing_lines": [], "excluded_lines": [], "start_line": 44, "executed_branches": [], "missing_branches": []}, "SwaggerProvider._openapi_schema": {"executed_lines": [94, 97, 100, 101, 103, 123, 126], "summary": {"covered_lines": 7, "num_statements": 8, "percent_covered": 85.71428571428571, "percent_covered_display": "85.71", "missing_lines": 1, "excluded_lines": 0, "percent_statements_covered": 87.5, "percent_statements_covered_display": "87.50", "num_branches": 6, "num_partial_branches": 1, "covered_branches": 5, "missing_branches": 1, "percent_branches_covered": 83.33333333333333, "percent_branches_covered_display": "83.33"}, "missing_lines": [98], "excluded_lines": [], "start_line": 82, "executed_branches": [[97, 100], [100, 101], [100, 123], [101, 100], [101, 103]], "missing_branches": [[97, 98]]}, "SwaggerProvider._add_llm_endpoints_to_schema": {"executed_lines": [142, 144, 170, 196, 222, 245, 271, 307], "summary": {"covered_lines": 8, "num_statements": 8, "percent_covered": 100.0, "percent_covered_display": "100.00", "missing_lines": 0, "excluded_lines": 0, "percent_statements_covered": 100.0, "percent_statements_covered_display": "100.00", "num_branches": 2, "num_partial_branches": 0, "covered_branches": 2, "missing_branches": 0, "percent_branches_covered": 100.0, "percent_branches_covered_display": "100.00"}, "missing_lines": [], "excluded_lines": [], "start_line": 133, "executed_branches": [[142, -133], [142, 144]], "missing_branches": []}, "SwaggerProvider._chat_completions_schema": {"executed_lines": [354], "summary": {"covered_lines": 1, "num_statements": 1, "percent_covered": 100.0, "percent_covered_display": "100.00", "missing_lines": 0, "excluded_lines": 0, "percent_statements_covered": 100.0, "percent_statements_covered_display": "100.00", "num_branches": 0, "num_partial_branches": 0, "covered_branches": 0, "missing_branches": 0, "percent_branches_covered": 100.0, "percent_branches_covered_display": "100.00"}, "missing_lines": [], "excluded_lines": [], "start_line": 346, "executed_branches": [], "missing_branches": []}, "SwaggerProvider._embeddings_schema": {"executed_lines": [], "summary": {"covered_lines": 0, "num_statements": 0, "percent_covered": 100.0, "percent_covered_display": "100.00", "missing_lines": 0, "excluded_lines": 1, "percent_statements_covered": 100.0, "percent_statements_covered_display": "100.00", "num_branches": 0, "num_partial_branches": 0, "covered_branches": 0, "missing_branches": 0, "percent_branches_covered": 100.0, "percent_branches_covered_display": "100.00"}, "missing_lines": [], "excluded_lines": [722], "start_line": 714, "executed_branches": [], "missing_branches": []}, "SwaggerProvider._audio_transcriptions_schema": {"executed_lines": [773], "summary": {"covered_lines": 1, "num_statements": 1, "percent_covered": 100.0, "percent_covered_display": "100.00", "missing_lines": 0, "excluded_lines": 0, "percent_statements_covered": 100.0, "percent_statements_covered_display": "100.00", "num_branches": 0, "num_partial_branches": 0, "covered_branches": 0, "missing_branches": 0, "percent_branches_covered": 100.0, "percent_branches_covered_display": "100.00"}, "missing_lines": [], "excluded_lines": [], "start_line": 765, "executed_branches": [], "missing_branches": []}, "SwaggerProvider._audio_translations_schema": {"executed_lines": [846], "summary": {"covered_lines": 1, "num_statements": 1, "percent_covered": 100.0, "percent_covered_display": "100.00", "missing_lines": 0, "excluded_lines": 0, "percent_statements_covered": 100.0, "percent_statements_covered_display": "100.00", "num_branches": 0, "num_partial_branches": 0, "covered_branches": 0, "missing_branches": 0, "percent_branches_covered": 100.0, "percent_branches_covered_display": "100.00"}, "missing_lines": [], "excluded_lines": [], "start_line": 838, "executed_branches": [], "missing_branches": []}, "SwaggerProvider._image_generations_schema": {"executed_lines": [885], "summary": {"covered_lines": 1, "num_statements": 1, "percent_covered": 100.0, "percent_covered_display": "100.00", "missing_lines": 0, "excluded_lines": 0, "percent_statements_covered": 100.0, "percent_statements_covered_display": "100.00", "num_branches": 0, "num_partial_branches": 0, "covered_branches": 0, "missing_branches": 0, "percent_branches_covered": 100.0, "percent_branches_covered_display": "100.00"}, "missing_lines": [], "excluded_lines": [], "start_line": 877, "executed_branches": [], "missing_branches": []}, "SwaggerProvider._redoc_html": {"executed_lines": [993, 1008], "summary": {"covered_lines": 2, "num_statements": 2, "percent_covered": 100.0, "percent_covered_display": "100.00", "missing_lines": 0, "excluded_lines": 0, "percent_statements_covered": 100.0, "percent_statements_covered_display": "100.00", "num_branches": 0, "num_partial_branches": 0, "covered_branches": 0, "missing_branches": 0, "percent_branches_covered": 100.0, "percent_branches_covered_display": "100.00"}, "missing_lines": [], "excluded_lines": [], "start_line": 983, "executed_branches": [], "missing_branches": []}, "": {"executed_lines": [8, 10, 11, 12, 13, 15, 21, 24, 32, 44, 82, 133, 346, 714, 765, 838, 877, 983], "summary": {"covered_lines": 18, "num_statements": 18, "percent_covered": 100.0, "percent_covered_display": "100.00", "missing_lines": 0, "excluded_lines": 3, "percent_statements_covered": 100.0, "percent_statements_covered_display": "100.00", "num_branches": 0, "num_partial_branches": 0, "covered_branches": 0, "missing_branches": 0, "percent_branches_covered": 100.0, "percent_branches_covered_display": "100.00"}, "missing_lines": [], "excluded_lines": [17, 18, 19], "start_line": 1, "executed_branches": [], "missing_branches": []}}, "classes": {"SwaggerProvider": {"executed_lines": [39, 40, 63, 64, 67, 73, 80, 94, 97, 100, 101, 103, 123, 126, 142, 144, 170, 196, 222, 245, 271, 307, 354, 773, 846, 885, 993, 1008], "summary": {"covered_lines": 28, "num_statements": 29, "percent_covered": 94.5945945945946, "percent_covered_display": "94.59", "missing_lines": 1, "excluded_lines": 1, "percent_statements_covered": 96.55172413793103, "percent_statements_covered_display": "96.55", "num_branches": 8, "num_partial_branches": 1, "covered_branches": 7, "missing_branches": 1, "percent_branches_covered": 87.5, "percent_branches_covered_display": "87.50"}, "missing_lines": [98], "excluded_lines": [722], "start_line": 24, "executed_branches": [[97, 100], [100, 101], [100, 123], [101, 100], [101, 103], [142, -133], [142, 144]], "missing_branches": [[97, 98]]}, "": {"executed_lines": [8, 10, 11, 12, 13, 15, 21, 24, 32, 44, 82, 133, 346, 714, 765, 838, 877, 983], "summary": {"covered_lines": 18, "num_statements": 18, "percent_covered": 100.0, "percent_covered_display": "100.00", "missing_lines": 0, "excluded_lines": 3, "percent_statements_covered": 100.0, "percent_statements_covered_display": "100.00", "num_branches": 0, "num_partial_branches": 0, "covered_branches": 0, "missing_branches": 0, "percent_branches_covered": 100.0, "percent_branches_covered_display": "100.00"}, "missing_lines": [], "excluded_lines": [17, 18, 19], "start_line": 1, "executed_branches": [], "missing_branches": []}}}, "src/auth_providers/__init__.py": {"executed_lines": [4, 7], "summary": {"covered_lines": 2, "num_statements": 2, "percent_covered": 100.0, "percent_covered_display": "100.00", "missing_lines": 0, "excluded_lines": 1, "percent_statements_covered": 100.0, "percent_statements_covered_display": "100.00", "num_branches": 0, "num_partial_branches": 0, "covered_branches": 0, "missing_branches": 0, "percent_branches_covered": 100.0, "percent_branches_covered_display": "100.00"}, "missing_lines": [], "excluded_lines": [5], "executed_branches": [], "missing_branches": [], "functions": {"": {"executed_lines": [4, 7], "summary": {"covered_lines": 2, "num_statements": 2, "percent_covered": 100.0, "percent_covered_display": "100.00", "missing_lines": 0, "excluded_lines": 1, "percent_statements_covered": 100.0, "percent_statements_covered_display": "100.00", "num_branches": 0, "num_partial_branches": 0, "covered_branches": 0, "missing_branches": 0, "percent_branches_covered": 100.0, "percent_branches_covered_display": "100.00"}, "missing_lines": [], "excluded_lines": [5], "start_line": 1, "executed_branches": [], "missing_branches": []}}, "classes": {"": {"executed_lines": [4, 7], "summary": {"covered_lines": 2, "num_statements": 2, "percent_covered": 100.0, "percent_covered_display": "100.00", "missing_lines": 0, "excluded_lines": 1, "percent_statements_covered": 100.0, "percent_statements_covered_display": "100.00", "num_branches": 0, "num_partial_branches": 0, "covered_branches": 0, "missing_branches": 0, "percent_branches_covered": 100.0, "percent_branches_covered_display": "100.00"}, "missing_lines": [], "excluded_lines": [5], "start_line": 1, "executed_branches": [], "missing_branches": []}}}, "src/auth_providers/api_auth_provider.py": {"executed_lines": [1, 2, 3, 4, 7, 10, 11, 15, 16, 18, 27, 29, 40, 41, 42, 45, 52, 53], "summary": {"covered_lines": 18, "num_statements": 18, "percent_covered": 100.0, "percent_covered_display": "100.00", "missing_lines": 0, "excluded_lines": 0, "percent_statements_covered": 100.0, "percent_statements_covered_display": "100.00", "num_branches": 2, "num_partial_branches": 0, "covered_branches": 2, "missing_branches": 0, "percent_branches_covered": 100.0, "percent_branches_covered_display": "100.00"}, "missing_lines": [], "excluded_lines": [], "executed_branches": [[40, 41], [40, 52]], "missing_branches": [], "functions": {"ApiKeyAuthProvider.__init__": {"executed_lines": [11, 15, 16], "summary": {"covered_lines": 3, "num_statements": 3, "percent_covered": 100.0, "percent_covered_display": "100.00", "missing_lines": 0, "excluded_lines": 0, "percent_statements_covered": 100.0, "percent_statements_covered_display": "100.00", "num_branches": 0, "num_partial_branches": 0, "covered_branches": 0, "missing_branches": 0, "percent_branches_covered": 100.0, "percent_branches_covered_display": "100.00"}, "missing_lines": [], "excluded_lines": [], "start_line": 10, "executed_branches": [], "missing_branches": []}, "ApiKeyAuthProvider._hash_token": {"executed_lines": [27], "summary": {"covered_lines": 1, "num_statements": 1, "percent_covered": 100.0, "percent_covered_display": "100.00", "missing_lines": 0, "excluded_lines": 0, "percent_statements_covered": 100.0, "percent_statements_covered_display": "100.00", "num_branches": 0, "num_partial_branches": 0, "covered_branches": 0, "missing_branches": 0, "percent_branches_covered": 100.0, "percent_branches_covered_display": "100.00"}, "missing_lines": [], "excluded_lines": [], "start_line": 18, "executed_branches": [], "missing_branches": []}, "ApiKeyAuthProvider.verify_token": {"executed_lines": [40, 41, 42, 45, 52, 53], "summary": {"covered_lines": 6, "num_statements": 6, "percent_covered": 100.0, "percent_covered_display": "100.00", "missing_lines": 0, "excluded_lines": 0, "percent_statements_covered": 100.0, "percent_statements_covered_display": "100.00", "num_branches": 2, "num_partial_branches": 0, "covered_branches": 2, "missing_branches": 0, "percent_branches_covered": 100.0, "percent_branches_covered_display": "100.00"}, "missing_lines": [], "excluded_lines": [], "start_line": 29, "executed_branches": [[40, 41], [40, 52]], "missing_branches": []}, "": {"executed_lines": [1, 2, 3, 4, 7, 10, 18, 29], "summary": {"covered_lines": 8, "num_statements": 8, "percent_covered": 100.0, "percent_covered_display": "100.00", "missing_lines": 0, "excluded_lines": 0, "percent_statements_covered": 100.0, "percent_statements_covered_display": "100.00", "num_branches": 0, "num_partial_branches": 0, "covered_branches": 0, "missing_branches": 0, "percent_branches_covered": 100.0, "percent_branches_covered_display": "100.00"}, "missing_lines": [], "excluded_lines": [], "start_line": 1, "executed_branches": [], "missing_branches": []}}, "classes": {"ApiKeyAuthProvider": {"executed_lines": [11, 15, 16, 27, 40, 41, 42, 45, 52, 53], "summary": {"covered_lines": 10, "num_statements": 10, "percent_covered": 100.0, "percent_covered_display": "100.00", "missing_lines": 0, "excluded_lines": 0, "percent_statements_covered": 100.0, "percent_statements_covered_display": "100.00", "num_branches": 2, "num_partial_branches": 0, "covered_branches": 2, "missing_branches": 0, "percent_branches_covered": 100.0, "percent_branches_covered_display": "100.00"}, "missing_lines": [], "excluded_lines": [], "start_line": 7, "executed_branches": [[40, 41], [40, 52]], "missing_branches": []}, "": {"executed_lines": [1, 2, 3, 4, 7, 10, 18, 29], "summary": {"covered_lines": 8, "num_statements": 8, "percent_covered": 100.0, "percent_covered_display": "100.00", "missing_lines": 0, "excluded_lines": 0, "percent_statements_covered": 100.0, "percent_statements_covered_display": "100.00", "num_branches": 0, "num_partial_branches": 0, "covered_branches": 0, "missing_branches": 0, "percent_branches_covered": 100.0, "percent_branches_covered_display": "100.00"}, "missing_lines": [], "excluded_lines": [], "start_line": 1, "executed_branches": [], "missing_branches": []}}}, "src/auth_providers/auth_pass_through.py": {"executed_lines": [1, 2, 3, 4, 5, 7, 9, 11, 12, 13, 14, 16, 17, 19, 22, 23, 24, 25, 27, 30, 31, 32, 33], "summary": {"covered_lines": 23, "num_statements": 23, "percent_covered": 100.0, "percent_covered_display": "100.00", "missing_lines": 0, "excluded_lines": 1, "percent_statements_covered": 100.0, "percent_statements_covered_display": "100.00", "num_branches": 6, "num_partial_branches": 0, "covered_branches": 6, "missing_branches": 0, "percent_branches_covered": 100.0, "percent_branches_covered_display": "100.00"}, "missing_lines": [], "excluded_lines": [10], "executed_branches": [[13, 14], [13, 16], [23, 24], [23, 25], [31, 32], [31, 33]], "missing_branches": [], "functions": {"AuthPassThrough._get_token": {"executed_lines": [12, 13, 14, 16, 17], "summary": {"covered_lines": 5, "num_statements": 5, "percent_covered": 100.0, "percent_covered_display": "100.00", "missing_lines": 0, "excluded_lines": 0, "percent_statements_covered": 100.0, "percent_statements_covered_display": "100.00", "num_branches": 2, "num_partial_branches": 0, "covered_branches": 2, "missing_branches": 0, "percent_branches_covered": 100.0, "percent_branches_covered_display": "100.00"}, "missing_lines": [], "excluded_lines": [], "start_line": 11, "executed_branches": [[13, 14], [13, 16]], "missing_branches": []}, "AuthPassThrough.auth_flow": {"executed_lines": [22, 23, 24, 25], "summary": {"covered_lines": 4, "num_statements": 4, "percent_covered": 100.0, "percent_covered_display": "100.00", "missing_lines": 0, "excluded_lines": 0, "percent_statements_covered": 100.0, "percent_statements_covered_display": "100.00", "num_branches": 2, "num_partial_branches": 0, "covered_branches": 2, "missing_branches": 0, "percent_branches_covered": 100.0, "percent_branches_covered_display": "100.00"}, "missing_lines": [], "excluded_lines": [], "start_line": 19, "executed_branches": [[23, 24], [23, 25]], "missing_branches": []}, "AuthPassThrough.async_auth_flow": {"executed_lines": [30, 31, 32, 33], "summary": {"covered_lines": 4, "num_statements": 4, "percent_covered": 100.0, "percent_covered_display": "100.00", "missing_lines": 0, "excluded_lines": 0, "percent_statements_covered": 100.0, "percent_statements_covered_display": "100.00", "num_branches": 2, "num_partial_branches": 0, "covered_branches": 2, "missing_branches": 0, "percent_branches_covered": 100.0, "percent_branches_covered_display": "100.00"}, "missing_lines": [], "excluded_lines": [], "start_line": 27, "executed_branches": [[31, 32], [31, 33]], "missing_branches": []}, "": {"executed_lines": [1, 2, 3, 4, 5, 7, 9, 11, 19, 27], "summary": {"covered_lines": 10, "num_statements": 10, "percent_covered": 100.0, "percent_covered_display": "100.00", "missing_lines": 0, "excluded_lines": 1, "percent_statements_covered": 100.0, "percent_statements_covered_display": "100.00", "num_branches": 0, "num_partial_branches": 0, "covered_branches": 0, "missing_branches": 0, "percent_branches_covered": 100.0, "percent_branches_covered_display": "100.00"}, "missing_lines": [], "excluded_lines": [10], "start_line": 1, "executed_branches": [], "missing_branches": []}}, "classes": {"AuthPassThrough": {"executed_lines": [12, 13, 14, 16, 17, 22, 23, 24, 25, 30, 31, 32, 33], "summary": {"covered_lines": 13, "num_statements": 13, "percent_covered": 100.0, "percent_covered_display": "100.00", "missing_lines": 0, "excluded_lines": 0, "percent_statements_covered": 100.0, "percent_statements_covered_display": "100.00", "num_branches": 6, "num_partial_branches": 0, "covered_branches": 6, "missing_branches": 0, "percent_branches_covered": 100.0, "percent_branches_covered_display": "100.00"}, "missing_lines": [], "excluded_lines": [], "start_line": 9, "executed_branches": [[13, 14], [13, 16], [23, 24], [23, 25], [31, 32], [31, 33]], "missing_branches": []}, "": {"executed_lines": [1, 2, 3, 4, 5, 7, 9, 11, 19, 27], "summary": {"covered_lines": 10, "num_statements": 10, "percent_covered": 100.0, "percent_covered_display": "100.00", "missing_lines": 0, "excluded_lines": 1, "percent_statements_covered": 100.0, "percent_statements_covered_display": "100.00", "num_branches": 0, "num_partial_branches": 0, "covered_branches": 0, "missing_branches": 0, "percent_branches_covered": 100.0, "percent_branches_covered_display": "100.00"}, "missing_lines": [], "excluded_lines": [10], "start_line": 1, "executed_branches": [], "missing_branches": []}}}, "src/auth_providers/azure_oauth.py": {"executed_lines": [14, 16, 17, 18, 20, 21, 22, 25, 66, 103, 104, 105, 106, 107, 108, 114, 124, 125, 138, 139, 142, 146, 148, 149, 151, 152, 153, 155, 157, 159, 175, 176, 179, 180, 181, 182, 185, 187, 188, 190, 192, 204, 205, 206, 207, 209, 211, 217, 223, 226, 227, 228, 230, 233, 234, 235], "summary": {"covered_lines": 56, "num_statements": 56, "percent_covered": 100.0, "percent_covered_display": "100.00", "missing_lines": 0, "excluded_lines": 0, "percent_statements_covered": 100.0, "percent_statements_covered_display": "100.00", "num_branches": 8, "num_partial_branches": 0, "covered_branches": 8, "missing_branches": 0, "percent_branches_covered": 100.0, "percent_branches_covered_display": "100.00"}, "missing_lines": [], "excluded_lines": [], "executed_branches": [[151, 152], [151, 153], [175, 176], [175, 179], [180, 181], [180, 185], [209, 211], [209, 217]], "missing_branches": [], "functions": {"AzureOauth.__init__": {"executed_lines": [103, 104, 105, 106, 107, 108], "summary": {"covered_lines": 6, "num_statements": 6, "percent_covered": 100.0, "percent_covered_display": "100.00", "missing_lines": 0, "excluded_lines": 0, "percent_statements_covered": 100.0, "percent_statements_covered_display": "100.00", "num_branches": 0, "num_partial_branches": 0, "covered_branches": 0, "missing_branches": 0, "percent_branches_covered": 100.0, "percent_branches_covered_display": "100.00"}, "missing_lines": [], "excluded_lines": [], "start_line": 66, "executed_branches": [], "missing_branches": []}, "AzureOauth._async_fetch_token": {"executed_lines": [124, 125, 138, 139, 142, 146], "summary": {"covered_lines": 6, "num_statements": 6, "percent_covered": 100.0, "percent_covered_display": "100.00", "missing_lines": 0, "excluded_lines": 0, "percent_statements_covered": 100.0, "percent_statements_covered_display": "100.00", "num_branches": 0, "num_partial_branches": 0, "covered_branches": 0, "missing_branches": 0, "percent_branches_covered": 100.0, "percent_branches_covered_display": "100.00"}, "missing_lines": [], "excluded_lines": [], "start_line": 114, "executed_branches": [], "missing_branches": []}, "AzureOauth._is_token_expired_dict": {"executed_lines": [151, 152, 153], "summary": {"covered_lines": 3, "num_statements": 3, "percent_covered": 100.0, "percent_covered_display": "100.00", "missing_lines": 0, "excluded_lines": 0, "percent_statements_covered": 100.0, "percent_statements_covered_display": "100.00", "num_branches": 2, "num_partial_branches": 0, "covered_branches": 2, "missing_branches": 0, "percent_branches_covered": 100.0, "percent_branches_covered_display": "100.00"}, "missing_lines": [], "excluded_lines": [], "start_line": 149, "executed_branches": [[151, 152], [151, 153]], "missing_branches": []}, "AzureOauth._fetch_token": {"executed_lines": [157], "summary": {"covered_lines": 1, "num_statements": 1, "percent_covered": 100.0, "percent_covered_display": "100.00", "missing_lines": 0, "excluded_lines": 0, "percent_statements_covered": 100.0, "percent_statements_covered_display": "100.00", "num_branches": 0, "num_partial_branches": 0, "covered_branches": 0, "missing_branches": 0, "percent_branches_covered": 100.0, "percent_branches_covered_display": "100.00"}, "missing_lines": [], "excluded_lines": [], "start_line": 155, "executed_branches": [], "missing_branches": []}, "AzureOauth._async_get_token": {"executed_lines": [175, 176, 179, 180, 181, 182, 185, 187, 188, 190], "summary": {"covered_lines": 10, "num_statements": 10, "percent_covered": 100.0, "percent_covered_display": "100.00", "missing_lines": 0, "excluded_lines": 0, "percent_statements_covered": 100.0, "percent_statements_covered_display": "100.00", "num_branches": 4, "num_partial_branches": 0, "covered_branches": 4, "missing_branches": 0, "percent_branches_covered": 100.0, "percent_branches_covered_display": "100.00"}, "missing_lines": [], "excluded_lines": [], "start_line": 159, "executed_branches": [[175, 176], [175, 179], [180, 181], [180, 185]], "missing_branches": []}, "AzureOauth._get_token": {"executed_lines": [204, 205, 206, 207, 209, 211, 217], "summary": {"covered_lines": 7, "num_statements": 7, "percent_covered": 100.0, "percent_covered_display": "100.00", "missing_lines": 0, "excluded_lines": 0, "percent_statements_covered": 100.0, "percent_statements_covered_display": "100.00", "num_branches": 2, "num_partial_branches": 0, "covered_branches": 2, "missing_branches": 0, "percent_branches_covered": 100.0, "percent_branches_covered_display": "100.00"}, "missing_lines": [], "excluded_lines": [], "start_line": 192, "executed_branches": [[209, 211], [209, 217]], "missing_branches": []}, "AzureOauth.auth_flow": {"executed_lines": [226, 227, 228], "summary": {"covered_lines": 3, "num_statements": 3, "percent_covered": 100.0, "percent_covered_display": "100.00", "missing_lines": 0, "excluded_lines": 0, "percent_statements_covered": 100.0, "percent_statements_covered_display": "100.00", "num_branches": 0, "num_partial_branches": 0, "covered_branches": 0, "missing_branches": 0, "percent_branches_covered": 100.0, "percent_branches_covered_display": "100.00"}, "missing_lines": [], "excluded_lines": [], "start_line": 223, "executed_branches": [], "missing_branches": []}, "AzureOauth.async_auth_flow": {"executed_lines": [233, 234, 235], "summary": {"covered_lines": 3, "num_statements": 3, "percent_covered": 100.0, "percent_covered_display": "100.00", "missing_lines": 0, "excluded_lines": 0, "percent_statements_covered": 100.0, "percent_statements_covered_display": "100.00", "num_branches": 0, "num_partial_branches": 0, "covered_branches": 0, "missing_branches": 0, "percent_branches_covered": 100.0, "percent_branches_covered_display": "100.00"}, "missing_lines": [], "excluded_lines": [], "start_line": 230, "executed_branches": [], "missing_branches": []}, "": {"executed_lines": [14, 16, 17, 18, 20, 21, 22, 25, 66, 114, 148, 149, 155, 159, 192, 223, 230], "summary": {"covered_lines": 17, "num_statements": 17, "percent_covered": 100.0, "percent_covered_display": "100.00", "missing_lines": 0, "excluded_lines": 0, "percent_statements_covered": 100.0, "percent_statements_covered_display": "100.00", "num_branches": 0, "num_partial_branches": 0, "covered_branches": 0, "missing_branches": 0, "percent_branches_covered": 100.0, "percent_branches_covered_display": "100.00"}, "missing_lines": [], "excluded_lines": [], "start_line": 1, "executed_branches": [], "missing_branches": []}}, "classes": {"AzureOauth": {"executed_lines": [103, 104, 105, 106, 107, 108, 124, 125, 138, 139, 142, 146, 151, 152, 153, 157, 175, 176, 179, 180, 181, 182, 185, 187, 188, 190, 204, 205, 206, 207, 209, 211, 217, 226, 227, 228, 233, 234, 235], "summary": {"covered_lines": 39, "num_statements": 39, "percent_covered": 100.0, "percent_covered_display": "100.00", "missing_lines": 0, "excluded_lines": 0, "percent_statements_covered": 100.0, "percent_statements_covered_display": "100.00", "num_branches": 8, "num_partial_branches": 0, "covered_branches": 8, "missing_branches": 0, "percent_branches_covered": 100.0, "percent_branches_covered_display": "100.00"}, "missing_lines": [], "excluded_lines": [], "start_line": 25, "executed_branches": [[151, 152], [151, 153], [175, 176], [175, 179], [180, 181], [180, 185], [209, 211], [209, 217]], "missing_branches": []}, "": {"executed_lines": [14, 16, 17, 18, 20, 21, 22, 25, 66, 114, 148, 149, 155, 159, 192, 223, 230], "summary": {"covered_lines": 17, "num_statements": 17, "percent_covered": 100.0, "percent_covered_display": "100.00", "missing_lines": 0, "excluded_lines": 0, "percent_statements_covered": 100.0, "percent_statements_covered_display": "100.00", "num_branches": 0, "num_partial_branches": 0, "covered_branches": 0, "missing_branches": 0, "percent_branches_covered": 100.0, "percent_branches_covered_display": "100.00"}, "missing_lines": [], "excluded_lines": [], "start_line": 1, "executed_branches": [], "missing_branches": []}}}, "src/main.py": {"executed_lines": [6, 7, 9, 10, 13, 16, 27, 28], "summary": {"covered_lines": 8, "num_statements": 9, "percent_covered": 81.81818181818181, "percent_covered_display": "81.82", "missing_lines": 1, "excluded_lines": 2, "percent_statements_covered": 88.88888888888889, "percent_statements_covered_display": "88.89", "num_branches": 2, "num_partial_branches": 1, "covered_branches": 1, "missing_branches": 1, "percent_branches_covered": 50.0, "percent_branches_covered_display": "50.00"}, "missing_lines": [11], "excluded_lines": [31, 32], "executed_branches": [[10, 13]], "missing_branches": [[10, 11]], "functions": {"main": {"executed_lines": [27, 28], "summary": {"covered_lines": 2, "num_statements": 2, "percent_covered": 100.0, "percent_covered_display": "100.00", "missing_lines": 0, "excluded_lines": 0, "percent_statements_covered": 100.0, "percent_statements_covered_display": "100.00", "num_branches": 0, "num_partial_branches": 0, "covered_branches": 0, "missing_branches": 0, "percent_branches_covered": 100.0, "percent_branches_covered_display": "100.00"}, "missing_lines": [], "excluded_lines": [], "start_line": 16, "executed_branches": [], "missing_branches": []}, "": {"executed_lines": [6, 7, 9, 10, 13, 16], "summary": {"covered_lines": 6, "num_statements": 7, "percent_covered": 77.77777777777777, "percent_covered_display": "77.78", "missing_lines": 1, "excluded_lines": 2, "percent_statements_covered": 85.71428571428571, "percent_statements_covered_display": "85.71", "num_branches": 2, "num_partial_branches": 1, "covered_branches": 1, "missing_branches": 1, "percent_branches_covered": 50.0, "percent_branches_covered_display": "50.00"}, "missing_lines": [11], "excluded_lines": [31, 32], "start_line": 1, "executed_branches": [[10, 13]], "missing_branches": [[10, 11]]}}, "classes": {"": {"executed_lines": [6, 7, 9, 10, 13, 16, 27, 28], "summary": {"covered_lines": 8, "num_statements": 9, "percent_covered": 81.81818181818181, "percent_covered_display": "81.82", "missing_lines": 1, "excluded_lines": 2, "percent_statements_covered": 88.88888888888889, "percent_statements_covered_display": "88.89", "num_branches": 2, "num_partial_branches": 1, "covered_branches": 1, "missing_branches": 1, "percent_branches_covered": 50.0, "percent_branches_covered_display": "50.00"}, "missing_lines": [11], "excluded_lines": [31, 32], "start_line": 1, "executed_branches": [[10, 13]], "missing_branches": [[10, 11]]}}}, "src/proxies/__init__.py": {"executed_lines": [13, 15, 23, 31, 32, 33, 34, 36, 37, 38, 40, 44, 45, 46, 48], "summary": {"covered_lines": 15, "num_statements": 17, "percent_covered": 88.0, "percent_covered_display": "88.00", "missing_lines": 2, "excluded_lines": 5, "percent_statements_covered": 88.23529411764706, "percent_statements_covered_display": "88.24", "num_branches": 8, "num_partial_branches": 1, "covered_branches": 7, "missing_branches": 1, "percent_branches_covered": 87.5, "percent_branches_covered_display": "87.50"}, "missing_lines": [41, 42], "excluded_lines": [17, 18, 19, 20, 21], "executed_branches": [[32, 33], [32, 36], [36, 37], [36, 40], [40, 44], [44, 45], [44, 48]], "missing_branches": [[40, 41]], "functions": {"__getattr__": {"executed_lines": [32, 33, 34, 36, 37, 38, 40, 44, 45, 46, 48], "summary": {"covered_lines": 11, "num_statements": 13, "percent_covered": 85.71428571428571, "percent_covered_display": "85.71", "missing_lines": 2, "excluded_lines": 0, "percent_statements_covered": 84.61538461538461, "percent_statements_covered_display": "84.62", "num_branches": 8, "num_partial_branches": 1, "covered_branches": 7, "missing_branches": 1, "percent_branches_covered": 87.5, "percent_branches_covered_display": "87.50"}, "missing_lines": [41, 42], "excluded_lines": [], "start_line": 31, "executed_branches": [[32, 33], [32, 36], [36, 37], [36, 40], [40, 44], [44, 45], [44, 48]], "missing_branches": [[40, 41]]}, "": {"executed_lines": [13, 15, 23, 31], "summary": {"covered_lines": 4, "num_statements": 4, "percent_covered": 100.0, "percent_covered_display": "100.00", "missing_lines": 0, "excluded_lines": 5, "percent_statements_covered": 100.0, "percent_statements_covered_display": "100.00", "num_branches": 0, "num_partial_branches": 0, "covered_branches": 0, "missing_branches": 0, "percent_branches_covered": 100.0, "percent_branche
[...]
ent_covered_display": "100.00", "missing_lines": 0, "excluded_lines": 0, "percent_statements_covered": 100.0, "percent_statements_covered_display": "100.00", "num_branches": 0, "num_partial_branches": 0, "covered_branches": 0, "missing_branches": 0, "percent_branches_covered": 100.0, "percent_branches_covered_display": "100.00"}, "missing_lines": [], "excluded_lines": [], "start_line": 38, "executed_branches": [], "missing_branches": []}, "ConfigBaseModel": {"executed_lines": [49, 50, 51, 53, 55, 66, 67, 68, 69, 70, 84, 85], "summary": {"covered_lines": 12, "num_statements": 20, "percent_covered": 56.25, "percent_covered_display": "56.25", "missing_lines": 8, "excluded_lines": 0, "percent_statements_covered": 60.0, "percent_statements_covered_display": "60.00", "num_branches": 12, "num_partial_branches": 2, "covered_branches": 6, "missing_branches": 6, "percent_branches_covered": 50.0, "percent_branches_covered_display": "50.00"}, "missing_lines": [52, 56, 57, 58, 59, 60, 61, 62], "excluded_lines": [], "start_line": 43, "executed_branches": [[51, 53], [53, 55], [66, -64], [66, 67], [68, 66], [68, 69]], "missing_branches": [[51, 52], [53, 56], [56, 57], [56, 58], [58, 59], [58, 60]]}, "BearerAuthConfig": {"executed_lines": [], "summary": {"covered_lines": 0, "num_statements": 0, "percent_covered": 100.0, "percent_covered_display": "100.00", "missing_lines": 0, "excluded_lines": 0, "percent_statements_covered": 100.0, "percent_statements_covered_display": "100.00", "num_branches": 0, "num_partial_branches": 0, "covered_branches": 0, "missing_branches": 0, "percent_branches_covered": 100.0, "percent_branches_covered_display": "100.00"}, "missing_lines": [], "excluded_lines": [], "start_line": 87, "executed_branches": [], "missing_branches": []}, "JwtAuthConfig": {"executed_lines": [], "summary": {"covered_lines": 0, "num_statements": 0, "percent_covered": 100.0, "percent_covered_display": "100.00", "missing_lines": 0, "excluded_lines": 0, "percent_statements_covered": 100.0, "percent_statements_covered_display": "100.00", "num_branches": 0, "num_partial_branches": 0, "covered_branches": 0, "missing_branches": 0, "percent_branches_covered": 100.0, "percent_branches_covered_display": "100.00"}, "missing_lines": [], "excluded_lines": [], "start_line": 93, "executed_branches": [], "missing_branches": []}, "AuthConfig": {"executed_lines": [], "summary": {"covered_lines": 0, "num_statements": 0, "percent_covered": 100.0, "percent_covered_display": "100.00", "missing_lines": 0, "excluded_lines": 0, "percent_statements_covered": 100.0, "percent_statements_covered_display": "100.00", "num_branches": 0, "num_partial_branches": 0, "covered_branches": 0, "missing_branches": 0, "percent_branches_covered": 100.0, "percent_branches_covered_display": "100.00"}, "missing_lines": [], "excluded_lines": [], "start_line": 102, "executed_branches": [], "missing_branches": []}, "LlmConfig": {"executed_lines": [], "summary": {"covered_lines": 0, "num_statements": 0, "percent_covered": 100.0, "percent_covered_display": "100.00", "missing_lines": 0, "excluded_lines": 0, "percent_statements_covered": 100.0, "percent_statements_covered_display": "100.00", "num_branches": 0, "num_partial_branches": 0, "covered_branches": 0, "missing_branches": 0, "percent_branches_covered": 100.0, "percent_branches_covered_display": "100.00"}, "missing_lines": [], "excluded_lines": [], "start_line": 108, "executed_branches": [], "missing_branches": []}, "McpFilters": {"executed_lines": [], "summary": {"covered_lines": 0, "num_statements": 0, "percent_covered": 100.0, "percent_covered_display": "100.00", "missing_lines": 0, "excluded_lines": 0, "percent_statements_covered": 100.0, "percent_statements_covered_display": "100.00", "num_branches": 0, "num_partial_branches": 0, "covered_branches": 0, "missing_branches": 0, "percent_branches_covered": 100.0, "percent_branches_covered_display": "100.00"}, "missing_lines": [], "excluded_lines": [], "start_line": 117, "executed_branches": [], "missing_branches": []}, "McpAuthConfig": {"executed_lines": [], "summary": {"covered_lines": 0, "num_statements": 0, "percent_covered": 100.0, "percent_covered_display": "100.00", "missing_lines": 0, "excluded_lines": 0, "percent_statements_covered": 100.0, "percent_statements_covered_display": "100.00", "num_branches": 0, "num_partial_branches": 0, "covered_branches": 0, "missing_branches": 0, "percent_branches_covered": 100.0, "percent_branches_covered_display": "100.00"}, "missing_lines": [], "excluded_lines": [], "start_line": 124, "executed_branches": [], "missing_branches": []}, "McpConfig": {"executed_lines": [174, 175, 176, 177, 178, 180, 181, 204, 205, 206, 208, 209, 212, 213, 214, 215, 222, 223, 230, 231, 232, 233], "summary": {"covered_lines": 22, "num_statements": 38, "percent_covered": 60.3448275862069, "percent_covered_display": "60.34", "missing_lines": 16, "excluded_lines": 0, "percent_statements_covered": 57.89473684210526, "percent_statements_covered_display": "57.89", "num_branches": 20, "num_partial_branches": 3, "covered_branches": 13, "missing_branches": 7, "percent_branches_covered": 65.0, "percent_branches_covered_display": "65.00"}, "missing_lines": [153, 155, 156, 159, 160, 163, 164, 165, 166, 169, 170, 210, 216, 217, 219, 225], "excluded_lines": [], "start_line": 130, "executed_branches": [[174, 175], [174, 180], [175, 176], [175, 177], [177, -172], [177, 178], [180, -172], [180, 181], [204, 205], [204, 208], [209, 212], [213, 214], [223, -183]], "missing_branches": [[155, 156], [155, 159], [209, 210], [213, 216], [216, 217], [216, 219], [223, 225]]}, "ConfigYaml": {"executed_lines": [272, 273, 276, 277, 279, 280, 282, 283, 286, 288], "summary": {"covered_lines": 10, "num_statements": 10, "percent_covered": 100.0, "percent_covered_display": "100.00", "missing_lines": 0, "excluded_lines": 0, "percent_statements_covered": 100.0, "percent_statements_covered_display": "100.00", "num_branches": 6, "num_partial_branches": 0, "covered_branches": 6, "missing_branches": 0, "percent_branches_covered": 100.0, "percent_branches_covered_display": "100.00"}, "missing_lines": [], "excluded_lines": [], "start_line": 235, "executed_branches": [[272, 273], [272, 276], [279, 280], [279, 282], [282, 283], [282, 286]], "missing_branches": []}, "": {"executed_lines": [8, 10, 11, 12, 13, 15, 16, 17, 19, 21, 23, 25, 26, 27, 28, 29, 30, 31, 32, 33, 34, 35, 36, 38, 40, 41, 43, 45, 47, 64, 73, 74, 87, 90, 91, 93, 96, 97, 98, 99, 102, 104, 105, 106, 108, 111, 112, 113, 114, 117, 120, 121, 124, 127, 130, 132, 133, 134, 135, 136, 137, 138, 139, 140, 141, 142, 144, 172, 183, 227, 228, 235, 244, 245, 246, 248, 249], "summary": {"covered_lines": 77, "num_statements": 77, "percent_covered": 100.0, "percent_covered_display": "100.00", "missing_lines": 0, "excluded_lines": 1, "percent_statements_covered": 100.0, "percent_statements_covered_display": "100.00", "num_branches": 0, "num_partial_branches": 0, "covered_branches": 0, "missing_branches": 0, "percent_branches_covered": 100.0, "percent_branches_covered_display": "100.00"}, "missing_lines": [], "excluded_lines": [126], "start_line": 1, "executed_branches": [], "missing_branches": []}}}, "src/tools/env.py": {"executed_lines": [10, 12, 23, 25, 36, 37, 38, 39, 41, 52, 53, 55, 56, 58, 63, 65, 67, 73, 78, 79, 80, 86, 87, 88, 89, 90, 91, 98, 99, 101, 105, 110, 111, 112, 118, 123, 129], "summary": {"covered_lines": 37, "num_statements": 38, "percent_covered": 95.23809523809524, "percent_covered_display": "95.24", "missing_lines": 1, "excluded_lines": 1, "percent_statements_covered": 97.36842105263158, "percent_statements_covered_display": "97.37", "num_branches": 4, "num_partial_branches": 1, "covered_branches": 3, "missing_branches": 1, "percent_branches_covered": 75.0, "percent_branches_covered_display": "75.00"}, "missing_lines": [54], "excluded_lines": [128], "executed_branches": [[53, 55], [55, 56], [55, 58]], "missing_branches": [[53, 54]], "functions": {"getEnvString": {"executed_lines": [23], "summary": {"covered_lines": 1, "num_statements": 1, "percent_covered": 100.0, "percent_covered_display": "100.00", "missing_lines": 0, "excluded_lines": 0, "percent_statements_covered": 100.0, "percent_statements_covered_display": "100.00", "num_branches": 0, "num_partial_branches": 0, "covered_branches": 0, "missing_branches": 0, "percent_branches_covered": 100.0, "percent_branches_covered_display": "100.00"}, "missing_lines": [], "excluded_lines": [], "start_line": 12, "executed_branches": [], "missing_branches": []}, "getEnvInt": {"executed_lines": [36, 37, 38, 39], "summary": {"covered_lines": 4, "num_statements": 4, "percent_covered": 100.0, "percent_covered_display": "100.00", "missing_lines": 0, "excluded_lines": 0, "percent_statements_covered": 100.0, "percent_statements_covered_display": "100.00", "num_branches": 0, "num_partial_branches": 0, "covered_branches": 0, "missing_branches": 0, "percent_branches_covered": 100.0, "percent_branches_covered_display": "100.00"}, "missing_lines": [], "excluded_lines": [], "start_line": 25, "executed_branches": [], "missing_branches": []}, "getEnvBool": {"executed_lines": [52, 53, 55, 56, 58], "summary": {"covered_lines": 5, "num_statements": 6, "percent_covered": 80.0, "percent_covered_display": "80.00", "missing_lines": 1, "excluded_lines": 0, "percent_statements_covered": 83.33333333333333, "percent_statements_covered_display": "83.33", "num_branches": 4, "num_partial_branches": 1, "covered_branches": 3, "missing_branches": 1, "percent_branches_covered": 75.0, "percent_branches_covered_display": "75.00"}, "missing_lines": [54], "excluded_lines": [], "start_line": 41, "executed_branches": [[53, 55], [55, 56], [55, 58]], "missing_branches": [[53, 54]]}, "": {"executed_lines": [10, 12, 25, 41, 63, 65, 67, 73, 78, 79, 80, 86, 87, 88, 89, 90, 91, 98, 99, 101, 105, 110, 111, 112, 118, 123, 129], "summary": {"covered_lines": 27, "num_statements": 27, "percent_covered": 100.0, "percent_covered_display": "100.00", "missing_lines": 0, "excluded_lines": 1, "percent_statements_covered": 100.0, "percent_statements_covered_display": "100.00", "num_branches": 0, "num_partial_branches": 0, "covered_branches": 0, "missing_branches": 0, "percent_branches_covered": 100.0, "percent_branches_covered_display": "100.00"}, "missing_lines": [], "excluded_lines": [128], "start_line": 1, "executed_branches": [], "missing_branches": []}}, "classes": {"": {"executed_lines": [10, 12, 23, 25, 36, 37, 38, 39, 41, 52, 53, 55, 56, 58, 63, 65, 67, 73, 78, 79, 80, 86, 87, 88, 89, 90, 91, 98, 99, 101, 105, 110, 111, 112, 118, 123, 129], "summary": {"covered_lines": 37, "num_statements": 38, "percent_covered": 95.23809523809524, "percent_covered_display": "95.24", "missing_lines": 1, "excluded_lines": 1, "percent_statements_covered": 97.36842105263158, "percent_statements_covered_display": "97.37", "num_branches": 4, "num_partial_branches": 1, "covered_branches": 3, "missing_branches": 1, "percent_branches_covered": 75.0, "percent_branches_covered_display": "75.00"}, "missing_lines": [54], "excluded_lines": [128], "start_line": 1, "executed_branches": [[53, 55], [55, 56], [55, 58]], "missing_branches": [[53, 54]]}}}, "src/tools/env_resolver.py": {"executed_lines": [13, 15, 16, 17, 20, 42, 43, 49, 51, 53, 54, 56, 57, 62, 64, 67, 79, 81, 82, 84, 85, 87, 88, 90, 93, 95, 98, 110, 112, 113, 115, 116, 118, 119, 121, 124, 126, 129, 144, 145, 146, 147, 148, 149, 150], "summary": {"covered_lines": 45, "num_statements": 45, "percent_covered": 100.0, "percent_covered_display": "100.00", "missing_lines": 0, "excluded_lines": 0, "percent_statements_covered": 100.0, "percent_statements_covered_display": "100.00", "num_branches": 26, "num_partial_branches": 0, "covered_branches": 26, "missing_branches": 0, "percent_branches_covered": 100.0, "percent_branches_covered_display": "100.00"}, "missing_lines": [], "excluded_lines": [], "executed_branches": [[42, 43], [42, 49], [56, 57], [56, 62], [81, 82], [81, 95], [82, 84], [82, 85], [85, 87], [85, 88], [88, 90], [88, 93], [112, 113], [112, 126], [113, 115], [113, 116], [116, 118], [116, 119], [119, 121], [119, 124], [144, 145], [144, 146], [146, 147], [146, 148], [148, 149], [148, 150]], "missing_branches": [], "functions": {"resolve_env_var": {"executed_lines": [42, 43, 49, 51, 64], "summary": {"covered_lines": 5, "num_statements": 5, "percent_covered": 100.0, "percent_covered_display": "100.00", "missing_lines": 0, "excluded_lines": 0, "percent_statements_covered": 100.0, "percent_statements_covered_display": "100.00", "num_branches": 2, "num_partial_branches": 0, "covered_branches": 2, "missing_branches": 0, "percent_branches_covered": 100.0, "percent_branches_covered_display": "100.00"}, "missing_lines": [], "excluded_lines": [], "start_line": 20, "executed_branches": [[42, 43], [42, 49]], "missing_branches": []}, "resolve_env_var.replace_var": {"executed_lines": [53, 54, 56, 57, 62], "summary": {"covered_lines": 5, "num_statements": 5, "percent_covered": 100.0, "percent_covered_display": "100.00", "missing_lines": 0, "excluded_lines": 0, "percent_statements_covered": 100.0, "percent_statements_covered_display": "100.00", "num_branches": 2, "num_partial_branches": 0, "covered_branches": 2, "missing_branches": 0, "percent_branches_covered": 100.0, "percent_branches_covered_display": "100.00"}, "missing_lines": [], "excluded_lines": [], "start_line": 51, "executed_branches": [[56, 57], [56, 62]], "missing_branches": []}, "resolve_env_vars_in_dict": {"executed_lines": [79, 81, 82, 84, 85, 87, 88, 90, 93, 95], "summary": {"covered_lines": 10, "num_statements": 10, "percent_covered": 100.0, "percent_covered_display": "100.00", "missing_lines": 0, "excluded_lines": 0, "percent_statements_covered": 100.0, "percent_statements_covered_display": "100.00", "num_branches": 8, "num_partial_branches": 0, "covered_branches": 8, "missing_branches": 0, "percent_branches_covered": 100.0, "percent_branches_covered_display": "100.00"}, "missing_lines": [], "excluded_lines": [], "start_line": 67, "executed_branches": [[81, 82], [81, 95], [82, 84], [82, 85], [85, 87], [85, 88], [88, 90], [88, 93]], "missing_branches": []}, "resolve_env_vars_in_list": {"executed_lines": [110, 112, 113, 115, 116, 118, 119, 121, 124, 126], "summary": {"covered_lines": 10, "num_statements": 10, "percent_covered": 100.0, "percent_covered_display": "100.00", "missing_lines": 0, "excluded_lines": 0, "percent_statements_covered": 100.0, "percent_statements_covered_display": "100.00", "num_branches": 8, "num_partial_branches": 0, "covered_branches": 8, "missing_branches": 0, "percent_branches_covered": 100.0, "percent_branches_covered_display": "100.00"}, "missing_lines": [], "excluded_lines": [], "start_line": 98, "executed_branches": [[112, 113], [112, 126], [113, 115], [113, 116], [116, 118], [116, 119], [119, 121], [119, 124]], "missing_branches": []}, "resolve_env_vars": {"executed_lines": [144, 145, 146, 147, 148, 149, 150], "summary": {"covered_lines": 7, "num_statements": 7, "percent_covered": 100.0, "percent_covered_display": "100.00", "missing_lines": 0, "excluded_lines": 0, "percent_statements_covered": 100.0, "percent_statements_covered_display": "100.00", "num_branches": 6, "num_partial_branches": 0, "covered_branches": 6, "missing_branches": 0, "percent_branches_covered": 100.0, "percent_branches_covered_display": "100.00"}, "missing_lines": [], "excluded_lines": [], "start_line": 129, "executed_branches": [[144, 145], [144, 146], [146, 147], [146, 148], [148, 149], [148, 150]], "missing_branches": []}, "": {"executed_lines": [13, 15, 16, 17, 20, 67, 98, 129], "summary": {"covered_lines": 8, "num_statements": 8, "percent_covered": 100.0, "percent_covered_display": "100.00", "missing_lines": 0, "excluded_lines": 0, "percent_statements_covered": 100.0, "percent_statements_covered_display": "100.00", "num_branches": 0, "num_partial_branches": 0, "covered_branches": 0, "missing_branches": 0, "percent_branches_covered": 100.0, "percent_branches_covered_display": "100.00"}, "missing_lines": [], "excluded_lines": [], "start_line": 1, "executed_branches": [], "missing_branches": []}}, "classes": {"": {"executed_lines": [13, 15, 16, 17, 20, 42, 43, 49, 51, 53, 54, 56, 57, 62, 64, 67, 79, 81, 82, 84, 85, 87, 88, 90, 93, 95, 98, 110, 112, 113, 115, 116, 118, 119, 121, 124, 126, 129, 144, 145, 146, 147, 148, 149, 150], "summary": {"covered_lines": 45, "num_statements": 45, "percent_covered": 100.0, "percent_covered_display": "100.00", "missing_lines": 0, "excluded_lines": 0, "percent_statements_covered": 100.0, "percent_statements_covered_display": "100.00", "num_branches": 26, "num_partial_branches": 0, "covered_branches": 26, "missing_branches": 0, "percent_branches_covered": 100.0, "percent_branches_covered_display": "100.00"}, "missing_lines": [], "excluded_lines": [], "start_line": 1, "executed_branches": [[42, 43], [42, 49], [56, 57], [56, 62], [81, 82], [81, 95], [82, 84], [82, 85], [85, 87], [85, 88], [88, 90], [88, 93], [112, 113], [112, 126], [113, 115], [113, 116], [116, 118], [116, 119], [119, 121], [119, 124], [144, 145], [144, 146], [146, 147], [146, 148], [148, 149], [148, 150]], "missing_branches": []}}}, "src/tools/logging_config.py": {"executed_lines": [28, 30, 33, 68, 75], "summary": {"covered_lines": 5, "num_statements": 5, "percent_covered": 100.0, "percent_covered_display": "100.00", "missing_lines": 0, "excluded_lines": 0, "percent_statements_covered": 100.0, "percent_statements_covered_display": "100.00", "num_branches": 0, "num_partial_branches": 0, "covered_branches": 0, "missing_branches": 0, "percent_branches_covered": 100.0, "percent_branches_covered_display": "100.00"}, "missing_lines": [], "excluded_lines": [], "executed_branches": [], "missing_branches": [], "functions": {"setup_logging": {"executed_lines": [68, 75], "summary": {"covered_lines": 2, "num_statements": 2, "percent_covered": 100.0, "percent_covered_display": "100.00", "missing_lines": 0, "excluded_lines": 0, "percent_statements_covered": 100.0, "percent_statements_covered_display": "100.00", "num_branches": 0, "num_partial_branches": 0, "covered_branches": 0, "missing_branches": 0, "percent_branches_covered": 100.0, "percent_branches_covered_display": "100.00"}, "missing_lines": [], "excluded_lines": [], "start_line": 33, "executed_branches": [], "missing_branches": []}, "": {"executed_lines": [28, 30, 33], "summary": {"covered_lines": 3, "num_statements": 3, "percent_covered": 100.0, "percent_covered_display": "100.00", "missing_lines": 0, "excluded_lines": 0, "percent_statements_covered": 100.0, "percent_statements_covered_display": "100.00", "num_branches": 0, "num_partial_branches": 0, "covered_branches": 0, "missing_branches": 0, "percent_branches_covered": 100.0, "percent_branches_covered_display": "100.00"}, "missing_lines": [], "excluded_lines": [], "start_line": 1, "executed_branches": [], "missing_branches": []}}, "classes": {"": {"executed_lines": [28, 30, 33, 68, 75], "summary": {"covered_lines": 5, "num_statements": 5, "percent_covered": 100.0, "percent_covered_display": "100.00", "missing_lines": 0, "excluded_lines": 0, "percent_statements_covered": 100.0, "percent_statements_covered_display": "100.00", "num_branches": 0, "num_partial_branches": 0, "covered_branches": 0, "missing_branches": 0, "percent_branches_covered": 100.0, "percent_branches_covered_display": "100.00"}, "missing_lines": [], "excluded_lines": [], "start_line": 1, "executed_branches": [], "missing_branches": []}}}}, "totals": {"covered_lines": 969, "num_statements": 1198, "percent_covered": 78.561736770692, "percent_covered_display": "78.56", "missing_lines": 229, "excluded_lines": 71, "percent_statements_covered": 80.8848080133556, "percent_statements_covered_display": "80.88", "num_branches": 276, "num_partial_branches": 25, "covered_branches": 189, "missing_branches": 87, "percent_branches_covered": 68.47826086956522, "percent_branches_covered_display": "68.48"}}