{"meta": {"format": 3, "version": "7.13.4", "timestamp": "2026-03-03T16:44:04.102030", "branch_coverage": true, "show_contexts": false}, "files": {"src/app/__init__.py": {"executed_lines": [3, 4, 5, 6, 11, 12, 13, 15], "summary": {"covered_lines": 8, "num_statements": 8, "percent_covered": 100.0, "percent_covered_display": "100.00", "missing_lines": 0, "excluded_lines": 0, "percent_statements_covered": 100.0, "percent_statements_covered_display": "100.00", "num_branches": 0, "num_partial_branches": 0, "covered_branches": 0, "missing_branches": 0, "percent_branches_covered": 100.0, "percent_branches_covered_display": "100.00"}, "missing_lines": [], "excluded_lines": [], "executed_branches": [], "missing_branches": [], "functions": {"": {"executed_lines": [3, 4, 5, 6, 11, 12, 13, 15], "summary": {"covered_lines": 8, "num_statements": 8, "percent_covered": 100.0, "percent_covered_display": "100.00", "missing_lines": 0, "excluded_lines": 0, "percent_statements_covered": 100.0, "percent_statements_covered_display": "100.00", "num_branches": 0, "num_partial_branches": 0, "covered_branches": 0, "missing_branches": 0, "percent_branches_covered": 100.0, "percent_branches_covered_display": "100.00"}, "missing_lines": [], "excluded_lines": [], "start_line": 1, "executed_branches": [], "missing_branches": []}}, "classes": {"": {"executed_lines": [3, 4, 5, 6, 11, 12, 13, 15], "summary": {"covered_lines": 8, "num_statements": 8, "percent_covered": 100.0, "percent_covered_display": "100.00", "missing_lines": 0, "excluded_lines": 0, "percent_statements_covered": 100.0, "percent_statements_covered_display": "100.00", "num_branches": 0, "num_partial_branches": 0, "covered_branches": 0, "missing_branches": 0, "percent_branches_covered": 100.0, "percent_branches_covered_display": "100.00"}, "missing_lines": [], "excluded_lines": [], "start_line": 1, "executed_branches": [], "missing_branches": []}}}, "src/app/app_config_provider.py": {"executed_lines": [1, 3, 4, 9, 12, 14, 17, 29, 31, 32, 34, 35, 38, 39, 40, 41, 68, 72, 76, 77, 87], "summary": {"covered_lines": 21, "num_statements": 42, "percent_covered": 44.642857142857146, "percent_covered_display": "44.64", "missing_lines": 21, "excluded_lines": 22, "percent_statements_covered": 50.0, "percent_statements_covered_display": "50.00", "num_branches": 14, "num_partial_branches": 2, "covered_branches": 4, "missing_branches": 10, "percent_branches_covered": 28.571428571428573, "percent_branches_covered_display": "28.57"}, "missing_lines": [15, 19, 20, 21, 22, 23, 24, 26, 27, 36, 42, 43, 44, 45, 46, 70, 74, 83, 84, 85, 89], "excluded_lines": [5, 6, 7, 48, 49, 50, 51, 52, 53, 54, 55, 56, 57, 58, 59, 60, 61, 62, 63, 64, 65, 66], "executed_branches": [[31, 32], [31, 34], [35, 38], [39, 40]], "missing_branches": [[20, 21], [20, 22], [23, 24], [23, 26], [35, 36], [39, 42], [42, 43], [42, 45], [83, 84], [83, 85]], "functions": {"AppConfigProvider.__init__": {"executed_lines": [], "summary": {"covered_lines": 0, "num_statements": 1, "percent_covered": 0.0, "percent_covered_display": "0.00", "missing_lines": 1, "excluded_lines": 0, "percent_statements_covered": 0.0, "percent_statements_covered_display": "0.00", "num_branches": 0, "num_partial_branches": 0, "covered_branches": 0, "missing_branches": 0, "percent_branches_covered": 100.0, "percent_branches_covered_display": "100.00"}, "missing_lines": [15], "excluded_lines": [], "start_line": 14, "executed_branches": [], "missing_branches": []}, "AppConfigProvider.get_auth_config": {"executed_lines": [], "summary": {"covered_lines": 0, "num_statements": 8, "percent_covered": 0.0, "percent_covered_display": "0.00", "missing_lines": 8, "excluded_lines": 0, "percent_statements_covered": 0.0, "percent_statements_covered_display": "0.00", "num_branches": 4, "num_partial_branches": 0, "covered_branches": 0, "missing_branches": 4, "percent_branches_covered": 0.0, "percent_branches_covered_display": "0.00"}, "missing_lines": [19, 20, 21, 22, 23, 24, 26, 27], "excluded_lines": [], "start_line": 17, "executed_branches": [], "missing_branches": [[20, 21], [20, 22], [23, 24], [23, 26]]}, "AppConfigProvider.get_fast_mcp_auth_provider": {"executed_lines": [31, 32, 34, 35, 38, 39, 40, 41], "summary": {"covered_lines": 8, "num_statements": 14, "percent_covered": 54.54545454545455, "percent_covered_display": "54.55", "missing_lines": 6, "excluded_lines": 0, "percent_statements_covered": 57.142857142857146, "percent_statements_covered_display": "57.14", "num_branches": 8, "num_partial_branches": 2, "covered_branches": 4, "missing_branches": 4, "percent_branches_covered": 50.0, "percent_branches_covered_display": "50.00"}, "missing_lines": [36, 42, 43, 44, 45, 46], "excluded_lines": [], "start_line": 29, "executed_branches": [[31, 32], [31, 34], [35, 38], [39, 40]], "missing_branches": [[35, 36], [39, 42], [42, 43], [42, 45]]}, "AppConfigProvider.get_client_auth_handler": {"executed_lines": [], "summary": {"covered_lines": 0, "num_statements": 0, "percent_covered": 100.0, "percent_covered_display": "100.00", "missing_lines": 0, "excluded_lines": 18, "percent_statements_covered": 100.0, "percent_statements_covered_display": "100.00", "num_branches": 0, "num_partial_branches": 0, "covered_branches": 0, "missing_branches": 0, "percent_branches_covered": 100.0, "percent_branches_covered_display": "100.00"}, "missing_lines": [], "excluded_lines": [49, 50, 51, 52, 53, 54, 55, 56, 57, 58, 59, 60, 61, 62, 63, 64, 65, 66], "start_line": 48, "executed_branches": [], "missing_branches": []}, "AppConfigProvider.get_mcp_configs": {"executed_lines": [], "summary": {"covered_lines": 0, "num_statements": 1, "percent_covered": 0.0, "percent_covered_display": "0.00", "missing_lines": 1, "excluded_lines": 0, "percent_statements_covered": 0.0, "percent_statements_covered_display": "0.00", "num_branches": 0, "num_partial_branches": 0, "covered_branches": 0, "missing_branches": 0, "percent_branches_covered": 100.0, "percent_branches_covered_display": "100.00"}, "missing_lines": [70], "excluded_lines": [], "start_line": 68, "executed_branches": [], "missing_branches": []}, "AppConfigProvider.get_llm_configs": {"executed_lines": [], "summary": {"covered_lines": 0, "num_statements": 1, "percent_covered": 0.0, "percent_covered_display": "0.00", "missing_lines": 1, "excluded_lines": 0, "percent_statements_covered": 0.0, "percent_statements_covered_display": "0.00", "num_branches": 0, "num_partial_branches": 0, "covered_branches": 0, "missing_branches": 0, "percent_branches_covered": 100.0, "percent_branches_covered_display": "100.00"}, "missing_lines": [74], "excluded_lines": [], "start_line": 72, "executed_branches": [], "missing_branches": []}, "AppConfigProvider.get_instance": {"executed_lines": [], "summary": {"covered_lines": 0, "num_statements": 3, "percent_covered": 0.0, "percent_covered_display": "0.00", "missing_lines": 3, "excluded_lines": 0, "percent_statements_covered": 0.0, "percent_statements_covered_display": "0.00", "num_branches": 2, "num_partial_branches": 0, "covered_branches": 0, "missing_branches": 2, "percent_branches_covered": 0.0, "percent_branches_covered_display": "0.00"}, "missing_lines": [83, 84, 85], "excluded_lines": [], "start_line": 77, "executed_branches": [], "missing_branches": [[83, 84], [83, 85]]}, "get_provider": {"executed_lines": [], "summary": {"covered_lines": 0, "num_statements": 1, "percent_covered": 0.0, "percent_covered_display": "0.00", "missing_lines": 1, "excluded_lines": 0, "percent_statements_covered": 0.0, "percent_statements_covered_display": "0.00", "num_branches": 0, "num_partial_branches": 0, "covered_branches": 0, "missing_branches": 0, "percent_branches_covered": 100.0, "percent_branches_covered_display": "100.00"}, "missing_lines": [89], "excluded_lines": [], "start_line": 87, "executed_branches": [], "missing_branches": []}, "": {"executed_lines": [1, 3, 4, 9, 12, 14, 17, 29, 68, 72, 76, 77, 87], "summary": {"covered_lines": 13, "num_statements": 13, "percent_covered": 100.0, "percent_covered_display": "100.00", "missing_lines": 0, "excluded_lines": 4, "percent_statements_covered": 100.0, "percent_statements_covered_display": "100.00", "num_branches": 0, "num_partial_branches": 0, "covered_branches": 0, "missing_branches": 0, "percent_branches_covered": 100.0, "percent_branches_covered_display": "100.00"}, "missing_lines": [], "excluded_lines": [5, 6, 7, 48], "start_line": 1, "executed_branches": [], "missing_branches": []}}, "classes": {"AppConfigProvider": {"executed_lines": [31, 32, 34, 35, 38, 39, 40, 41], "summary": {"covered_lines": 8, "num_statements": 28, "percent_covered": 28.571428571428573, "percent_covered_display": "28.57", "missing_lines": 20, "excluded_lines": 18, "percent_statements_covered": 28.571428571428573, "percent_statements_covered_display": "28.57", "num_branches": 14, "num_partial_branches": 2, "covered_branches": 4, "missing_branches": 10, "percent_branches_covered": 28.571428571428573, "percent_branches_covered_display": "28.57"}, "missing_lines": [15, 19, 20, 21, 22, 23, 24, 26, 27, 36, 42, 43, 44, 45, 46, 70, 74, 83, 84, 85], "excluded_lines": [49, 50, 51, 52, 53, 54, 55, 56, 57, 58, 59, 60, 61, 62, 63, 64, 65, 66], "start_line": 9, "executed_branches": [[31, 32], [31, 34], [35, 38], [39, 40]], "missing_branches": [[20, 21], [20, 22], [23, 24], [23, 26], [35, 36], [39, 42], [42, 43], [42, 45], [83, 84], [83, 85]]}, "": {"executed_lines": [1, 3, 4, 9, 12, 14, 17, 29, 68, 72, 76, 77, 87], "summary": {"covered_lines": 13, "num_statements": 14, "percent_covered": 92.85714285714286, "percent_covered_display": "92.86", "missing_lines": 1, "excluded_lines": 4, "percent_statements_covered": 92.85714285714286, "percent_statements_covered_display": "92.86", "num_branches": 0, "num_partial_branches": 0, "covered_branches": 0, "missing_branches": 0, "percent_branches_covered": 100.0, "percent_branches_covered_display": "100.00"}, "missing_lines": [89], "excluded_lines": [5, 6, 7, 48], "start_line": 1, "executed_branches": [], "missing_branches": []}}}, "src/app/cache_provider.py": {"executed_lines": [1, 2, 3, 4, 5, 6, 8, 9, 11, 14, 15, 16, 19, 25, 33, 34, 36, 37, 40, 58, 86, 97, 100, 101, 103, 104, 107, 108, 109, 110, 111, 112, 114, 115, 116, 118, 119, 122, 123, 125, 126, 129, 130, 134, 135, 137, 138, 139, 141, 142, 144, 145, 147, 148, 150, 151], "summary": {"covered_lines": 56, "num_statements": 78, "percent_covered": 70.2127659574468, "percent_covered_display": "70.21", "missing_lines": 22, "excluded_lines": 0, "percent_statements_covered": 71.7948717948718, "percent_statements_covered_display": "71.79", "num_branches": 16, "num_partial_branches": 0, "covered_branches": 10, "missing_branches": 6, "percent_branches_covered": 62.5, "percent_branches_covered_display": "62.50"}, "missing_lines": [38, 49, 50, 53, 54, 56, 68, 70, 71, 72, 73, 74, 75, 76, 77, 78, 80, 81, 83, 84, 93, 94], "excluded_lines": [], "executed_branches": [[107, 108], [107, 114], [114, 115], [114, 118], [125, 126], [125, 129], [129, 130], [129, 134], [144, 145], [144, 147]], "missing_branches": [[70, 71], [70, 80], [73, 74], [73, 77], [80, 81], [80, 83]], "functions": {"TTLAsyncKeyValue.__init__": {"executed_lines": [33, 34], "summary": {"covered_lines": 2, "num_statements": 2, "percent_covered": 100.0, "percent_covered_display": "100.00", "missing_lines": 0, "excluded_lines": 0, "percent_statements_covered": 100.0, "percent_statements_covered_display": "100.00", "num_branches": 0, "num_partial_branches": 0, "covered_branches": 0, "missing_branches": 0, "percent_branches_covered": 100.0, "percent_branches_covered_display": "100.00"}, "missing_lines": [], "excluded_lines": [], "start_line": 25, "executed_branches": [], "missing_branches": []}, "TTLAsyncKeyValue._is_cache_entry": {"executed_lines": [], "summary": {"covered_lines": 0, "num_statements": 1, "percent_covered": 0.0, "percent_covered_display": "0.00", "missing_lines": 1, "excluded_lines": 0, "percent_statements_covered": 0.0, "percent_statements_covered_display": "0.00", "num_branches": 0, "num_partial_branches": 0, "covered_branches": 0, "missing_branches": 0, "percent_branches_covered": 100.0, "percent_branches_covered_display": "100.00"}, "missing_lines": [38], "excluded_lines": [], "start_line": 37, "executed_branches": [], "missing_branches": []}, "TTLAsyncKeyValue.set": {"executed_lines": [], "summary": {"covered_lines": 0, "num_statements": 5, "percent_covered": 0.0, "percent_covered_display": "0.00", "missing_lines": 5, "excluded_lines": 0, "percent_statements_covered": 0.0, "percent_statements_covered_display": "0.00", "num_branches": 0, "num_partial_branches": 0, "covered_branches": 0, "missing_branches": 0, "percent_branches_covered": 100.0, "percent_branches_covered_display": "100.00"}, "missing_lines": [49, 50, 53, 54, 56], "excluded_lines": [], "start_line": 40, "executed_branches": [], "missing_branches": []}, "TTLAsyncKeyValue.get": {"executed_lines": [], "summary": {"covered_lines": 0, "num_statements": 14, "percent_covered": 0.0, "percent_covered_display": "0.00", "missing_lines": 14, "excluded_lines": 0, "percent_statements_covered": 0.0, "percent_statements_covered_display": "0.00", "num_branches": 6, "num_partial_branches": 0, "covered_branches": 0, "missing_branches": 6, "percent_branches_covered": 0.0, "percent_branches_covered_display": "0.00"}, "missing_lines": [68, 70, 71, 72, 73, 74, 75, 76, 77, 78, 80, 81, 83, 84], "excluded_lines": [], "start_line": 58, "executed_branches": [], "missing_branches": [[70, 71], [70, 80], [73, 74], [73, 77], [80, 81], [80, 83]]}, "TTLAsyncKeyValue.delete": {"executed_lines": [], "summary": {"covered_lines": 0, "num_statements": 2, "percent_covered": 0.0, "percent_covered_display": "0.00", "missing_lines": 2, "excluded_lines": 0, "percent_statements_covered": 0.0, "percent_statements_covered_display": "0.00", "num_branches": 0, "num_partial_branches": 0, "covered_branches": 0, "missing_branches": 0, "percent_branches_covered": 100.0, "percent_branches_covered_display": "100.00"}, "missing_lines": [93, 94], "excluded_lines": [], "start_line": 86, "executed_branches": [], "missing_branches": []}, "CacheProvider._create_key_value_store": {"executed_lines": [107, 108, 109, 110, 111, 112, 114, 115, 116, 118, 119], "summary": {"covered_lines": 11, "num_statements": 11, "percent_covered": 100.0, "percent_covered_display": "100.00", "missing_lines": 0, "excluded_lines": 0, "percent_statements_covered": 100.0, "percent_statements_covered_display": "100.00", "num_branches": 4, "num_partial_branches": 0, "covered_branches": 4, "missing_branches": 0, "percent_branches_covered": 100.0, "percent_branches_covered_display": "100.00"}, "missing_lines": [], "excluded_lines": [], "start_line": 104, "executed_branches": [[107, 108], [107, 114], [114, 115], [114, 118]], "missing_branches": []}, "CacheProvider.get_oauth_store": {"executed_lines": [125, 126, 129, 130, 134, 135, 137, 138, 139], "summary": {"covered_lines": 9, "num_statements": 9, "percent_covered": 100.0, "percent_covered_display": "100.00", "missing_lines": 0, "excluded_lines": 0, "percent_statements_covered": 100.0, "percent_statements_covered_display": "100.00", "num_branches": 4, "num_partial_branches": 0, "covered_branches": 4, "missing_branches": 0, "percent_branches_covered": 100.0, "percent_branches_covered_display": "100.00"}, "missing_lines": [], "excluded_lines": [], "start_line": 123, "executed_branches": [[125, 126], [125, 129], [129, 130], [129, 134]], "missing_branches": []}, "CacheProvider.get_cache_store": {"executed_lines": [144, 145, 147, 148, 150, 151], "summary": {"covered_lines": 6, "num_statements": 6, "percent_covered": 100.0, "percent_covered_display": "100.00", "missing_lines": 0, "excluded_lines": 0, "percent_statements_covered": 100.0, "percent_statements_covered_display": "100.00", "num_branches": 2, "num_partial_branches": 0, "covered_branches": 2, "missing_branches": 0, "percent_branches_covered": 100.0, "percent_branches_covered_display": "100.00"}, "missing_lines": [], "excluded_lines": [], "start_line": 142, "executed_branches": [[144, 145], [144, 147]], "missing_branches": []}, "": {"executed_lines": [1, 2, 3, 4, 5, 6, 8, 9, 11, 14, 15, 16, 19, 25, 36, 37, 40, 58, 86, 97, 100, 101, 103, 104, 122, 123, 141, 142], "summary": {"covered_lines": 28, "num_statements": 28, "percent_covered": 100.0, "percent_covered_display": "100.00", "missing_lines": 0, "excluded_lines": 0, "percent_statements_covered": 100.0, "percent_statements_covered_display": "100.00", "num_branches": 0, "num_partial_branches": 0, "covered_branches": 0, "missing_branches": 0, "percent_branches_covered": 100.0, "percent_branches_covered_display": "100.00"}, "missing_lines": [], "excluded_lines": [], "start_line": 1, "executed_branches": [], "missing_branches": []}}, "classes": {"CacheEntry": {"executed_lines": [], "summary": {"covered_lines": 0, "num_statements": 0, "percent_covered": 100.0, "percent_covered_display": "100.00", "missing_lines": 0, "excluded_lines": 0, "percent_statements_covered": 100.0, "percent_statements_covered_display": "100.00", "num_branches": 0, "num_partial_branches": 0, "covered_branches": 0, "missing_branches": 0, "percent_branches_covered": 100.0, "percent_branches_covered_display": "100.00"}, "missing_lines": [], "excluded_lines": [], "start_line": 14, "executed_branches": [], "missing_branches": []}, "TTLAsyncKeyValue": {"executed_lines": [33, 34], "summary": {"covered_lines": 2, "num_statements": 24, "percent_covered": 6.666666666666667, "percent_covered_display": "6.67", "missing_lines": 22, "excluded_lines": 0, "percent_statements_covered": 8.333333333333334, "percent_statements_covered_display": "8.33", "num_branches": 6, "num_partial_branches": 0, "covered_branches": 0, "missing_branches": 6, "percent_branches_covered": 0.0, "percent_branches_covered_display": "0.00"}, "missing_lines": [38, 49, 50, 53, 54, 56, 68, 70, 71, 72, 73, 74, 75, 76, 77, 78, 80, 81, 83, 84, 93, 94], "excluded_lines": [], "start_line": 19, "executed_branches": [], "missing_branches": [[70, 71], [70, 80], [73, 74], [73, 77], [80, 81], [80, 83]]}, "CacheProvider": {"executed_lines": [107, 108, 109, 110, 111, 112, 114, 115, 116, 118, 119, 125, 126, 129, 130, 134, 135, 137, 138, 139, 144, 145, 147, 148, 150, 151], "summary": {"covered_lines": 26, "num_statements": 26, "percent_covered": 100.0, "percent_covered_display": "100.00", "missing_lines": 0, "excluded_lines": 0, "percent_statements_covered": 100.0, "percent_statements_covered_display": "100.00", "num_branches": 10, "num_partial_branches": 0, "covered_branches": 10, "missing_branches": 0, "percent_branches_covered": 100.0, "percent_branches_covered_display": "100.00"}, "missing_lines": [], "excluded_lines": [], "start_line": 97, "executed_branches": [[107, 108], [107, 114], [114, 115], [114, 118], [125, 126], [125, 129], [129, 130], [129, 134], [144, 145], [144, 147]], "missing_branches": []}, "": {"executed_lines": [1, 2, 3, 4, 5, 6, 8, 9, 11, 14, 15, 16, 19, 25, 36, 37, 40, 58, 86, 97, 100, 101, 103, 104, 122, 123, 141, 142], "summary": {"covered_lines": 28, "num_statements": 28, "percent_covered": 100.0, "percent_covered_display": "100.00", "missing_lines": 0, "excluded_lines": 0, "percent_statements_covered": 100.0, "percent_statements_covered_display": "100.00", "num_branches": 0, "num_partial_branches": 0, "covered_branches": 0, "missing_branches": 0, "percent_branches_covered": 100.0, "percent_branches_covered_display": "100.00"}, "missing_lines": [], "excluded_lines": [], "start_line": 1, "executed_branches": [], "missing_branches": []}}}, "src/app/lifespan.py": {"executed_lines": [5, 6, 8, 10, 11, 13, 16, 28, 30, 32, 33, 44, 45, 47, 48, 62, 63, 65, 66, 68, 83, 87, 88, 91, 92, 94, 102], "summary": {"covered_lines": 27, "num_statements": 48, "percent_covered": 53.44827586206897, "percent_covered_display": "53.45", "missing_lines": 21, "excluded_lines": 0, "percent_statements_covered": 56.25, "percent_statements_covered_display": "56.25", "num_branches": 10, "num_partial_branches": 4, "covered_branches": 4, "missing_branches": 6, "percent_branches_covered": 40.0, "percent_branches_covered_display": "40.00"}, "missing_lines": [69, 70, 71, 72, 74, 75, 76, 77, 78, 79, 80, 81, 84, 85, 95, 96, 97, 98, 99, 100, 103], "excluded_lines": [], "executed_branches": [[68, 83], [83, 87], [94, 102], [102, -47]], "missing_branches": [[68, 69], [70, 71], [70, 74], [83, 84], [94, 95], [102, 103]], "functions": {"AppLifespanManager.__init__": {"executed_lines": [30], "summary": {"covered_lines": 1, "num_statements": 1, "percent_covered": 100.0, "percent_covered_display": "100.00", "missing_lines": 0, "excluded_lines": 0, "percent_statements_covered": 100.0, "percent_statements_covered_display": "100.00", "num_branches": 0, "num_partial_branches": 0, "covered_branches": 0, "missing_branches": 0, "percent_branches_covered": 100.0, "percent_branches_covered_display": "100.00"}, "missing_lines": [], "excluded_lines": [], "start_line": 28, "executed_branches": [], "missing_branches": []}, "AppLifespanManager.lifespans": {"executed_lines": [44, 45], "summary": {"covered_lines": 2, "num_statements": 2, "percent_covered": 100.0, "percent_covered_display": "100.00", "missing_lines": 0, "excluded_lines": 0, "percent_statements_covered": 100.0, "percent_statements_covered_display": "100.00", "num_branches": 0, "num_partial_branches": 0, "covered_branches": 0, "missing_branches": 0, "percent_branches_covered": 100.0, "percent_branches_covered_display": "100.00"}, "missing_lines": [], "excluded_lines": [], "start_line": 33, "executed_branches": [], "missing_branches": []}, "AppLifespanManager._create_app_lifespans": {"executed_lines": [62, 63, 65, 66, 68, 83, 87, 88, 91, 92, 94, 102], "summary": {"covered_lines": 12, "num_statements": 33, "percent_covered": 37.2093023255814, "percent_covered_display": "37.21", "missing_lines": 21, "excluded_lines": 0, "percent_statements_covered": 36.36363636363637, "percent_statements_covered_display": "36.36", "num_branches": 10, "num_partial_branches": 4, "covered_branches": 4, "missing_branches": 6, "percent_branches_covered": 40.0, "percent_branches_covered_display": "40.00"}, "missing_lines": [69, 70, 71, 72, 74, 75, 76, 77, 78, 79, 80, 81, 84, 85, 95, 96, 97, 98, 99, 100, 103], "excluded_lines": [], "start_line": 48, "executed_branches": [[68, 83], [83, 87], [94, 102], [102, -47]], "missing_branches": [[68, 69], [70, 71], [70, 74], [83, 84], [94, 95], [102, 103]]}, "": {"executed_lines": [5, 6, 8, 10, 11, 13, 16, 28, 32, 33, 47, 48], "summary": {"covered_lines": 12, "num_statements": 12, "percent_covered": 100.0, "percent_covered_display": "100.00", "missing_lines": 0, "excluded_lines": 0, "percent_statements_covered": 100.0, "percent_statements_covered_display": "100.00", "num_branches": 0, "num_partial_branches": 0, "covered_branches": 0, "missing_branches": 0, "percent_branches_covered": 100.0, "percent_branches_covered_display": "100.00"}, "missing_lines": [], "excluded_lines": [], "start_line": 1, "executed_branches": [], "missing_branches": []}}, "classes": {"AppLifespanManager": {"executed_lines": [30, 44, 45, 62, 63, 65, 66, 68, 83, 87, 88, 91, 92, 94, 102], "summary": {"covered_lines": 15, "num_statements": 36, "percent_covered": 41.30434782608695, "percent_covered_display": "41.30", "missing_lines": 21, "excluded_lines": 0, "percent_statements_covered": 41.666666666666664, "percent_statements_covered_display": "41.67", "num_branches": 10, "num_partial_branches": 4, "covered_branches": 4, "missing_branches": 6, "percent_branches_covered": 40.0, "percent_branches_covered_display": "40.00"}, "missing_lines": [69, 70, 71, 72, 74, 75, 76, 77, 78, 79, 80, 81, 84, 85, 95, 96, 97, 98, 99, 100, 103], "excluded_lines": [], "start_line": 16, "executed_branches": [[68, 83], [83, 87], [94, 102], [102, -47]], "missing_branches": [[68, 69], [70, 71], [70, 74], [83, 84], [94, 95], [102, 103]]}, "": {"executed_lines": [5, 6, 8, 10, 11, 13, 16, 28, 32, 33, 47, 48], "summary": {"covered_lines": 12, "num_statements": 12, "percent_covered": 100.0, "percent_covered_display": "100.00", "missing_lines": 0, "excluded_lines": 0, "percent_statements_covered": 100.0, "percent_statements_covered_display": "100.00", "num_branches": 0, "num_partial_branches": 0, "covered_branches": 0, "missing_branches": 0, "percent_branches_covered": 100.0, "percent_branches_covered_display": "100.00"}, "missing_lines": [], "excluded_lines": [], "start_line": 1, "executed_branches": [], "missing_branches": []}}}, "src/app/middleware_provider.py": {"executed_lines": [1, 2, 3, 5, 6, 7, 8, 9, 10, 12, 14, 27, 29, 31, 46, 49, 58, 90, 91, 103, 104, 105, 106, 109, 111, 114, 115, 116, 119, 129, 134, 143, 150, 153, 155, 156, 158], "summary": {"covered_lines": 37, "num_statements": 78, "percent_covered": 42.857142857142854, "percent_covered_display": "42.86", "missing_lines": 41, "excluded_lines": 0, "percent_statements_covered": 47.43589743589744, "percent_statements_covered_display": "47.44", "num_branches": 20, "num_partial_branches": 1, "covered_branches": 5, "missing_branches": 15, "percent_branches_covered": 25.0, "percent_branches_covered_display": "25.00"}, "missing_lines": [33, 34, 36, 37, 38, 43, 50, 51, 52, 53, 54, 55, 56, 59, 60, 62, 63, 64, 65, 67, 68, 69, 70, 71, 72, 74, 75, 76, 82, 88, 92, 93, 94, 95, 96, 98, 99, 101, 131, 136, 154], "excluded_lines": [], "executed_branches": [[104, 105], [104, 106], [153, 155], [155, 156], [155, 158]], "missing_branches": [[33, 34], [33, 36], [37, 38], [37, 43], [59, 60], [59, 62], [74, 75], [74, 82], [93, 94], [93, 98], [95, 96], [95, 98], [98, 99], [98, 101], [153, 154]], "functions": {"AuthHeaderMiddleware.dispatch": {"executed_lines": [], "summary": {"covered_lines": 0, "num_statements": 6, "percent_covered": 0.0, "percent_covered_display": "0.00", "missing_lines": 6, "excluded_lines": 0, "percent_statements_covered": 0.0, "percent_statements_covered_display": "0.00", "num_branches": 4, "num_partial_branches": 0, "covered_branches": 0, "missing_branches": 4, "percent_branches_covered": 0.0, "percent_branches_covered_display": "0.00"}, "missing_lines": [33, 34, 36, 37, 38, 43], "excluded_lines": [], "start_line": 31, "executed_branches": [], "missing_branches": [[33, 34], [33, 36], [37, 38], [37, 43]]}, "RateLimitMiddleware.__init__": {"executed_lines": [], "summary": {"covered_lines": 0, "num_statements": 7, "percent_covered": 0.0, "percent_covered_display": "0.00", "missing_lines": 7, "excluded_lines": 0, "percent_statements_covered": 0.0, "percent_statements_covered_display": "0.00", "num_branches": 0, "num_partial_branches": 0, "covered_branches": 0, "missing_branches": 0, "percent_branches_covered": 100.0, "percent_branches_covered_display": "100.00"}, "missing_lines": [50, 51, 52, 53, 54, 55, 56], "excluded_lines": [], "start_line": 49, "executed_branches": [], "missing_branches": []}, "RateLimitMiddleware.dispatch": {"executed_lines": [], "summary": {"covered_lines": 0, "num_statements": 17, "percent_covered": 0.0, "percent_covered_display": "0.00", "missing_lines": 17, "excluded_lines": 0, "percent_statements_covered": 0.0, "percent_statements_covered_display": "0.00", "num_branches": 4, "num_partial_branches": 0, "covered_branches": 0, "missing_branches": 4, "percent_branches_covered": 0.0, "percent_branches_covered_display": "0.00"}, "missing_lines": [59, 60, 62, 63, 64, 65, 67, 68, 69, 70, 71, 72, 74, 75, 76, 82, 88], "excluded_lines": [], "start_line": 58, "executed_branches": [], "missing_branches": [[59, 60], [59, 62], [74, 75], [74, 82]]}, "RateLimitMiddleware._get_client_ip": {"executed_lines": [], "summary": {"covered_lines": 0, "num_statements": 8, "percent_covered": 0.0, "percent_covered_display": "0.00", "missing_lines": 8, "excluded_lines": 0, "percent_statements_covered": 0.0, "percent_statements_covered_display": "0.00", "num_branches": 6, "num_partial_branches": 0, "covered_branches": 0, "missing_branches": 6, "percent_branches_covered": 0.0, "percent_branches_covered_display": "0.00"}, "missing_lines": [92, 93, 94, 95, 96, 98, 99, 101], "excluded_lines": [], "start_line": 91, "executed_branches": [], "missing_branches": [[93, 94], [93, 98], [95, 96], [95, 98], [98, 99], [98, 101]]}, "_parse_csv": {"executed_lines": [104, 105, 106], "summary": {"covered_lines": 3, "num_statements": 3, "percent_covered": 100.0, "percent_covered_display": "100.00", "missing_lines": 0, "excluded_lines": 0, "percent_statements_covered": 100.0, "percent_statements_covered_display": "100.00", "num_branches": 2, "num_partial_branches": 0, "covered_branches": 2, "missing_branches": 0, "percent_branches_covered": 100.0, "percent_branches_covered_display": "100.00"}, "missing_lines": [], "excluded_lines": [], "start_line": 103, "executed_branches": [[104, 105], [104, 106]], "missing_branches": []}, "_create_cros_middleware": {"executed_lines": [111, 114, 115, 116, 119], "summary": {"covered_lines": 5, "num_statements": 5, "percent_covered": 100.0, "percent_covered_display": "100.00", "missing_lines": 0, "excluded_lines": 0, "percent_statements_covered": 100.0, "percent_statements_covered_display": "100.00", "num_branches": 0, "num_partial_branches": 0, "covered_branches": 0, "missing_branches": 0, "percent_branches_covered": 100.0, "percent_branches_covered_display": "100.00"}, "missing_lines": [], "excluded_lines": [], "start_line": 109, "executed_branches": [], "missing_branches": []}, "_create_auth_header_middleware": {"executed_lines": [], "summary": {"covered_lines": 0, "num_statements": 1, "percent_covered": 0.0, "percent_covered_display": "0.00", "missing_lines": 1, "excluded_lines": 0, "percent_statements_covered": 0.0, "percent_statements_covered_display": "0.00", "num_branches": 0, "num_partial_branches": 0, "covered_branches": 0, "missing_branches": 0, "percent_branches_covered": 100.0, "percent_branches_covered_display": "100.00"}, "missing_lines": [131], "excluded_lines": [], "start_line": 129, "executed_branches": [], "missing_branches": []}, "_create_rate_limit_middleware": {"executed_lines": [], "summary": {"covered_lines": 0, "num_statements": 1, "percent_covered": 0.0, "percent_covered_display": "0.00", "missing_lines": 1, "excluded_lines": 0, "percent_statements_covered": 0.0, "percent_statements_covered_display": "0.00", "num_branches": 0, "num_partial_branches": 0, "covered_branches": 0, "missing_branches": 0, "percent_branches_covered": 100.0, "percent_branches_covered_display": "100.00"}, "missing_lines": [136], "excluded_lines": [], "start_line": 134, "executed_branches": [], "missing_branches": []}, "get_middlewares": {"executed_lines": [150, 153, 155, 156, 158], "summary": {"covered_lines": 5, "num_statements": 6, "percent_covered": 80.0, "percent_covered_display": "80.00", "missing_lines": 1, "excluded_lines": 0, "percent_statements_covered": 83.33333333333333, "percent_statements_covered_display": "83.33", "num_branches": 4, "num_partial_branches": 1, "covered_branches": 3, "missing_branches": 1, "percent_branches_covered": 75.0, "percent_branches_covered_display": "75.00"}, "missing_lines": [154], "excluded_lines": [], "start_line": 143, "executed_branches": [[153, 155], [155, 156], [155, 158]], "missing_branches": [[153, 154]]}, "": {"executed_lines": [1, 2, 3, 5, 6, 7, 8, 9, 10, 12, 14, 27, 29, 31, 46, 49, 58, 90, 91, 103, 109, 129, 134, 143], "summary": {"covered_lines": 24, "num_statements": 24, "percent_covered": 100.0, "percent_covered_display": "100.00", "missing_lines": 0, "excluded_lines": 0, "percent_statements_covered": 100.0, "percent_statements_covered_display": "100.00", "num_branches": 0, "num_partial_branches": 0, "covered_branches": 0, "missing_branches": 0, "percent_branches_covered": 100.0, "percent_branches_covered_display": "100.00"}, "missing_lines": [], "excluded_lines": [], "start_line": 1, "executed_branches": [], "missing_branches": []}}, "classes": {"AuthHeaderMiddleware": {"executed_lines": [], "summary": {"covered_lines": 0, "num_statements": 6, "percent_covered": 0.0, "percent_covered_display": "0.00", "missing_lines": 6, "excluded_lines": 0, "percent_statements_covered": 0.0, "percent_statements_covered_display": "0.00", "num_branches": 4, "num_partial_branches": 0, "covered_branches": 0, "missing_branches": 4, "percent_branches_covered": 0.0, "percent_branches_covered_display": "0.00"}, "missing_lines": [33, 34, 36, 37, 38, 43], "excluded_lines": [], "start_line": 27, "executed_branches": [], "missing_branches": [[33, 34], [33, 36], [37, 38], [37, 43]]}, "RateLimitMiddleware": {"executed_lines": [], "summary": {"covered_lines": 0, "num_statements": 32, "percent_covered": 0.0, "percent_covered_display": "0.00", "missing_lines": 32, "excluded_lines": 0, "percent_statements_covered": 0.0, "percent_statements_covered_display": "0.00", "num_branches": 10, "num_partial_branches": 0, "covered_branches": 0, "missing_branches": 10, "percent_branches_covered": 0.0, "percent_branches_covered_display": "0.00"}, "missing_lines": [50, 51, 52, 53, 54, 55, 56, 59, 60, 62, 63, 64, 65, 67, 68, 69, 70, 71, 72, 74, 75, 76, 82, 88, 92, 93, 94, 95, 96, 98, 99, 101], "excluded_lines": [], "start_line": 46, "executed_branches": [], "missing_branches": [[59, 60], [59, 62], [74, 75], [74, 82], [93, 94], [93, 98], [95, 96], [95, 98], [98, 99], [98, 101]]}, "": {"executed_lines": [1, 2, 3, 5, 6, 7, 8, 9, 10, 12, 14, 27, 29, 31, 46, 49, 58, 90, 91, 103, 104, 105, 106, 109, 111, 114, 115, 116, 119, 129, 134, 143, 150, 153, 155, 156, 158], "summary": {"covered_lines": 37, "num_statements": 40, "percent_covered": 91.30434782608695, "percent_covered_display": "91.30", "missing_lines": 3, "excluded_lines": 0, "percent_statements_covered": 92.5, "percent_statements_covered_display": "92.50", "num_branches": 6, "num_partial_branches": 1, "covered_branches": 5, "missing_branches": 1, "percent_branches_covered": 83.33333333333333, "percent_branches_covered_display": "83.33"}, "missing_lines": [131, 136, 154], "excluded_lines": [], "start_line": 1, "executed_branches": [[104, 105], [104, 106], [153, 155], [155, 156], [155, 158]], "missing_branches": [[153, 154]]}}}, "src/app/server.py": {"executed_lines": [27, 28, 29, 30, 31, 32, 33, 42, 49, 52, 64, 66, 67, 68, 73, 104, 107, 108, 111, 114, 115, 117, 120, 121, 122, 124, 125, 130, 141, 149, 150, 151, 152, 153, 154, 155, 160, 179, 180, 181, 183, 184, 185, 187, 188, 190, 191, 196, 198], "summary": {"covered_lines": 49, "num_statements": 51, "percent_covered": 96.07843137254902, "percent_covered_display": "96.08", "missing_lines": 2, "excluded_lines": 2, "percent_statements_covered": 96.07843137254902, "percent_statements_covered_display": "96.08", "num_branches": 0, "num_partial_branches": 0, "covered_branches": 0, "missing_branches": 0, "percent_branches_covered": 100.0, "percent_branches_covered_display": "100.00"}, "missing_lines": [208, 209], "excluded_lines": [44, 45], "executed_branches": [], "missing_branches": [], "functions": {"MCPProxyServer.__init__": {"executed_lines": [66, 67, 68], "summary": {"covered_lines": 3, "num_statements": 3, "percent_covered": 100.0, "percent_covered_display": "100.00", "missing_lines": 0, "excluded_lines": 0, "percent_statements_covered": 100.0, "percent_statements_covered_display": "100.00", "num_branches": 0, "num_partial_branches": 0, "covered_branches": 0, "missing_branches": 0, "percent_branches_covered": 100.0, "percent_branches_covered_display": "100.00"}, "missing_lines": [], "excluded_lines": [], "start_line": 64, "executed_branches": [], "missing_branches": []}, "MCPProxyServer._async_start_server": {"executed_lines": [104, 107, 108, 111, 114, 115, 117, 120, 121, 122, 124, 125], "summary": {"covered_lines": 12, "num_statements": 12, "percent_covered": 100.0, "percent_covered_display": "100.00", "missing_lines": 0, "excluded_lines": 0, "percent_statements_covered": 100.0, "percent_statements_covered_display": "100.00", "num_branches": 0, "num_partial_branches": 0, "covered_branches": 0, "missing_branches": 0, "percent_branches_covered": 100.0, "percent_branches_covered_display": "100.00"}, "missing_lines": [], "excluded_lines": [], "start_line": 73, "executed_branches": [], "missing_branches": []}, "MCPProxyServer._log_startup_configuration": {"executed_lines": [141, 149, 150, 151, 152, 153, 154, 155], "summary": {"covered_lines": 8, "num_statements": 8, "percent_covered": 100.0, "percent_covered_display": "100.00", "missing_lines": 0, "excluded_lines": 0, "percent_statements_covered": 100.0, "percent_statements_covered_display": "100.00", "num_branches": 0, "num_partial_branches": 0, "covered_branches": 0, "missing_branches": 0, "percent_branches_covered": 100.0, "percent_branches_covered_display": "100.00"}, "missing_lines": [], "excluded_lines": [], "start_line": 130, "executed_branches": [], "missing_branches": []}, "MCPProxyServer.async_run": {"executed_lines": [179, 180, 181, 183, 184, 185, 187, 188, 190, 191, 196], "summary": {"covered_lines": 11, "num_statements": 11, "percent_covered": 100.0, "percent_covered_display": "100.00", "missing_lines": 0, "excluded_lines": 0, "percent_statements_covered": 100.0, "percent_statements_covered_display": "100.00", "num_branches": 0, "num_partial_branches": 0, "covered_branches": 0, "missing_branches": 0, "percent_branches_covered": 100.0, "percent_branches_covered_display": "100.00"}, "missing_lines": [], "excluded_lines": [], "start_line": 160, "executed_branches": [], "missing_branches": []}, "MCPProxyServer.run": {"executed_lines": [], "summary": {"covered_lines": 0, "num_statements": 2, "percent_covered": 0.0, "percent_covered_display": "0.00", "missing_lines": 2, "excluded_lines": 0, "percent_statements_covered": 0.0, "percent_statements_covered_display": "0.00", "num_branches": 0, "num_partial_branches": 0, "covered_branches": 0, "missing_branches": 0, "percent_branches_covered": 100.0, "percent_branches_covered_display": "100.00"}, "missing_lines": [208, 209], "excluded_lines": [], "start_line": 198, "executed_branches": [], "missing_branches": []}, "": {"executed_lines": [27, 28, 29, 30, 31, 32, 33, 42, 49, 52, 64, 73, 130, 160, 198], "summary": {"covered_lines": 15, "num_statements": 15, "percent_covered": 100.0, "percent_covered_display": "100.00", "missing_lines": 0, "excluded_lines": 2, "percent_statements_covered": 100.0, "percent_statements_covered_display": "100.00", "num_branches": 0, "num_partial_branches": 0, "covered_branches": 0, "missing_branches": 0, "percent_branches_covered": 100.0, "percent_branches_covered_display": "100.00"}, "missing_lines": [], "excluded_lines": [44, 45], "start_line": 1, "executed_branches": [], "missing_branches": []}}, "classes": {"MCPProxyServer": {"executed_lines": [66, 67, 68, 104, 107, 108, 111, 114, 115, 117, 120, 121, 122, 124, 125, 141, 149, 150, 151, 152, 153, 154, 155, 179, 180, 181, 183, 184, 185, 187, 188, 190, 191, 196], "summary": {"covered_lines": 34, "num_statements": 36, "percent_covered": 94.44444444444444, "percent_covered_display": "94.44", "missing_lines": 2, "excluded_lines": 0, "percent_statements_covered": 94.44444444444444, "percent_statements_covered_display": "94.44", "num_branches": 0, "num_partial_branches": 0, "covered_branches": 0, "missing_branches": 0, "percent_branches_covered": 100.0, "percent_branches_covered_display": "100.00"}, "missing_lines": [208, 209], "excluded_lines": [], "start_line": 52, "executed_branches": [], "missing_branches": []}, "": {"executed_lines": [27, 28, 29, 30, 31, 32, 33, 42, 49, 52, 64, 73, 130, 160, 198], "summary": {"covered_lines": 15, "num_statements": 15, "percent_covered": 100.0, "percent_covered_display": "100.00", "missing_lines": 0, "excluded_lines": 2, "percent_statements_covered": 100.0, "percent_statements_covered_display": "100.00", "num_branches": 0, "num_partial_branches": 0, "covered_branches": 0, "missing_branches": 0, "percent_branches_covered": 100.0, "percent_branches_covered_display": "100.00"}, "missing_lines": [], "excluded_lines": [44, 45], "start_line": 1, "executed_branches": [], "missing_branches": []}}}, "src/app/starlette_app.py": {"executed_lines": [8, 10, 11, 13, 14, 15, 16, 17, 18, 19, 20, 21, 27, 56, 73, 74, 75, 77, 78, 79, 80, 81, 83, 85, 95, 97, 108, 117, 118, 119, 120, 122, 137, 139, 140, 142, 150, 152, 165, 167, 168, 170, 175, 179, 185, 186, 187, 189, 190, 193, 194, 197, 198, 200], "summary": {"covered_lines": 54, "num_statements": 56, "percent_covered": 95.45454545454545, "percent_covered_display": "95.45", "missing_lines": 2, "excluded_lines": 3, "percent_statements_covered": 96.42857142857143, "percent_statements_covered_display": "96.43", "num_branches": 10, "num_partial_branches": 1, "covered_branches": 9, "missing_branches": 1, "percent_branches_covered": 90.0, "percent_branches_covered_display": "90.00"}, "missing_lines": [105, 106], "excluded_lines": [23, 24, 25], "executed_branches": [[139, -122], [139, 140], [167, -152], [167, 168], [185, 186], [185, 189], [189, 190], [189, 193], [197, 198]], "missing_branches": [[197, 200]], "functions": {"StarletteApp.__init__": {"executed_lines": [73, 74, 75, 77, 78, 79, 80, 81, 83], "summary": {"covered_lines": 9, "num_statements": 9, "percent_covered": 100.0, "percent_covered_display": "100.00", "missing_lines": 0, "excluded_lines": 0, "percent_statements_covered": 100.0, "percent_statements_covered_display": "100.00", "num_branches": 0, "num_partial_branches": 0, "covered_branches": 0, "missing_branches": 0, "percent_branches_covered": 100.0, "percent_branches_covered_display": "100.00"}, "missing_lines": [], "excluded_lines": [], "start_line": 56, "executed_branches": [], "missing_branches": []}, "StarletteApp._health_check_endpoint": {"executed_lines": [95], "summary": {"covered_lines": 1, "num_statements": 1, "percent_covered": 100.0, "percent_covered_display": "100.00", "missing_lines": 0, "excluded_lines": 0, "percent_statements_covered": 100.0, "percent_statements_covered_display": "100.00", "num_branches": 0, "num_partial_branches": 0, "covered_branches": 0, "missing_branches": 0, "percent_branches_covered": 100.0, "percent_branches_covered_display": "100.00"}, "missing_lines": [], "excluded_lines": [], "start_line": 85, "executed_branches": [], "missing_branches": []}, "StarletteApp._exception_handler": {"executed_lines": [], "summary": {"covered_lines": 0, "num_statements": 2, "percent_covered": 0.0, "percent_covered_display": "0.00", "missing_lines": 2, "excluded_lines": 0, "percent_statements_covered": 0.0, "percent_statements_covered_display": "0.00", "num_branches": 0, "num_partial_branches": 0, "covered_branches": 0, "missing_branches": 0, "percent_branches_covered": 100.0, "percent_branches_covered_display": "100.00"}, "missing_lines": [105, 106], "excluded_lines": [], "start_line": 97, "executed_branches": [], "missing_branches": []}, "StarletteApp.add_mcp_service": {"executed_lines": [117, 118, 119, 120], "summary": {"covered_lines": 4, "num_statements": 4, "percent_covered": 100.0, "percent_covered_display": "100.00", "missing_lines": 0, "excluded_lines": 0, "percent_statements_covered": 100.0, "percent_statements_covered_display": "100.00", "num_branches": 0, "num_partial_branches": 0, "covered_branches": 0, "missing_branches": 0, "percent_branches_covered": 100.0, "percent_branches_covered_display": "100.00"}, "missing_lines": [], "excluded_lines": [], "start_line": 108, "executed_branches": [], "missing_branches": []}, "StarletteApp.add_mcp_services": {"executed_lines": [137, 139, 140], "summary": {"covered_lines": 3, "num_statements": 3, "percent_covered": 100.0, "percent_covered_display": "100.00", "missing_lines": 0, "excluded_lines": 0, "percent_statements_covered": 100.0, "percent_statements_covered_display": "100.00", "num_branches": 2, "num_partial_branches": 0, "covered_branches": 2, "missing_branches": 0, "percent_branches_covered": 100.0, "percent_branches_covered_display": "100.00"}, "missing_lines": [], "excluded_lines": [], "start_line": 122, "executed_branches": [[139, -122], [139, 140]], "missing_branches": []}, "StarletteApp._add_llm_service": {"executed_lines": [150], "summary": {"covered_lines": 1, "num_statements": 1, "percent_covered": 100.0, "percent_covered_display": "100.00", "missing_lines": 0, "excluded_lines": 0, "percent_statements_covered": 100.0, "percent_statements_covered_display": "100.00", "num_branches": 0, "num_partial_branches": 0, "covered_branches": 0, "missing_branches": 0, "percent_branches_covered": 100.0, "percent_branches_covered_display": "100.00"}, "missing_lines": [], "excluded_lines": [], "start_line": 142, "executed_branches": [], "missing_branches": []}, "StarletteApp.add_llm_services": {"executed_lines": [165, 167, 168], "summary": {"covered_lines": 3, "num_statements": 3, "percent_covered": 100.0, "percent_covered_display": "100.00", "missing_lines": 0, "excluded_lines": 0, "percent_statements_covered": 100.0, "percent_statements_covered_display": "100.00", "num_branches": 2, "num_partial_branches": 0, "covered_branches": 2, "missing_branches": 0, "percent_branches_covered": 100.0, "percent_branches_covered_display": "100.00"}, "missing_lines": [], "excluded_lines": [], "start_line": 152, "executed_branches": [[167, -152], [167, 168]], "missing_branches": []}, "StarletteApp.build": {"executed_lines": [175, 179, 185, 186, 187, 189, 190, 193, 194, 197, 198, 200], "summary": {"covered_lines": 12, "num_statements": 12, "percent_covered": 94.44444444444444, "percent_covered_display": "94.44", "missing_lines": 0, "excluded_lines": 0, "percent_statements_covered": 100.0, "percent_statements_covered_display": "100.00", "num_branches": 6, "num_partial_branches": 1, "covered_branches": 5, "missing_branches": 1, "percent_branches_covered": 83.33333333333333, "percent_branches_covered_display": "83.33"}, "missing_lines": [], "excluded_lines": [], "start_line": 170, "executed_branches": [[185, 186], [185, 189], [189, 190], [189, 193], [197, 198]], "missing_branches": [[197, 200]]}, "": {"executed_lines": [8, 10, 11, 13, 14, 15, 16, 17, 18, 19, 20, 21, 27, 56, 85, 97, 108, 122, 142, 152, 170], "summary": {"covered_lines": 21, "num_statements": 21, "percent_covered": 100.0, "percent_covered_display": "100.00", "missing_lines": 0, "excluded_lines": 3, "percent_statements_covered": 100.0, "percent_statements_covered_display": "100.00", "num_branches": 0, "num_partial_branches": 0, "covered_branches": 0, "missing_branches": 0, "percent_branches_covered": 100.0, "percent_branches_covered_display": "100.00"}, "missing_lines": [], "excluded_lines": [23, 24, 25], "start_line": 1, "executed_branches": [], "missing_branches": []}}, "classes": {"StarletteApp": {"executed_lines": [73, 74, 75, 77, 78, 79, 80, 81, 83, 95, 117, 118, 119, 120, 137, 139, 140, 150, 165, 167, 168, 175, 179, 185, 186, 187, 189, 190, 193, 194, 197, 198, 200], "summary": {"covered_lines": 33, "num_statements": 35, "percent_covered": 93.33333333333333, "percent_covered_display": "93.33", "missing_lines": 2, "excluded_lines": 0, "percent_statements_covered": 94.28571428571429, "percent_statements_covered_display": "94.29", "num_branches": 10, "num_partial_branches": 1, "covered_branches": 9, "missing_branches": 1, "percent_branches_covered": 90.0, "percent_branches_covered_display": "90.00"}, "missing_lines": [105, 106], "excluded_lines": [], "start_line": 27, "executed_branches": [[139, -122], [139, 140], [167, -152], [167, 168], [185, 186], [185, 189], [189, 190], [189, 193], [197, 198]], "missing_branches": [[197, 200]]}, "": {"executed_lines": [8, 10, 11, 13, 14, 15, 16, 17, 18, 19, 20, 21, 27, 56, 85, 97, 108, 122, 142, 152, 170], "summary": {"covered_lines": 21, "num_statements": 21, "percent_covered": 100.0, "percent_covered_display": "100.00", "missing_lines": 0, "excluded_lines": 3, "percent_statements_covered": 100.0, "percent_statements_covered_display": "100.00", "num_branches": 0, "num_partial_branches": 0, "covered_branches": 0, "missing_branches": 0, "percent_branches_covered": 100.0, "percent_branches_covered_display": "100.00"}, "missing_lines": [], "excluded_lines": [23, 24, 25], "start_line": 1, "executed_branches": [], "missing_branches": []}}}, "src/app/swagger_provider.py": {"executed_lines": [8, 10, 11, 12, 13, 15, 21, 24, 32, 39, 40, 44, 62, 63, 65, 71, 78, 84, 95, 97, 101, 104, 105, 106, 122, 124, 129, 136, 137, 139, 151, 162, 174, 183, 194, 206, 230, 262, 263, 285, 301, 302, 321, 322, 323, 327, 340, 341, 347, 357, 358, 368, 390, 391, 393, 413, 414, 416, 431, 432, 434, 498, 499, 501, 552, 553, 555, 575, 576, 581, 835, 836, 878, 879, 884, 943, 944, 949, 980, 981, 986, 1084, 1085, 1090, 1091, 1207, 1217, 1232], "summary": {"covered_lines": 88, "num_statements": 89, "percent_covered": 96.96969696969697, "percent_covered_display": "96.97", "missing_lines": 1, "excluded_lines": 4, "percent_statements_covered": 98.87640449438203, "percent_statements_covered_display": "98.88", "num_branches": 10, "num_partial_branches": 2, "covered_branches": 8, "missing_branches": 2, "percent_branches_covered": 80.0, "percent_branches_covered_display": "80.00"}, "missing_lines": [98], "excluded_lines": [17, 18, 19, 841], "executed_branches": [[97, 101], [104, 105], [104, 122], [105, 104], [105, 106], [136, -129], [136, 137], [322, 323]], "missing_branches": [[97, 98], [322, 327]], "functions": {"SwaggerProvider.__init__": {"executed_lines": [39, 40], "summary": {"covered_lines": 2, "num_statements": 2, "percent_covered": 100.0, "percent_covered_display": "100.00", "missing_lines": 0, "excluded_lines": 0, "percent_statements_covered": 100.0, "percent_statements_covered_display": "100.00", "num_branches": 0, "num_partial_branches": 0, "covered_branches": 0, "missing_branches": 0, "percent_branches_covered": 100.0, "percent_branches_covered_display": "100.00"}, "missing_lines": [], "excluded_lines": [], "start_line": 32, "executed_branches": [], "missing_branches": []}, "SwaggerProvider.mount": {"executed_lines": [62, 63, 65, 71, 78], "summary": {"covered_lines": 5, "num_statements": 5, "percent_covered": 100.0, "percent_covered_display": "100.00", "missing_lines": 0, "excluded_lines": 0, "percent_statements_covered": 100.0, "percent_statements_covered_display": "100.00", "num_branches": 0, "num_partial_branches": 0, "covered_branches": 0, "missing_branches": 0, "percent_branches_covered": 100.0, "percent_branches_covered_display": "100.00"}, "missing_lines": [], "excluded_lines": [], "start_line": 44, "executed_branches": [], "missing_branches": []}, "SwaggerProvider._openapi_schema": {"executed_lines": [95, 97, 101, 104, 105, 106, 122, 124], "summary": {"covered_lines": 8, "num_statements": 9, "percent_covered": 86.66666666666667, "percent_covered_display": "86.67", "missing_lines": 1, "excluded_lines": 0, "percent_statements_covered": 88.88888888888889, "percent_statements_covered_display": "88.89", "num_branches": 6, "num_partial_branches": 1, "covered_branches": 5, "missing_branches": 1, "percent_branches_covered": 83.33333333333333, "percent_branches_covered_display": "83.33"}, "missing_lines": [98], "excluded_lines": [], "start_line": 84, "executed_branches": [[97, 101], [104, 105], [104, 122], [105, 104], [105, 106]], "missing_branches": [[97, 98]]}, "SwaggerProvider._add_llm_endpoints_to_schema": {"executed_lines": [136, 137, 139, 151, 162, 174, 183, 194, 206, 230], "summary": {"covered_lines": 10, "num_statements": 10, "percent_covered": 100.0, "percent_covered_display": "100.00", "missing_lines": 0, "excluded_lines": 0, "percent_statements_covered": 100.0, "percent_statements_covered_display": "100.00", "num_branches": 2, "num_partial_branches": 0, "covered_branches": 2, "missing_branches": 0, "percent_branches_covered": 100.0, "percent_branches_covered_display": "100.00"}, "missing_lines": [], "excluded_lines": [], "start_line": 129, "executed_branches": [[136, -129], [136, 137]], "missing_branches": []}, "SwaggerProvider._build_post_endpoint": {"executed_lines": [285], "summary": {"covered_lines": 1, "num_statements": 1, "percent_covered": 100.0, "percent_covered_display": "100.00", "missing_lines": 0, "excluded_lines": 0, "percent_statements_covered": 100.0, "percent_statements_covered_display": "100.00", "num_branches": 0, "num_partial_branches": 0, "covered_branches": 0, "missing_branches": 0, "percent_branches_covered": 100.0, "percent_branches_covered_display": "100.00"}, "missing_lines": [], "excluded_lines": [], "start_line": 263, "executed_branches": [], "missing_branches": []}, "SwaggerProvider._build_get_endpoint": {"executed_lines": [321, 322, 323, 327], "summary": {"covered_lines": 4, "num_statements": 4, "percent_covered": 83.33333333333333, "percent_covered_display": "83.33", "missing_lines": 0, "excluded_lines": 0, "percent_statements_covered": 100.0, "percent_statements_covered_display": "100.00", "num_branches": 2, "num_partial_branches": 1, "covered_branches": 1, "missing_branches": 1, "percent_branches_covered": 50.0, "percent_branches_covered_display": "50.00"}, "missing_lines": [], "excluded_lines": [], "start_line": 302, "executed_branches": [[322, 323]], "missing_branches": [[322, 327]]}, "SwaggerProvider._standard_post_responses": {"executed_lines": [347], "summary": {"covered_lines": 1, "num_statements": 1, "percent_covered": 100.0, "percent_covered_display": "100.00", "missing_lines": 0, "excluded_lines": 0, "percent_statements_covered": 100.0, "percent_statements_covered_display": "100.00", "num_branches": 0, "num_partial_branches": 0, "covered_branches": 0, "missing_branches": 0, "percent_branches_covered": 100.0, "percent_branches_covered_display": "100.00"}, "missing_lines": [], "excluded_lines": [], "start_line": 341, "executed_branches": [], "missing_branches": []}, "SwaggerProvider._register_component_schemas": {"executed_lines": [368], "summary": {"covered_lines": 1, "num_statements": 1, "percent_covered": 100.0, "percent_covered_display": "100.00", "missing_lines": 0, "excluded_lines": 0, "percent_statements_covered": 100.0, "percent_statements_covered_display": "100.00", "num_branches": 0, "num_partial_branches": 0, "covered_branches": 0, "missing_branches": 0, "percent_branches_covered": 100.0, "percent_branches_covered_display": "100.00"}, "missing_lines": [], "excluded_lines": [], "start_line": 358, "executed_branches": [], "missing_branches": []}, "SwaggerProvider._openai_function_schema": {"executed_lines": [393], "summary": {"covered_lines": 1, "num_statements": 1, "percent_covered": 100.0, "percent_covered_display": "100.00", "missing_lines": 0, "excluded_lines": 0, "percent_statements_covered": 100.0, "percent_statements_covered_display": "100.00", "num_branches": 0, "num_partial_branches": 0, "covered_branches": 0, "missing_branches": 0, "percent_branches_covered": 100.0, "percent_branches_covered_display": "100.00"}, "missing_lines": [], "excluded_lines": [], "start_line": 391, "executed_branches": [], "missing_branches": []}, "SwaggerProvider._openai_tool_call_schema": {"executed_lines": [416], "summary": {"covered_lines": 1, "num_statements": 1, "percent_covered": 100.0, "percent_covered_display": "100.00", "missing_lines": 0, "excluded_lines": 0, "percent_statements_covered": 100.0, "percent_statements_covered_display": "100.00", "num_branches": 0, "num_partial_branches": 0, "covered_branches": 0, "missing_branches": 0, "percent_branches_covered": 100.0, "percent_branches_covered_display": "100.00"}, "missing_lines": [], "excluded_lines": [], "start_line": 414, "executed_branches": [], "missing_branches": []}, "SwaggerProvider._openai_message_schema": {"executed_lines": [434], "summary": {"covered_lines": 1, "num_statements": 1, "percent_covered": 100.0, "percent_covered_display": "100.00", "missing_lines": 0, "excluded_lines": 0, "percent_statements_covered": 100.0, "percent_statements_covered_display": "100.00", "num_branches": 0, "num_partial_branches": 0, "covered_branches": 0, "missing_branches": 0, "percent_branches_covered": 100.0, "percent_branches_covered_display": "100.00"}, "missing_lines": [], "excluded_lines": [], "start_line": 432, "executed_branches": [], "missing_branches": []}, "SwaggerProvider._anthropic_content_block_schema": {"executed_lines": [501], "summary": {"covered_lines": 1, "num_statements": 1, "percent_covered": 100.0, "percent_covered_display": "100.00", "missing_lines": 0, "excluded_lines": 0, "percent_statements_covered": 100.0, "percent_statements_covered_display": "100.00", "num_branches": 0, "num_partial_branches": 0, "covered_branches": 0, "missing_branches": 0, "percent_branches_covered": 100.0, "percent_branches_covered_display": "100.00"}, "missing_lines": [], "excluded_lines": [], "start_line": 499, "executed_branches": [], "missing_branches": []}, "SwaggerProvider._anthropic_tool_schema": {"executed_lines": [555], "summary": {"covered_lines": 1, "num_statements": 1, "percent_covered": 100.0, "percent_covered_display": "100.00", "missing_lines": 0, "excluded_lines": 0, "percent_statements_covered": 100.0, "percent_statements_covered_display": "100.00", "num_branches": 0, "num_partial_branches": 0, "covered_branches": 0, "missing_branches": 0, "percent_branches_covered": 100.0, "percent_branches_covered_display": "100.00"}, "missing_lines": [], "excluded_lines": [], "start_line": 553, "executed_branches": [], "missing_branches": []}, "SwaggerProvider._chat_completions_schema": {"executed_lines": [581], "summary": {"covered_lines": 1, "num_statements": 1, "percent_covered": 100.0, "percent_covered_display": "100.00", "missing_lines": 0, "excluded_lines": 0, "percent_statements_covered": 100.0, "percent_statements_covered_display": "100.00", "num_branches": 0, "num_partial_branches": 0, "covered_branches": 0, "missing_branches": 0, "percent_branches_covered": 100.0, "percent_branches_covered_display": "100.00"}, "missing_lines": [], "excluded_lines": [], "start_line": 576, "executed_branches": [], "missing_branches": []}, "SwaggerProvider._embeddings_schema": {"executed_lines": [], "summary": {"covered_lines": 0, "num_statements": 0, "percent_covered": 100.0, "percent_covered_display": "100.00", "missing_lines": 0, "excluded_lines": 1, "percent_statements_covered": 100.0, "percent_statements_covered_display": "100.00", "num_branches": 0, "num_partial_branches": 0, "covered_branches": 0, "missing_branches": 0, "percent_branches_covered": 100.0, "percent_branches_covered_display": "100.00"}, "missing_lines": [], "excluded_lines": [841], "start_line": 836, "executed_branches": [], "missing_branches": []}, "SwaggerProvider._audio_transcriptions_schema": {"executed_lines": [884], "summary": {"covered_lines": 1, "num_statements": 1, "percent_covered": 100.0, "percent_covered_display": "100.00", "missing_lines": 0, "excluded_lines": 0, "percent_statements_covered": 100.0, "percent_statements_covered_display": "100.00", "num_branches": 0, "num_partial_branches": 0, "covered_branches": 0, "missing_branches": 0, "percent_branches_covered": 100.0, "percent_branches_covered_display": "100.00"}, "missing_lines": [], "excluded_lines": [], "start_line": 879, "executed_branches": [], "missing_branches": []}, "SwaggerProvider._audio_translations_schema": {"executed_lines": [949], "summary": {"covered_lines": 1, "num_statements": 1, "percent_covered": 100.0, "percent_covered_display": "100.00", "missing_lines": 0, "excluded_lines": 0, "percent_statements_covered": 100.0, "percent_statements_covered_display": "100.00", "num_branches": 0, "num_partial_branches": 0, "covered_branches": 0, "missing_branches": 0, "percent_branches_covered": 100.0, "percent_branches_covered_display": "100.00"}, "missing_lines": [], "excluded_lines": [], "start_line": 944, "executed_branches": [], "missing_branches": []}, "SwaggerProvider._image_generations_schema": {"executed_lines": [986], "summary": {"covered_lines": 1, "num_statements": 1, "percent_covered": 100.0, "percent_covered_display": "100.00", "missing_lines": 0, "excluded_lines": 0, "percent_statements_covered": 100.0, "percent_statements_covered_display": "100.00", "num_branches": 0, "num_partial_branches": 0, "covered_branches": 0, "missing_branches": 0, "percent_branches_covered": 100.0, "percent_branches_covered_display": "100.00"}, "missing_lines": [], "excluded_lines": [], "start_line": 981, "executed_branches": [], "missing_branches": []}, "SwaggerProvider._anthropic_messages_schema": {"executed_lines": [1090, 1091], "summary": {"covered_lines": 2, "num_statements": 2, "percent_covered": 100.0, "percent_covered_display": "100.00", "missing_lines": 0, "excluded_lines": 0, "percent_statements_covered": 100.0, "percent_statements_covered_display": "100.00", "num_branches": 0, "num_partial_branches": 0, "covered_branches": 0, "missing_branches": 0, "percent_branches_covered": 100.0, "percent_branches_covered_display": "100.00"}, "missing_lines": [], "excluded_lines": [], "start_line": 1085, "executed_branches": [], "missing_branches": []}, "SwaggerProvider._redoc_html": {"executed_lines": [1217, 1232], "summary": {"covered_lines": 2, "num_statements": 2, "percent_covered": 100.0, "percent_covered_display": "100.00", "missing_lines": 0, "excluded_lines": 0, "percent_statements_covered": 100.0, "percent_statements_covered_display": "100.00", "num_branches": 0, "num_partial_branches": 0, "covered_branches": 0, "missing_branches": 0, "percent_branches_covered": 100.0, "percent_branches_covered_display": "100.00"}, "missing_lines": [], "excluded_lines": [], "start_line": 1207, "executed_branches": [], "missing_branches": []}, "": {"executed_lines": [8, 10, 11, 12, 13, 15, 21, 24, 32, 44, 84, 129, 262, 263, 301, 302, 340, 341, 357, 358, 390, 391, 413, 414, 431, 432, 498, 499, 552, 553, 575, 576, 835, 836, 878, 879, 943, 944, 980, 981, 1084, 1085, 1207], "summary": {"covered_lines": 43, "num_statements": 43, "percent_covered": 100.0, "percent_covered_display": "100.00", "missing_lines": 0, "excluded_lines": 3, "percent_statements_covered": 100.0, "percent_statements_covered_display": "100.00", "num_branches": 0, "num_partial_branches": 0, "covered_branches": 0, "missing_branches": 0, "percent_branches_covered": 100.0, "percent_branches_covered_display": "100.00"}, "missing_lines": [], "excluded_lines": [17, 18, 19], "start_line": 1, "executed_branches": [], "missing_branches": []}}, "classes": {"SwaggerProvider": {"executed_lines": [39, 40, 62, 63, 65, 71, 78, 95, 97, 101, 104, 105, 106, 122, 124, 136, 137, 139, 151, 162, 174, 183, 194, 206, 230, 285, 321, 322, 323, 327, 347, 368, 393, 416, 434, 501, 555, 581, 884, 949, 986, 1090, 1091, 1217, 1232], "summary": {"covered_lines": 45, "num_statements": 46, "percent_covered": 94.64285714285714, "percent_covered_display": "94.64", "missing_lines": 1, "excluded_lines": 1, "percent_statements_covered": 97.82608695652173, "percent_statements_covered_display": "97.83", "num_branches": 10, "num_partial_branches": 2, "covered_branches": 8, "missing_branches": 2, "percent_branches_covered": 80.0, "percent_branches_covered_display": "80.00"}, "missing_lines": [98], "excluded_lines": [841], "start_line": 24, "executed_branches": [[97, 101], [104, 105], [104, 122], [105, 104], [105, 106], [136, -129], [136, 137], [322, 323]], "missing_branches": [[97, 98], [322, 327]]}, "": {"executed_lines": [8, 10, 11, 12, 13, 15, 21, 24, 32, 44, 84, 129, 262, 263, 301, 302, 340, 341, 357, 358, 390, 391, 413, 414, 431, 432, 498, 499, 552, 553, 575, 576, 835, 836, 878, 879, 943, 944, 980, 981, 1084, 1085, 1207], "summary": {"covered_lines": 43, "num_statements": 43, "percent_covered": 100.0, "percent_covered_display": "100.00", "missing_lines": 0, "excluded_lines": 3, "percent_statements_covered": 100.0, "percent_statements_covered_display": "100.00", "num_branches": 0, "num_partial_branches": 0, "covered_branches": 0, "missing_branches": 0, "percent_branches_covered": 100.0, "percent_branches_covered_display": "100.00"}, "missing_lines": [], "excluded_lines": [17, 18, 19], "start_line": 1, "executed_branches": [], "missing_branches": []}}}, "src/auth_providers/__init__.py": {"executed_lines": [4, 7], "summary": {"covered_lines": 2, "num_statements": 2, "percent_covered": 100.0, "percent_covered_display": "100.00", "missing_lines": 0, "excluded_lines": 1, "percent_statements_covered": 100.0, "percent_statements_covered_display": "100.00", "num_branches": 0, "num_partial_branches": 0, "covered_branches": 0, "missing_branches": 0, "percent_branches_covered": 100.0, "percent_branches_covered_display": "100.00"}, "missing_lines": [], "excluded_lines": [5], "executed_branches": [], "missing_branches": [], "functions": {"": {"executed_lines": [4, 7], "summary": {"covered_lines": 2, "num_statements": 2, "percent_covered": 100.0, "percent_covered_display": "100.00", "missing_lines": 0, "excluded_lines": 1, "percent_statements_covered": 100.0, "percent_statements_covered_display": "100.00", "num_branches": 0, "num_partial_branches": 0, "covered_branches": 0, "missing_branches": 0, "percent_branches_covered": 100.0, "percent_branches_covered_display": "100.00"}, "missing_lines": [], "excluded_lines": [5], "start_line": 1, "executed_branches": [], "missing_branches": []}}, "classes": {"": {"executed_lines": [4, 7], "summary": {"covered_lines": 2, "num_statements": 2, "percent_covered": 100.0, "percent_covered_display": "100.00", "missing_lines": 0, "excluded_lines": 1, "percent_statements_covered": 100.0, "percent_statements_covered_display": "100.00", "num_branches": 0, "num_partial_branches": 0, "covered_branches": 0, "missing_branches": 0, "percent_branches_covered": 100.0, "percent_branches_covered_display": "100.00"}, "missing_lines": [], "excluded_lines": [5], "start_line": 1, "executed_branches": [], "missing_branches": []}}}, "src/auth_providers/api_auth_provider.py": {"executed_lines": [1, 2, 3, 4, 7, 10, 11, 15, 16, 18, 27, 29, 40, 41, 42, 45, 52, 53], "summary": {"covered_lines": 18, "num_statements": 18, "percent_covered": 100.0, "percent_covered_display": "100.00", "missing_lines": 0, "excluded_lines": 0, "percent_statements_covered": 100.0, "percent_statements_covered_display": "100.00", "num_branches": 2, "num_partial_branches": 0, "covered_branches": 2, "missing_branches": 0, "percent_branches_covered": 100.0, "percent_branches_covered_display": "100.00"}, "missing_lines": [], "excluded_lines": [], "executed_branches": [[40, 41], [40, 52]], "missing_branches": [], "functions": {"ApiKeyAuthProvider.__init__": {"executed_lines": [11, 15, 16], "summary": {"covered_lines": 3, "num_statements": 3, "percent_covered": 100.0, "percent_covered_display": "100.00", "missing_lines": 0, "excluded_lines": 0, "percent_statements_covered": 100.0, "percent_statements_covered_display": "100.00", "num_branches": 0, "num_partial_branches": 0, "covered_branches": 0, "missing_branches": 0, "percent_branches_covered": 100.0, "percent_branches_covered_display": "100.00"}, "missing_lines": [], "excluded_lines": [], "start_line": 10, "executed_branches": [], "missing_branches": []}, "ApiKeyAuthProvider._hash_token": {"executed_lines": [27], "summary": {"covered_lines": 1, "num_statements": 1, "percent_covered": 100.0, "percent_covered_display": "100.00", "missing_lines": 0, "excluded_lines": 0, "percent_statements_covered": 100.0, "percent_statements_covered_display": "100.00", "num_branches": 0, "num_partial_branches": 0, "covered_branches": 0, "missing_branches": 0, "percent_branches_covered": 100.0, "percent_branches_covered_display": "100.00"}, "missing_lines": [], "excluded_lines": [], "start_line": 18, "executed_branches": [], "missing_branches": []}, "ApiKeyAuthProvider.verify_token": {"executed_lines": [40, 41, 42, 45, 52, 53], "summary": {"covered_lines": 6, "num_statements": 6, "percent_covered": 100.0, "percent_covered_display": "100.00", "missing_lines": 0, "excluded_lines": 0, "percent_statements_covered": 100.0, "percent_statements_covered_display": "100.00", "num_branches": 2, "num_partial_branches": 0, "covered_branches": 2, "missing_branches": 0, "percent_branches_covered": 100.0, "percent_branches_covered_display": "100.00"}, "missing_lines": [], "excluded_lines": [], "start_line": 29, "executed_branches": [[40, 41], [40, 52]], "missing_branches": []}, "": {"executed_lines": [1, 2, 3, 4, 7, 10, 18, 29], "summary": {"covered_lines": 8, "num_statements": 8, "percent_covered": 100.0, "percent_covered_display": "100.00", "missing_lines": 0, "excluded_lines": 0, "percent_statements_covered": 100.0, "percent_statements_covered_display": "100.00", "num_branches": 0, "num_partial_branches": 0, "covered_branches": 0, "missing_branches": 0, "percent_branches_covered": 100.0, "percent_branches_covered_display": "100.00"}, "missing_lines": [], "excluded_lines": [], "start_line": 1, "executed_branches": [], "missing_branches": []}}, "classes": {"ApiKeyAuthProvider": {"executed_lines": [11, 15, 16, 27, 40, 41, 42, 45, 52, 53], "summary": {"covered_lines": 10, "num_statements": 10, "percent_covered": 100.0, "percent_covered_display": "100.00", "missing_lines": 0, "excluded_lines": 0, "percent_statements_covered": 100.0, "percent_statements_covered_display": "100.00", "num_branches": 2, "num_partial_branches": 0, "covered_branches": 2, "missing_branches": 0, "percent_branches_covered": 100.0, "percent_branches_covered_display": "100.00"}, "missing_lines": [], "excluded_lines": [], "start_line": 7, "executed_branches": [[40, 41], [40, 52]], "missing_branches": []}, "": {"executed_lines": [1, 2, 3, 4, 7, 10, 18, 29], "summary": {"covered_lines": 8, "num_statements": 8, "percent_covered": 100.0, "percent_covered_display": "100.00", "missing_lines": 0, "excluded_lines": 0, "percent_statements_covered": 100.0, "percent_statements_covered_display": "100.00", "num_branches": 0, "num_partial_branches": 0, "covered_branches": 0, "missing_branches": 0, "percent_branches_covered": 100.0, "percent_branches_covered_display": "100.00"}, "missing_lines": [], "excluded_lines": [], "start_line": 1, "executed_branches": [], "missing_branches": []}}}, "src/auth_providers/auth_pass_through.py": {"executed_lines": [1, 2, 3, 4, 5, 7, 9, 11, 12, 13, 14, 16, 17, 19, 22, 23, 24, 25, 27, 30, 31, 32, 33], "summary": {"covered_lines": 23, "num_statements": 23, "percent_covered": 100.0, "percent_covered_display": "100.00", "missing_lines": 0, "excluded_lines": 1, "percent_statements_covered": 100.0, "percent_statements_covered_display": "100.00", "num_branches": 6, "num_partial_branches": 0, "covered_branches": 6, "missing_branches": 0, "percent_branches_covered": 100.0, "percent_branches_covered_display": "100.00"}, "missing_lines": [], "excluded_lines": [10], "executed_branches": [[13, 14], [13, 16], [23, 24], [23, 25], [31, 32], [31, 33]], "missing_branches": [], "functions": {"AuthPassThrough._get_token": {"executed_lines": [12, 13, 14, 16, 17], "summary": {"covered_lines": 5, "num_statements": 5, "percent_covered": 100.0, "percent_covered_display": "100.00", "missing_lines": 0, "excluded_lines": 0, "percent_statements_covered": 100.0, "percent_statements_covered_display": "100.00", "num_branches": 2, "num_partial_branches": 0, "covered_branches": 2, "missing_branches": 0, "percent_branches_covered": 100.0, "percent_branches_covered_display": "100.00"}, "missing_lines": [], "excluded_lines": [], "start_line": 11, "executed_branches": [[13, 14], [13, 16]], "missing_branches": []}, "AuthPassThrough.auth_flow": {"executed_lines": [22, 23, 24, 25], "summary": {"covered_lines": 4, "num_statements": 4, "percent_covered": 100.0, "percent_covered_display": "100.00", "missing_lines": 0, "excluded_lines": 0, "percent_statements_covered": 100.0, "percent_statements_covered_display": "100.00", "num_branches": 2, "num_partial_branches": 0, "covered_branches": 2, "missing_branches": 0, "percent_branches_covered": 100.0, "percent_branches_covered_display": "100.00"}, "missing_lines": [], "excluded_lines": [], "start_line": 19, "executed_branches": [[23, 24], [23, 25]], "missing_branches": []}, "AuthPassThrough.async_auth_flow": {"executed_lines": [30, 31, 32, 33], "summary": {"covered_lines": 4, "num_statements": 4, "percent_covered": 100.0, "percent_covered_display": "100.00", "missing_lines": 0, "excluded_lines": 0, "percent_statements_covered": 100.0, "percent_statements_covered_display": "100.00", "num_branches": 2, "num_partial_branches": 0, "covered_branches": 2, "missing_branches": 0, "percent_branches_covered": 100.0, "percent_branches_covered_display": "100.00"}, "missing_lines": [], "excluded_lines": [], "start_line": 27, "executed_branches": [[31, 32], [31, 33]], "missing_branches": []}, "": {"executed_lines": [1, 2, 3, 4, 5, 7, 9, 11, 19, 27], "summary": {"covered_lines": 10, "num_statements": 10, "percent_covered": 100.0, "percent_covered_display": "100.00", "missing_lines": 0, "excluded_lines": 1, "percent_statements_covered": 100.0, "percent_statements_covered_display": "100.00", "num_branches": 0, "num_partial_branches": 0, "covered_branches": 0, "missing_branches": 0, "percent_branches_covered": 100.0, "percent_branches_covered_display": "100.00"}, "missing_lines": [], "excluded_lines": [10], "start_line": 1, "executed_branches": [], "missing_branches": []}}, "classes": {"AuthPassThrough": {"executed_lines": [12, 13, 14, 16, 17, 22, 23, 24, 25, 30, 31, 32, 33], "summary": {"covered_lines": 13, "num_statements": 13, "percent_covered": 100.0, "percent_covered_display": "100.00", "missing_lines": 0, "excluded_lines": 0, "percent_statements_covered": 100.0, "percent_statements_covered_display": "100.00", "num_branches": 6, "num_partial_branches": 0, "covered_branches": 6, "missing_branches": 0, "percent_branches_covered": 100.0, "percent_branches_covered_display": "100.00"}, "missing_lines": [], "excluded_lines": [], "start_line": 9, "executed_branches": [[13, 14], [13, 16], [23, 24], [23, 25], [31, 32], [31, 33]], "missing_branches": []}, "": {"executed_lines": [1, 2, 3, 4, 5, 7, 9, 11, 19, 27], "summary": {"covered_lines": 10, "num_statements": 10, "percent_covered": 100.0, "percent_covered_display": "100.00", "missing_lines": 0, "excluded_lines": 1, "percent_statements_covered": 100.0, "percent_statements_covered_display": "100.00", "num_branches": 0, "num_partial_branches": 0, "covered_branches": 0, "missing_branches": 0, "percent_branches_covered": 100.0, "percent_branches_covered_display": "100.00"}, "missing_lines": [], "excluded_lines": [10], "start_line": 1, "executed_branches": [], "missing_branches": []}}}, "src/auth_providers/azure_oauth.py": {"executed_lines": [14, 16, 17, 18, 20, 21, 22, 25, 66, 103, 104, 105, 106, 107, 108, 114, 124, 125, 138, 139, 142, 146, 148, 149, 151, 152, 153, 155, 157, 159, 175, 176, 179, 180, 181, 182, 185, 187, 188, 190, 192, 204, 205, 206, 207, 209, 211, 217, 223, 226, 227, 228, 230, 233, 234, 235], "summary": {"covered_lines": 56, "num_statements": 56, "percent_covered": 100.0, "percent_covered_display": "100.00", "missing_lines": 0, "excluded_lines": 0, "percent_statements_covered": 100.0, "percent_statements_covered_display": "100.00", "num_branches": 8, "num_partial_branches": 0, "covered_branches": 8, "missing_branches": 0, "percent_branches_covered": 100.0, "percent_branches_covered_display": "100.00"}, "missing_lines": [], "excluded_lines": [], "executed_branches": [[151, 152], [151, 153], [175, 176], [175, 179], [180, 181], [180, 185], [209, 211], [209, 217]], "missing_branches": [], "functions": {"AzureOauth.__init__": {"executed_lines": [103, 104, 105, 106, 107, 108], "summary": {"covered_lines": 6, "num_statements": 6, "percent_covered": 100.0, "percent_covered_display": "100.00", "missing_lines": 0, "excluded_lines": 0, "percent_statements_covered": 100.0, "percent_statements_covered_display": "100.00", "num_branches": 0, "num_partial_branches": 0, "covered_branches": 0, "missing_branches": 0, "percent_branches_covered": 100.0, "percent_branches_covered_display": "100.00"}, "missing_lines": [], "excluded_lines": [], "start_line": 66, "executed_branches": [], "missing_branches": []}, "AzureOauth._async_fetch_token": {"executed_lines": [124, 125, 138, 139, 142, 146], "summary": {"covered_lines": 6, "num_statements": 6, "percent_covered": 100.0, "percent_covered_display": "100.00", "missing_lines": 0, "excluded_lines": 0, "percent_statements_covered": 100.0, "percent_statements_covered_display": "100.00", "num_branches": 0, "num_partial_branches": 0, "covered_branches": 0, "missing_branches": 0, "percent_branches_covered": 100.0, "percent_branches_covered_display": "100.00"}, "missing_lines": [], "excluded_lines": [], "start_line": 114, "executed_branches": [], "missing_branches": []}, "AzureOauth._is_token_expired_dict": {"executed_lines": [151, 152, 153], "summary": {"covered_lines": 3, "num_statements": 3, "percent_covered": 100.0, "percent_covered_display": "100.00", "missing_lines": 0, "excluded_lines": 0, "percent_statements_covered": 100.0, "percent_statements_covered_display": "100.00", "num_branches": 2, "num_partial_branches": 0, "covered_branches": 2, "missing_branches": 0, "percent_branches_covered": 100.0, "percent_branches_covered_display": "100.00"}, "missing_lines": [], "excluded_lines": [], "start_line": 149, "executed_branches": [[151, 152], [151, 153]], "missing_branches": []}, "AzureOauth._fetch_token": {"executed_lines": [157], "summary": {"covered_lines": 1, "num_statements": 1, "percent_covered": 100.0, "percent_covered_display": "100.00", "missing_lines": 0, "excluded_lines": 0, "percent_statements_covered": 100.0, "percent_statements_covered_display": "100.00", "num_branches": 0, "num_partial_branches": 0, "covered_branches": 0, "missing_branches": 0, "percent_branches_covered": 100.0, "percent_branches_covered_display": "100.00"}, "missing_lines": [], "excluded_lines": [], "start_line": 155, "executed_branches": [], "missing_branches": []}, "AzureOauth._async_get_token": {"executed_lines": [175, 176, 179, 180, 181, 182, 185, 187, 188, 190], "summary": {"covered_lines": 10, "num_statements": 10, "percent_covered": 100.0, "percent_covered_display": "100.00", "missing_lines": 0, "excluded_lines": 0, "percent_statements_covered": 100.0, "percent_statements_covered_display": "100.00", "num_branches": 4, "num_partial_branches": 0, "covered_branches": 4, "missing_branches": 0, "percent_branches_covered": 100.0, "percent_branches_covered_display": "100.00"}, "missing_lines": [], "excluded_lines": [], "start_line": 159, "executed_branches": [[175, 176], [175, 179], [180, 181], [180, 185]], "missing_branches": []}, "AzureOauth._get_token": {"executed_lines": [204, 205, 206, 207, 209, 211, 217], "summary": {"covered_lines": 7, "num_statements": 7, "percent_covered": 100.0, "percent_covered_display": "100.00", "missing_lines": 0, "excluded_lines": 0, "percent_statements_covered": 100.0, "percent_statements_covered_display": "100.00", "num_branches": 2, "num_partial_branches": 0, "covered_branches": 2, "missing_branches": 0, "percent_branches_covered": 100.0, "percent_branches_covered_display": "100.00"}, "missing_lines": [], "excluded_lines": [], "start_line": 192, "executed_branches": [[209, 211], [209, 217]], "missing_branches": []}, "AzureOauth.auth_flow": {"executed_lines": [226, 227, 228], "summary": {"covered_lines": 3, "num_statements": 3, "percent_covered": 100.0, "percent_covered_display": "100.00", "missing_lines": 0, "excluded_lines": 0, "percent_statements_covered": 100.0, "percent_statements_covered_display": "100.00", "num_branches": 0, "num_partial_branches": 0, "covered_branches": 0, "missing_branches": 0, "percent_branches_covered": 100.0, "percent_branches_covered_display": "100.00"}, "missing_lines": [], "excluded_lines": [], "start_line": 223, "executed_branches": [], "missing_branches": []}, "AzureOauth.async_auth_flow": {"executed_lines": [233, 234, 235], "summary": {"covered_lines": 3, "num_statements": 3, "percent_covered": 100.0, "percent_covered_display": "100.00", "missing_lines": 0, "excluded_lines": 0, "percent_statements_covered": 100.0, "percent_statements_covered_display": "100
[...]
overed_display": "100.00", "missing_lines": 0, "excluded_lines": 0, "percent_statements_covered": 100.0, "percent_statements_covered_display": "100.00", "num_branches": 0, "num_partial_branches": 0, "covered_branches": 0, "missing_branches": 0, "percent_branches_covered": 100.0, "percent_branches_covered_display": "100.00"}, "missing_lines": [], "excluded_lines": [], "start_line": 38, "executed_branches": [], "missing_branches": []}, "ConfigBaseModel": {"executed_lines": [49, 50, 51, 53, 55, 66, 67, 68, 69, 70, 84, 85], "summary": {"covered_lines": 12, "num_statements": 20, "percent_covered": 56.25, "percent_covered_display": "56.25", "missing_lines": 8, "excluded_lines": 0, "percent_statements_covered": 60.0, "percent_statements_covered_display": "60.00", "num_branches": 12, "num_partial_branches": 2, "covered_branches": 6, "missing_branches": 6, "percent_branches_covered": 50.0, "percent_branches_covered_display": "50.00"}, "missing_lines": [52, 56, 57, 58, 59, 60, 61, 62], "excluded_lines": [], "start_line": 43, "executed_branches": [[51, 53], [53, 55], [66, -64], [66, 67], [68, 66], [68, 69]], "missing_branches": [[51, 52], [53, 56], [56, 57], [56, 58], [58, 59], [58, 60]]}, "BearerAuthConfig": {"executed_lines": [], "summary": {"covered_lines": 0, "num_statements": 0, "percent_covered": 100.0, "percent_covered_display": "100.00", "missing_lines": 0, "excluded_lines": 0, "percent_statements_covered": 100.0, "percent_statements_covered_display": "100.00", "num_branches": 0, "num_partial_branches": 0, "covered_branches": 0, "missing_branches": 0, "percent_branches_covered": 100.0, "percent_branches_covered_display": "100.00"}, "missing_lines": [], "excluded_lines": [], "start_line": 87, "executed_branches": [], "missing_branches": []}, "JwtAuthConfig": {"executed_lines": [], "summary": {"covered_lines": 0, "num_statements": 0, "percent_covered": 100.0, "percent_covered_display": "100.00", "missing_lines": 0, "excluded_lines": 0, "percent_statements_covered": 100.0, "percent_statements_covered_display": "100.00", "num_branches": 0, "num_partial_branches": 0, "covered_branches": 0, "missing_branches": 0, "percent_branches_covered": 100.0, "percent_branches_covered_display": "100.00"}, "missing_lines": [], "excluded_lines": [], "start_line": 93, "executed_branches": [], "missing_branches": []}, "AuthConfig": {"executed_lines": [], "summary": {"covered_lines": 0, "num_statements": 0, "percent_covered": 100.0, "percent_covered_display": "100.00", "missing_lines": 0, "excluded_lines": 0, "percent_statements_covered": 100.0, "percent_statements_covered_display": "100.00", "num_branches": 0, "num_partial_branches": 0, "covered_branches": 0, "missing_branches": 0, "percent_branches_covered": 100.0, "percent_branches_covered_display": "100.00"}, "missing_lines": [], "excluded_lines": [], "start_line": 102, "executed_branches": [], "missing_branches": []}, "LlmConfig": {"executed_lines": [], "summary": {"covered_lines": 0, "num_statements": 0, "percent_covered": 100.0, "percent_covered_display": "100.00", "missing_lines": 0, "excluded_lines": 0, "percent_statements_covered": 100.0, "percent_statements_covered_display": "100.00", "num_branches": 0, "num_partial_branches": 0, "covered_branches": 0, "missing_branches": 0, "percent_branches_covered": 100.0, "percent_branches_covered_display": "100.00"}, "missing_lines": [], "excluded_lines": [], "start_line": 108, "executed_branches": [], "missing_branches": []}, "McpFilters": {"executed_lines": [], "summary": {"covered_lines": 0, "num_statements": 0, "percent_covered": 100.0, "percent_covered_display": "100.00", "missing_lines": 0, "excluded_lines": 0, "percent_statements_covered": 100.0, "percent_statements_covered_display": "100.00", "num_branches": 0, "num_partial_branches": 0, "covered_branches": 0, "missing_branches": 0, "percent_branches_covered": 100.0, "percent_branches_covered_display": "100.00"}, "missing_lines": [], "excluded_lines": [], "start_line": 117, "executed_branches": [], "missing_branches": []}, "McpAuthConfig": {"executed_lines": [], "summary": {"covered_lines": 0, "num_statements": 0, "percent_covered": 100.0, "percent_covered_display": "100.00", "missing_lines": 0, "excluded_lines": 0, "percent_statements_covered": 100.0, "percent_statements_covered_display": "100.00", "num_branches": 0, "num_partial_branches": 0, "covered_branches": 0, "missing_branches": 0, "percent_branches_covered": 100.0, "percent_branches_covered_display": "100.00"}, "missing_lines": [], "excluded_lines": [], "start_line": 124, "executed_branches": [], "missing_branches": []}, "McpConfig": {"executed_lines": [174, 175, 176, 177, 178, 180, 181, 204, 205, 206, 208, 209, 212, 213, 214, 215, 222, 223, 230, 231, 232, 233], "summary": {"covered_lines": 22, "num_statements": 38, "percent_covered": 60.3448275862069, "percent_covered_display": "60.34", "missing_lines": 16, "excluded_lines": 0, "percent_statements_covered": 57.89473684210526, "percent_statements_covered_display": "57.89", "num_branches": 20, "num_partial_branches": 3, "covered_branches": 13, "missing_branches": 7, "percent_branches_covered": 65.0, "percent_branches_covered_display": "65.00"}, "missing_lines": [153, 155, 156, 159, 160, 163, 164, 165, 166, 169, 170, 210, 216, 217, 219, 225], "excluded_lines": [], "start_line": 130, "executed_branches": [[174, 175], [174, 180], [175, 176], [175, 177], [177, -172], [177, 178], [180, -172], [180, 181], [204, 205], [204, 208], [209, 212], [213, 214], [223, -183]], "missing_branches": [[155, 156], [155, 159], [209, 210], [213, 216], [216, 217], [216, 219], [223, 225]]}, "ConfigYaml": {"executed_lines": [272, 273, 276, 277, 279, 280, 282, 283, 286, 288], "summary": {"covered_lines": 10, "num_statements": 10, "percent_covered": 100.0, "percent_covered_display": "100.00", "missing_lines": 0, "excluded_lines": 0, "percent_statements_covered": 100.0, "percent_statements_covered_display": "100.00", "num_branches": 6, "num_partial_branches": 0, "covered_branches": 6, "missing_branches": 0, "percent_branches_covered": 100.0, "percent_branches_covered_display": "100.00"}, "missing_lines": [], "excluded_lines": [], "start_line": 235, "executed_branches": [[272, 273], [272, 276], [279, 280], [279, 282], [282, 283], [282, 286]], "missing_branches": []}, "": {"executed_lines": [8, 10, 11, 12, 13, 15, 16, 17, 19, 21, 23, 25, 26, 27, 28, 29, 30, 31, 32, 33, 34, 35, 36, 38, 40, 41, 43, 45, 47, 64, 73, 74, 87, 90, 91, 93, 96, 97, 98, 99, 102, 104, 105, 106, 108, 111, 112, 113, 114, 117, 120, 121, 124, 127, 130, 132, 133, 134, 135, 136, 137, 138, 139, 140, 141, 142, 144, 172, 183, 227, 228, 235, 244, 245, 246, 248, 249], "summary": {"covered_lines": 77, "num_statements": 77, "percent_covered": 100.0, "percent_covered_display": "100.00", "missing_lines": 0, "excluded_lines": 1, "percent_statements_covered": 100.0, "percent_statements_covered_display": "100.00", "num_branches": 0, "num_partial_branches": 0, "covered_branches": 0, "missing_branches": 0, "percent_branches_covered": 100.0, "percent_branches_covered_display": "100.00"}, "missing_lines": [], "excluded_lines": [126], "start_line": 1, "executed_branches": [], "missing_branches": []}}}, "src/tools/env.py": {"executed_lines": [10, 12, 23, 25, 36, 37, 38, 39, 41, 52, 53, 55, 56, 58, 63, 65, 67, 73, 78, 79, 80, 86, 87, 88, 89, 90, 91, 98, 99, 101, 105, 110, 111, 112, 118, 123, 129], "summary": {"covered_lines": 37, "num_statements": 38, "percent_covered": 95.23809523809524, "percent_covered_display": "95.24", "missing_lines": 1, "excluded_lines": 1, "percent_statements_covered": 97.36842105263158, "percent_statements_covered_display": "97.37", "num_branches": 4, "num_partial_branches": 1, "covered_branches": 3, "missing_branches": 1, "percent_branches_covered": 75.0, "percent_branches_covered_display": "75.00"}, "missing_lines": [54], "excluded_lines": [128], "executed_branches": [[53, 55], [55, 56], [55, 58]], "missing_branches": [[53, 54]], "functions": {"getEnvString": {"executed_lines": [23], "summary": {"covered_lines": 1, "num_statements": 1, "percent_covered": 100.0, "percent_covered_display": "100.00", "missing_lines": 0, "excluded_lines": 0, "percent_statements_covered": 100.0, "percent_statements_covered_display": "100.00", "num_branches": 0, "num_partial_branches": 0, "covered_branches": 0, "missing_branches": 0, "percent_branches_covered": 100.0, "percent_branches_covered_display": "100.00"}, "missing_lines": [], "excluded_lines": [], "start_line": 12, "executed_branches": [], "missing_branches": []}, "getEnvInt": {"executed_lines": [36, 37, 38, 39], "summary": {"covered_lines": 4, "num_statements": 4, "percent_covered": 100.0, "percent_covered_display": "100.00", "missing_lines": 0, "excluded_lines": 0, "percent_statements_covered": 100.0, "percent_statements_covered_display": "100.00", "num_branches": 0, "num_partial_branches": 0, "covered_branches": 0, "missing_branches": 0, "percent_branches_covered": 100.0, "percent_branches_covered_display": "100.00"}, "missing_lines": [], "excluded_lines": [], "start_line": 25, "executed_branches": [], "missing_branches": []}, "getEnvBool": {"executed_lines": [52, 53, 55, 56, 58], "summary": {"covered_lines": 5, "num_statements": 6, "percent_covered": 80.0, "percent_covered_display": "80.00", "missing_lines": 1, "excluded_lines": 0, "percent_statements_covered": 83.33333333333333, "percent_statements_covered_display": "83.33", "num_branches": 4, "num_partial_branches": 1, "covered_branches": 3, "missing_branches": 1, "percent_branches_covered": 75.0, "percent_branches_covered_display": "75.00"}, "missing_lines": [54], "excluded_lines": [], "start_line": 41, "executed_branches": [[53, 55], [55, 56], [55, 58]], "missing_branches": [[53, 54]]}, "": {"executed_lines": [10, 12, 25, 41, 63, 65, 67, 73, 78, 79, 80, 86, 87, 88, 89, 90, 91, 98, 99, 101, 105, 110, 111, 112, 118, 123, 129], "summary": {"covered_lines": 27, "num_statements": 27, "percent_covered": 100.0, "percent_covered_display": "100.00", "missing_lines": 0, "excluded_lines": 1, "percent_statements_covered": 100.0, "percent_statements_covered_display": "100.00", "num_branches": 0, "num_partial_branches": 0, "covered_branches": 0, "missing_branches": 0, "percent_branches_covered": 100.0, "percent_branches_covered_display": "100.00"}, "missing_lines": [], "excluded_lines": [128], "start_line": 1, "executed_branches": [], "missing_branches": []}}, "classes": {"": {"executed_lines": [10, 12, 23, 25, 36, 37, 38, 39, 41, 52, 53, 55, 56, 58, 63, 65, 67, 73, 78, 79, 80, 86, 87, 88, 89, 90, 91, 98, 99, 101, 105, 110, 111, 112, 118, 123, 129], "summary": {"covered_lines": 37, "num_statements": 38, "percent_covered": 95.23809523809524, "percent_covered_display": "95.24", "missing_lines": 1, "excluded_lines": 1, "percent_statements_covered": 97.36842105263158, "percent_statements_covered_display": "97.37", "num_branches": 4, "num_partial_branches": 1, "covered_branches": 3, "missing_branches": 1, "percent_branches_covered": 75.0, "percent_branches_covered_display": "75.00"}, "missing_lines": [54], "excluded_lines": [128], "start_line": 1, "executed_branches": [[53, 55], [55, 56], [55, 58]], "missing_branches": [[53, 54]]}}}, "src/tools/env_resolver.py": {"executed_lines": [13, 15, 16, 17, 20, 42, 43, 49, 51, 53, 54, 56, 57, 62, 64, 67, 79, 81, 82, 84, 85, 87, 88, 90, 93, 95, 98, 110, 112, 113, 115, 116, 118, 119, 121, 124, 126, 129, 144, 145, 146, 147, 148, 149, 150], "summary": {"covered_lines": 45, "num_statements": 45, "percent_covered": 100.0, "percent_covered_display": "100.00", "missing_lines": 0, "excluded_lines": 0, "percent_statements_covered": 100.0, "percent_statements_covered_display": "100.00", "num_branches": 26, "num_partial_branches": 0, "covered_branches": 26, "missing_branches": 0, "percent_branches_covered": 100.0, "percent_branches_covered_display": "100.00"}, "missing_lines": [], "excluded_lines": [], "executed_branches": [[42, 43], [42, 49], [56, 57], [56, 62], [81, 82], [81, 95], [82, 84], [82, 85], [85, 87], [85, 88], [88, 90], [88, 93], [112, 113], [112, 126], [113, 115], [113, 116], [116, 118], [116, 119], [119, 121], [119, 124], [144, 145], [144, 146], [146, 147], [146, 148], [148, 149], [148, 150]], "missing_branches": [], "functions": {"resolve_env_var": {"executed_lines": [42, 43, 49, 51, 64], "summary": {"covered_lines": 5, "num_statements": 5, "percent_covered": 100.0, "percent_covered_display": "100.00", "missing_lines": 0, "excluded_lines": 0, "percent_statements_covered": 100.0, "percent_statements_covered_display": "100.00", "num_branches": 2, "num_partial_branches": 0, "covered_branches": 2, "missing_branches": 0, "percent_branches_covered": 100.0, "percent_branches_covered_display": "100.00"}, "missing_lines": [], "excluded_lines": [], "start_line": 20, "executed_branches": [[42, 43], [42, 49]], "missing_branches": []}, "resolve_env_var.replace_var": {"executed_lines": [53, 54, 56, 57, 62], "summary": {"covered_lines": 5, "num_statements": 5, "percent_covered": 100.0, "percent_covered_display": "100.00", "missing_lines": 0, "excluded_lines": 0, "percent_statements_covered": 100.0, "percent_statements_covered_display": "100.00", "num_branches": 2, "num_partial_branches": 0, "covered_branches": 2, "missing_branches": 0, "percent_branches_covered": 100.0, "percent_branches_covered_display": "100.00"}, "missing_lines": [], "excluded_lines": [], "start_line": 51, "executed_branches": [[56, 57], [56, 62]], "missing_branches": []}, "resolve_env_vars_in_dict": {"executed_lines": [79, 81, 82, 84, 85, 87, 88, 90, 93, 95], "summary": {"covered_lines": 10, "num_statements": 10, "percent_covered": 100.0, "percent_covered_display": "100.00", "missing_lines": 0, "excluded_lines": 0, "percent_statements_covered": 100.0, "percent_statements_covered_display": "100.00", "num_branches": 8, "num_partial_branches": 0, "covered_branches": 8, "missing_branches": 0, "percent_branches_covered": 100.0, "percent_branches_covered_display": "100.00"}, "missing_lines": [], "excluded_lines": [], "start_line": 67, "executed_branches": [[81, 82], [81, 95], [82, 84], [82, 85], [85, 87], [85, 88], [88, 90], [88, 93]], "missing_branches": []}, "resolve_env_vars_in_list": {"executed_lines": [110, 112, 113, 115, 116, 118, 119, 121, 124, 126], "summary": {"covered_lines": 10, "num_statements": 10, "percent_covered": 100.0, "percent_covered_display": "100.00", "missing_lines": 0, "excluded_lines": 0, "percent_statements_covered": 100.0, "percent_statements_covered_display": "100.00", "num_branches": 8, "num_partial_branches": 0, "covered_branches": 8, "missing_branches": 0, "percent_branches_covered": 100.0, "percent_branches_covered_display": "100.00"}, "missing_lines": [], "excluded_lines": [], "start_line": 98, "executed_branches": [[112, 113], [112, 126], [113, 115], [113, 116], [116, 118], [116, 119], [119, 121], [119, 124]], "missing_branches": []}, "resolve_env_vars": {"executed_lines": [144, 145, 146, 147, 148, 149, 150], "summary": {"covered_lines": 7, "num_statements": 7, "percent_covered": 100.0, "percent_covered_display": "100.00", "missing_lines": 0, "excluded_lines": 0, "percent_statements_covered": 100.0, "percent_statements_covered_display": "100.00", "num_branches": 6, "num_partial_branches": 0, "covered_branches": 6, "missing_branches": 0, "percent_branches_covered": 100.0, "percent_branches_covered_display": "100.00"}, "missing_lines": [], "excluded_lines": [], "start_line": 129, "executed_branches": [[144, 145], [144, 146], [146, 147], [146, 148], [148, 149], [148, 150]], "missing_branches": []}, "": {"executed_lines": [13, 15, 16, 17, 20, 67, 98, 129], "summary": {"covered_lines": 8, "num_statements": 8, "percent_covered": 100.0, "percent_covered_display": "100.00", "missing_lines": 0, "excluded_lines": 0, "percent_statements_covered": 100.0, "percent_statements_covered_display": "100.00", "num_branches": 0, "num_partial_branches": 0, "covered_branches": 0, "missing_branches": 0, "percent_branches_covered": 100.0, "percent_branches_covered_display": "100.00"}, "missing_lines": [], "excluded_lines": [], "start_line": 1, "executed_branches": [], "missing_branches": []}}, "classes": {"": {"executed_lines": [13, 15, 16, 17, 20, 42, 43, 49, 51, 53, 54, 56, 57, 62, 64, 67, 79, 81, 82, 84, 85, 87, 88, 90, 93, 95, 98, 110, 112, 113, 115, 116, 118, 119, 121, 124, 126, 129, 144, 145, 146, 147, 148, 149, 150], "summary": {"covered_lines": 45, "num_statements": 45, "percent_covered": 100.0, "percent_covered_display": "100.00", "missing_lines": 0, "excluded_lines": 0, "percent_statements_covered": 100.0, "percent_statements_covered_display": "100.00", "num_branches": 26, "num_partial_branches": 0, "covered_branches": 26, "missing_branches": 0, "percent_branches_covered": 100.0, "percent_branches_covered_display": "100.00"}, "missing_lines": [], "excluded_lines": [], "start_line": 1, "executed_branches": [[42, 43], [42, 49], [56, 57], [56, 62], [81, 82], [81, 95], [82, 84], [82, 85], [85, 87], [85, 88], [88, 90], [88, 93], [112, 113], [112, 126], [113, 115], [113, 116], [116, 118], [116, 119], [119, 121], [119, 124], [144, 145], [144, 146], [146, 147], [146, 148], [148, 149], [148, 150]], "missing_branches": []}}}, "src/tools/logging_config.py": {"executed_lines": [28, 30, 33, 68, 75], "summary": {"covered_lines": 5, "num_statements": 5, "percent_covered": 100.0, "percent_covered_display": "100.00", "missing_lines": 0, "excluded_lines": 0, "percent_statements_covered": 100.0, "percent_statements_covered_display": "100.00", "num_branches": 0, "num_partial_branches": 0, "covered_branches": 0, "missing_branches": 0, "percent_branches_covered": 100.0, "percent_branches_covered_display": "100.00"}, "missing_lines": [], "excluded_lines": [], "executed_branches": [], "missing_branches": [], "functions": {"setup_logging": {"executed_lines": [68, 75], "summary": {"covered_lines": 2, "num_statements": 2, "percent_covered": 100.0, "percent_covered_display": "100.00", "missing_lines": 0, "excluded_lines": 0, "percent_statements_covered": 100.0, "percent_statements_covered_display": "100.00", "num_branches": 0, "num_partial_branches": 0, "covered_branches": 0, "missing_branches": 0, "percent_branches_covered": 100.0, "percent_branches_covered_display": "100.00"}, "missing_lines": [], "excluded_lines": [], "start_line": 33, "executed_branches": [], "missing_branches": []}, "": {"executed_lines": [28, 30, 33], "summary": {"covered_lines": 3, "num_statements": 3, "percent_covered": 100.0, "percent_covered_display": "100.00", "missing_lines": 0, "excluded_lines": 0, "percent_statements_covered": 100.0, "percent_statements_covered_display": "100.00", "num_branches": 0, "num_partial_branches": 0, "covered_branches": 0, "missing_branches": 0, "percent_branches_covered": 100.0, "percent_branches_covered_display": "100.00"}, "missing_lines": [], "excluded_lines": [], "start_line": 1, "executed_branches": [], "missing_branches": []}}, "classes": {"": {"executed_lines": [28, 30, 33, 68, 75], "summary": {"covered_lines": 5, "num_statements": 5, "percent_covered": 100.0, "percent_covered_display": "100.00", "missing_lines": 0, "excluded_lines": 0, "percent_statements_covered": 100.0, "percent_statements_covered_display": "100.00", "num_branches": 0, "num_partial_branches": 0, "covered_branches": 0, "missing_branches": 0, "percent_branches_covered": 100.0, "percent_branches_covered_display": "100.00"}, "missing_lines": [], "excluded_lines": [], "start_line": 1, "executed_branches": [], "missing_branches": []}}}}, "totals": {"covered_lines": 1292, "num_statements": 1603, "percent_covered": 78.54654056744648, "percent_covered_display": "78.55", "missing_lines": 311, "excluded_lines": 88, "percent_statements_covered": 80.59887710542732, "percent_statements_covered_display": "80.60", "num_branches": 406, "num_partial_branches": 36, "covered_branches": 286, "missing_branches": 120, "percent_branches_covered": 70.44334975369458, "percent_branches_covered_display": "70.44"}}